-/home/AIPS/31DEC18/APL/SUB/NOTST/ACSHFT.FOR
-/home/AIPS/31DEC18/APL/SUB/NOTST/ACTFRQ.FOR
-/home/AIPS/31DEC18/APL/SUB/NOTST/ADDMAP.FOR
-/home/AIPS/31DEC18/APL/SUB/NOTST/AFRFI.FOR
-/home/AIPS/31DEC18/APL/SUB/NOTST/AGINI.FOR
-/home/AIPS/31DEC18/APL/SUB/NOTST/AGIO.FOR
-/home/AIPS/31DEC18/APL/SUB/NOTST/AGTAB.FOR
-/home/AIPS/31DEC18/APL/SUB/NOTST/AKCESS.FOR
-/home/AIPS/31DEC18/APL/SUB/NOTST/AKCLOS.FOR
-/home/AIPS/31DEC18/APL/SUB/NOTST/AKOPEN.FOR
-/home/AIPS/31DEC18/APL/SUB/NOTST/ALSADD.FOR
-/home/AIPS/31DEC18/APL/SUB/NOTST/ALSASK.FOR
-/home/AIPS/31DEC18/APL/SUB/NOTST/ALSC2H.FOR
-/home/AIPS/31DEC18/APL/SUB/NOTST/ALSDEL.FOR
-/home/AIPS/31DEC18/APL/SUB/NOTST/ALSDMP.FOR
-/home/AIPS/31DEC18/APL/SUB/NOTST/ALSGET.FOR
-/home/AIPS/31DEC18/APL/SUB/NOTST/ALSH2C.FOR
-/home/AIPS/31DEC18/APL/SUB/NOTST/ALSINI.FOR
-/home/AIPS/31DEC18/APL/SUB/NOTST/ALSKEY.FOR
-/home/AIPS/31DEC18/APL/SUB/NOTST/ALSPUT.FOR
-/home/AIPS/31DEC18/APL/SUB/NOTST/AN10RS.FOR
-/home/AIPS/31DEC18/APL/SUB/NOTST/APLPBI.FOR
-/home/AIPS/31DEC18/APL/SUB/NOTST/APPLPB.FOR
-/home/AIPS/31DEC18/APL/SUB/NOTST/ATCONV.FOR
-/home/AIPS/31DEC18/APL/SUB/NOTST/ATFPNT.FOR
-/home/AIPS/31DEC18/APL/SUB/NOTST/ATINI.FOR
-/home/AIPS/31DEC18/APL/SUB/NOTST/ATIO.FOR
-/home/AIPS/31DEC18/APL/SUB/NOTST/ATTAB.FOR
-/home/AIPS/31DEC18/APL/SUB/NOTST/AVERT.FOR
-/home/AIPS/31DEC18/APL/SUB/NOTST/B2J.FOR
-/home/AIPS/31DEC18/APL/SUB/NOTST/BACOOR.FOR
-/home/AIPS/31DEC18/APL/SUB/NOTST/BASAVG.FOR
-/home/AIPS/31DEC18/APL/SUB/NOTST/BASLIN.FOR
-/home/AIPS/31DEC18/APL/SUB/NOTST/BASLST.FOR
-/home/AIPS/31DEC18/APL/SUB/NOTST/BCINI.FOR
-/home/AIPS/31DEC18/APL/SUB/NOTST/BCIO.FOR
-/home/AIPS/31DEC18/APL/SUB/NOTST/BCTAB.FOR
-/home/AIPS/31DEC18/APL/SUB/NOTST/BDINI.FOR
-/home/AIPS/31DEC18/APL/SUB/NOTST/BDN.FOR
-/home/AIPS/31DEC18/APL/SUB/NOTST/BESSJ0.FOR
-/home/AIPS/31DEC18/APL/SUB/NOTST/BGTOSM.FOR
-/home/AIPS/31DEC18/APL/SUB/NOTST/BLGET.FOR
-/home/AIPS/31DEC18/APL/SUB/NOTST/BLINI.FOR
-/home/AIPS/31DEC18/APL/SUB/NOTST/BLREFM.FOR
-/home/AIPS/31DEC18/APL/SUB/NOTST/BLSEL.FOR
-/home/AIPS/31DEC18/APL/SUB/NOTST/BLSET.FOR
-/home/AIPS/31DEC18/APL/SUB/NOTST/BMSHP.FOR
-/home/AIPS/31DEC18/APL/SUB/NOTST/BPASET.FOR
-/home/AIPS/31DEC18/APL/SUB/NOTST/BPCOEF.FOR
-/home/AIPS/31DEC18/APL/SUB/NOTST/BPGET.FOR
-/home/AIPS/31DEC18/APL/SUB/NOTST/BPINI.FOR
-/home/AIPS/31DEC18/APL/SUB/NOTST/BPREFM.FOR
-/home/AIPS/31DEC18/APL/SUB/NOTST/BPSEL.FOR
-/home/AIPS/31DEC18/APL/SUB/NOTST/BPSHFT.FOR
-/home/AIPS/31DEC18/APL/SUB/NOTST/BSC.FOR
-/home/AIPS/31DEC18/APL/SUB/NOTST/BSINI.FOR
-/home/AIPS/31DEC18/APL/SUB/NOTST/BTBSRT.FOR
-/home/AIPS/31DEC18/APL/SUB/NOTST/BTINI.FOR
-/home/AIPS/31DEC18/APL/SUB/NOTST/BTIO.FOR
-/home/AIPS/31DEC18/APL/SUB/NOTST/BTTAB.FOR
-/home/AIPS/31DEC18/APL/SUB/NOTST/BUFPAK.FOR
-/home/AIPS/31DEC18/APL/SUB/NOTST/BUFXPN.FOR
-/home/AIPS/31DEC18/APL/SUB/NOTST/CAINI.FOR
-/home/AIPS/31DEC18/APL/SUB/NOTST/CAIO.FOR
-/home/AIPS/31DEC18/APL/SUB/NOTST/CALADJ.FOR
-/home/AIPS/31DEC18/APL/SUB/NOTST/CALCOP.FOR
-/home/AIPS/31DEC18/APL/SUB/NOTST/CALINI.FOR
-/home/AIPS/31DEC18/APL/SUB/NOTST/CALREF.FOR
-/home/AIPS/31DEC18/APL/SUB/NOTST/CALSEL.FOR
-/home/AIPS/31DEC18/APL/SUB/NOTST/CATAB.FOR
-/home/AIPS/31DEC18/APL/SUB/NOTST/CAXPY.FOR
-/home/AIPS/31DEC18/APL/SUB/NOTST/CCMERG.FOR
-/home/AIPS/31DEC18/APL/SUB/NOTST/CD.FOR
-/home/AIPS/31DEC18/APL/SUB/NOTST/CDINI.FOR
-/home/AIPS/31DEC18/APL/SUB/NOTST/CDSEL.FOR
-/home/AIPS/31DEC18/APL/SUB/NOTST/CFFTB.FOR
-/home/AIPS/31DEC18/APL/SUB/NOTST/CFFTF.FOR
-/home/AIPS/31DEC18/APL/SUB/NOTST/CFFTI.FOR
-/home/AIPS/31DEC18/APL/SUB/NOTST/CGASET.FOR
-/home/AIPS/31DEC18/APL/SUB/NOTST/CGEDI.FOR
-/home/AIPS/31DEC18/APL/SUB/NOTST/CGEFA.FOR
-/home/AIPS/31DEC18/APL/SUB/NOTST/CHEBYD.FOR
-/home/AIPS/31DEC18/APL/SUB/NOTST/CHEBY.FOR
-/home/AIPS/31DEC18/APL/SUB/NOTST/CHECK.FOR
-/home/AIPS/31DEC18/APL/SUB/NOTST/CHKTAB.FOR
-/home/AIPS/31DEC18/APL/SUB/NOTST/CHNCOP.FOR
-/home/AIPS/31DEC18/APL/SUB/NOTST/CHNNCP.FOR
-/home/AIPS/31DEC18/APL/SUB/NOTST/CITC2D.FOR
-/home/AIPS/31DEC18/APL/SUB/NOTST/CITC2I.FOR
-/home/AIPS/31DEC18/APL/SUB/NOTST/CITC2R.FOR
-/home/AIPS/31DEC18/APL/SUB/NOTST/CITCPR.FOR
-/home/AIPS/31DEC18/APL/SUB/NOTST/CITEXP.FOR
-/home/AIPS/31DEC18/APL/SUB/NOTST/CITSKP.FOR
-/home/AIPS/31DEC18/APL/SUB/NOTST/CL2FO.FOR
-/home/AIPS/31DEC18/APL/SUB/NOTST/CLBPA.FOR
-/home/AIPS/31DEC18/APL/SUB/NOTST/CLBSNR.FOR
-/home/AIPS/31DEC18/APL/SUB/NOTST/CLD.FOR
-/home/AIPS/31DEC18/APL/SUB/NOTST/CLNULL.FOR
-/home/AIPS/31DEC18/APL/SUB/NOTST/CLREFM.FOR
-/home/AIPS/31DEC18/APL/SUB/NOTST/CLSEL.FOR
-/home/AIPS/31DEC18/APL/SUB/NOTST/CLSORT.FOR
-/home/AIPS/31DEC18/APL/SUB/NOTST/CMINI.FOR
-/home/AIPS/31DEC18/APL/SUB/NOTST/CMIO.FOR
-/home/AIPS/31DEC18/APL/SUB/NOTST/CMPARM.FOR
-/home/AIPS/31DEC18/APL/SUB/NOTST/CMTAB.FOR
-/home/AIPS/31DEC18/APL/SUB/NOTST/COINC.FOR
-/home/AIPS/31DEC18/APL/SUB/NOTST/COMCLR.FOR
-/home/AIPS/31DEC18/APL/SUB/NOTST/COPMAP.FOR
-/home/AIPS/31DEC18/APL/SUB/NOTST/COPTAB.FOR
-/home/AIPS/31DEC18/APL/SUB/NOTST/CPINI.FOR
-/home/AIPS/31DEC18/APL/SUB/NOTST/CPSEL.FOR
-/home/AIPS/31DEC18/APL/SUB/NOTST/CQINI.FOR
-/home/AIPS/31DEC18/APL/SUB/NOTST/CQMAKE.FOR
-/home/AIPS/31DEC18/APL/SUB/NOTST/CQSEL.FOR
-/home/AIPS/31DEC18/APL/SUB/NOTST/CSCAL.FOR
-/home/AIPS/31DEC18/APL/SUB/NOTST/CSINI.FOR
-/home/AIPS/31DEC18/APL/SUB/NOTST/CSLGET.FOR
-/home/AIPS/31DEC18/APL/SUB/NOTST/CSWAP.FOR
-/home/AIPS/31DEC18/APL/SUB/NOTST/CVLDOP.FOR
-/home/AIPS/31DEC18/APL/SUB/NOTST/DA13.FOR
-/home/AIPS/31DEC18/APL/SUB/NOTST/DA46.FOR
-/home/AIPS/31DEC18/APL/SUB/NOTST/DAPM.FOR
-/home/AIPS/31DEC18/APL/SUB/NOTST/DASUM.FOR
-/home/AIPS/31DEC18/APL/SUB/NOTST/DATBND.FOR
-/home/AIPS/31DEC18/APL/SUB/NOTST/DATCAL.FOR
-/home/AIPS/31DEC18/APL/SUB/NOTST/DATFLG.FOR
-/home/AIPS/31DEC18/APL/SUB/NOTST/DATGET.FOR
-/home/AIPS/31DEC18/APL/SUB/NOTST/DATPAR.FOR
-/home/AIPS/31DEC18/APL/SUB/NOTST/DATPOL.FOR
-/home/AIPS/31DEC18/APL/SUB/NOTST/DAXPY.FOR
-/home/AIPS/31DEC18/APL/SUB/NOTST/DCALSD.FOR
-/home/AIPS/31DEC18/APL/SUB/NOTST/DCODEF.FOR
-/home/AIPS/31DEC18/APL/SUB/NOTST/DCOPY.FOR
-/home/AIPS/31DEC18/APL/SUB/NOTST/DCUV.FOR
-/home/AIPS/31DEC18/APL/SUB/NOTST/DDOT.FOR
-/home/AIPS/31DEC18/APL/SUB/NOTST/DERF.FOR
-/home/AIPS/31DEC18/APL/SUB/NOTST/DETRAT.FOR
-/home/AIPS/31DEC18/APL/SUB/NOTST/DFDOT.FOR
-/home/AIPS/31DEC18/APL/SUB/NOTST/DFITPN.FOR
-/home/AIPS/31DEC18/APL/SUB/NOTST/DFMACH.FOR
-/home/AIPS/31DEC18/APL/SUB/NOTST/DGETSD.FOR
-/home/AIPS/31DEC18/APL/SUB/NOTST/DGGET.FOR
-/home/AIPS/31DEC18/APL/SUB/NOTST/DGHEAD.FOR
-/home/AIPS/31DEC18/APL/SUB/NOTST/DGINIT.FOR
-/home/AIPS/31DEC18/APL/SUB/NOTST/DGNRAO.FOR
-/home/AIPS/31DEC18/APL/SUB/NOTST/DIVMAP.FOR
-/home/AIPS/31DEC18/APL/SUB/NOTST/DLAMCH.FOR
-/home/AIPS/31DEC18/APL/SUB/NOTST/DMACH.FOR
-/home/AIPS/31DEC18/APL/SUB/NOTST/DMAP.FOR
-/home/AIPS/31DEC18/APL/SUB/NOTST/DNRM2.FOR
-/home/AIPS/31DEC18/APL/SUB/NOTST/DOPLR.FOR
-/home/AIPS/31DEC18/APL/SUB/NOTST/DPRE.FOR
-/home/AIPS/31DEC18/APL/SUB/NOTST/DSCAL.FOR
-/home/AIPS/31DEC18/APL/SUB/NOTST/DSICO.FOR
-/home/AIPS/31DEC18/APL/SUB/NOTST/DSIDI.FOR
-/home/AIPS/31DEC18/APL/SUB/NOTST/DSIFA.FOR
-/home/AIPS/31DEC18/APL/SUB/NOTST/DSISL.FOR
-/home/AIPS/31DEC18/APL/SUB/NOTST/DSMEAR.FOR
-/home/AIPS/31DEC18/APL/SUB/NOTST/DSWAP.FOR
-/home/AIPS/31DEC18/APL/SUB/NOTST/DTBAND.FOR
-/home/AIPS/31DEC18/APL/SUB/NOTST/DTCALS.FOR
-/home/AIPS/31DEC18/APL/SUB/NOTST/DTINDX.FOR
-/home/AIPS/31DEC18/APL/SUB/NOTST/DTMATC.FOR
-/home/AIPS/31DEC18/APL/SUB/NOTST/DTPARM.FOR
-/home/AIPS/31DEC18/APL/SUB/NOTST/DTRC.FOR
-/home/AIPS/31DEC18/APL/SUB/NOTST/DUVC.FOR
-/home/AIPS/31DEC18/APL/SUB/NOTST/DVDMIN.FOR
-/home/AIPS/31DEC18/APL/SUB/NOTST/DXYGET.FOR
-/home/AIPS/31DEC18/APL/SUB/NOTST/ECALC.FOR
-/home/AIPS/31DEC18/APL/SUB/NOTST/EPS.FOR
-/home/AIPS/31DEC18/APL/SUB/NOTST/ERF.FOR
-/home/AIPS/31DEC18/APL/SUB/NOTST/FACSET.FOR
-/home/AIPS/31DEC18/APL/SUB/NOTST/FFTMC.FOR
-/home/AIPS/31DEC18/APL/SUB/NOTST/FFTV2.FOR
-/home/AIPS/31DEC18/APL/SUB/NOTST/FGREFM.FOR
-/home/AIPS/31DEC18/APL/SUB/NOTST/FGSEL.FOR
-/home/AIPS/31DEC18/APL/SUB/NOTST/FILDEF.FOR
-/home/AIPS/31DEC18/APL/SUB/NOTST/FILSWP.FOR
-/home/AIPS/31DEC18/APL/SUB/NOTST/FINDUV.FOR
-/home/AIPS/31DEC18/APL/SUB/NOTST/FINDVO.FOR
-/home/AIPS/31DEC18/APL/SUB/NOTST/FLAGUP.FOR
-/home/AIPS/31DEC18/APL/SUB/NOTST/FLAT.FOR
-/home/AIPS/31DEC18/APL/SUB/NOTST/FLGINI.FOR
-/home/AIPS/31DEC18/APL/SUB/NOTST/FLGSTK.FOR
-/home/AIPS/31DEC18/APL/SUB/NOTST/FLINI.FOR
-/home/AIPS/31DEC18/APL/SUB/NOTST/FNDPOL.FOR
-/home/AIPS/31DEC18/APL/SUB/NOTST/FNDSOU.FOR
-/home/AIPS/31DEC18/APL/SUB/NOTST/FNDSPX.FOR
-/home/AIPS/31DEC18/APL/SUB/NOTST/FNDVAR.FOR
-/home/AIPS/31DEC18/APL/SUB/NOTST/FOURG.FOR
-/home/AIPS/31DEC18/APL/SUB/NOTST/FOURYF.FOR
-/home/AIPS/31DEC18/APL/SUB/NOTST/FQFTAB.FOR
-/home/AIPS/31DEC18/APL/SUB/NOTST/FQMATC.FOR
-/home/AIPS/31DEC18/APL/SUB/NOTST/FRINI.FOR
-/home/AIPS/31DEC18/APL/SUB/NOTST/FRIO.FOR
-/home/AIPS/31DEC18/APL/SUB/NOTST/FRQTAB.FOR
-/home/AIPS/31DEC18/APL/SUB/NOTST/FRQUPD.FOR
-/home/AIPS/31DEC18/APL/SUB/NOTST/FRTAB.FOR
-/home/AIPS/31DEC18/APL/SUB/NOTST/FXSEG.FOR
-/home/AIPS/31DEC18/APL/SUB/NOTST/GACSIN.FOR
-/home/AIPS/31DEC18/APL/SUB/NOTST/GAINI.FOR
-/home/AIPS/31DEC18/APL/SUB/NOTST/GAININ.FOR
-/home/AIPS/31DEC18/APL/SUB/NOTST/GCALC1.FOR
-/home/AIPS/31DEC18/APL/SUB/NOTST/GCALC2.FOR
-/home/AIPS/31DEC18/APL/SUB/NOTST/GCALC.FOR
-/home/AIPS/31DEC18/APL/SUB/NOTST/GCINI.FOR
-/home/AIPS/31DEC18/APL/SUB/NOTST/GCSEL.FOR
-/home/AIPS/31DEC18/APL/SUB/NOTST/GENKEY.FOR
-/home/AIPS/31DEC18/APL/SUB/NOTST/GEODLL.FOR
-/home/AIPS/31DEC18/APL/SUB/NOTST/GEOPOS.FOR
-/home/AIPS/31DEC18/APL/SUB/NOTST/GEOXYZ.FOR
-/home/AIPS/31DEC18/APL/SUB/NOTST/GET1VS.FOR
-/home/AIPS/31DEC18/APL/SUB/NOTST/GETANT.FOR
-/home/AIPS/31DEC18/APL/SUB/NOTST/GETCDS.FOR
-/home/AIPS/31DEC18/APL/SUB/NOTST/GETCTL.FOR
-/home/AIPS/31DEC18/APL/SUB/NOTST/GETDEL.FOR
-/home/AIPS/31DEC18/APL/SUB/NOTST/GETFQ.FOR
-/home/AIPS/31DEC18/APL/SUB/NOTST/GETFRQ.FOR
-/home/AIPS/31DEC18/APL/SUB/NOTST/GETMBD.FOR
-/home/AIPS/31DEC18/APL/SUB/NOTST/GETMC.FOR
-/home/AIPS/31DEC18/APL/SUB/NOTST/GETNAN.FOR
-/home/AIPS/31DEC18/APL/SUB/NOTST/GETNCL.FOR
-/home/AIPS/31DEC18/APL/SUB/NOTST/GETNX.FOR
-/home/AIPS/31DEC18/APL/SUB/NOTST/GETROW.FOR
-/home/AIPS/31DEC18/APL/SUB/NOTST/GETSIP.FOR
-/home/AIPS/31DEC18/APL/SUB/NOTST/GETSOU.FOR
-/home/AIPS/31DEC18/APL/SUB/NOTST/GETSTN.FOR
-/home/AIPS/31DEC18/APL/SUB/NOTST/GETTIM.FOR
-/home/AIPS/31DEC18/APL/SUB/NOTST/GETWIN.FOR
-/home/AIPS/31DEC18/APL/SUB/NOTST/GM.FOR
-/home/AIPS/31DEC18/APL/SUB/NOTST/GNINI.FOR
-/home/AIPS/31DEC18/APL/SUB/NOTST/GNSMO.FOR
-/home/AIPS/31DEC18/APL/SUB/NOTST/GPINI.FOR
-/home/AIPS/31DEC18/APL/SUB/NOTST/GRDAT.FOR
-/home/AIPS/31DEC18/APL/SUB/NOTST/GRD.FOR
-/home/AIPS/31DEC18/APL/SUB/NOTST/GRDSET.FOR
-/home/AIPS/31DEC18/APL/SUB/NOTST/GRIDTB.FOR
-/home/AIPS/31DEC18/APL/SUB/NOTST/GSTROT.FOR
-/home/AIPS/31DEC18/APL/SUB/NOTST/GTBWRT.FOR
-/home/AIPS/31DEC18/APL/SUB/NOTST/GTF3D.FOR
-/home/AIPS/31DEC18/APL/SUB/NOTST/GTNAME.FOR
-/home/AIPS/31DEC18/APL/SUB/NOTST/GTPAIR.FOR
-/home/AIPS/31DEC18/APL/SUB/NOTST/HFINI.FOR
-/home/AIPS/31DEC18/APL/SUB/NOTST/ICAMAX.FOR
-/home/AIPS/31DEC18/APL/SUB/NOTST/ICSORT.FOR
-/home/AIPS/31DEC18/APL/SUB/NOTST/IDAMAX.FOR
-/home/AIPS/31DEC18/APL/SUB/NOTST/IKEY.FOR
-/home/AIPS/31DEC18/APL/SUB/NOTST/IMCREA.FOR
-/home/AIPS/31DEC18/APL/SUB/NOTST/IMHCOR.FOR
-/home/AIPS/31DEC18/APL/SUB/NOTST/IMINI.FOR
-/home/AIPS/31DEC18/APL/SUB/NOTST/IMINIT.FOR
-/home/AIPS/31DEC18/APL/SUB/NOTST/IMIO.FOR
-/home/AIPS/31DEC18/APL/SUB/NOTST/IMREF1.FOR
-/home/AIPS/31DEC18/APL/SUB/NOTST/IMSEL.FOR
-/home/AIPS/31DEC18/APL/SUB/NOTST/IMSORT.FOR
-/home/AIPS/31DEC18/APL/SUB/NOTST/IMTAB.FOR
-/home/AIPS/31DEC18/APL/SUB/NOTST/IMTQL2.FOR
-/home/AIPS/31DEC18/APL/SUB/NOTST/IMWIN.FOR
-/home/AIPS/31DEC18/APL/SUB/NOTST/INDXIN.FOR
-/home/AIPS/31DEC18/APL/SUB/NOTST/INTERP.FOR
-/home/AIPS/31DEC18/APL/SUB/NOTST/INTMIO.FOR
-/home/AIPS/31DEC18/APL/SUB/NOTST/INVERT.FOR
-/home/AIPS/31DEC18/APL/SUB/NOTST/IOBSRC.FOR
-/home/AIPS/31DEC18/APL/SUB/NOTST/ISPRIM.FOR
-/home/AIPS/31DEC18/APL/SUB/NOTST/ITBSRT.FOR
-/home/AIPS/31DEC18/APL/SUB/NOTST/J2B.FOR
-/home/AIPS/31DEC18/APL/SUB/NOTST/JPLEPH.FOR
-/home/AIPS/31DEC18/APL/SUB/NOTST/JPRECS.FOR
-/home/AIPS/31DEC18/APL/SUB/NOTST/JPRENU.FOR
-/home/AIPS/31DEC18/APL/SUB/NOTST/KEYIN.FOR
-/home/AIPS/31DEC18/APL/SUB/NOTST/L1.FOR
-/home/AIPS/31DEC18/APL/SUB/NOTST/LEASQR.FOR
-/home/AIPS/31DEC18/APL/SUB/NOTST/LG2BIT.FOR
-/home/AIPS/31DEC18/APL/SUB/NOTST/LINIO.FOR
-/home/AIPS/31DEC18/APL/SUB/NOTST/LISRAN.FOR
-/home/AIPS/31DEC18/APL/SUB/NOTST/LSAME.FOR
-/home/AIPS/31DEC18/APL/SUB/NOTST/LXYPOL.FOR
-/home/AIPS/31DEC18/APL/SUB/NOTST/MACHIN.FOR
-/home/AIPS/31DEC18/APL/SUB/NOTST/MADD.FOR
-/home/AIPS/31DEC18/APL/SUB/NOTST/MAGDIP.FOR
-/home/AIPS/31DEC18/APL/SUB/NOTST/MAKGAU.FOR
-/home/AIPS/31DEC18/APL/SUB/NOTST/MAKNAM.FOR
-/home/AIPS/31DEC18/APL/SUB/NOTST/MAKTAB.FOR
-/home/AIPS/31DEC18/APL/SUB/NOTST/MBDREF.FOR
-/home/AIPS/31DEC18/APL/SUB/NOTST/MCINI.FOR
-/home/AIPS/31DEC18/APL/SUB/NOTST/MCOPY.FOR
-/home/AIPS/31DEC18/APL/SUB/NOTST/MCSEL.FOR
-/home/AIPS/31DEC18/APL/SUB/NOTST/MCTAB.FOR
-/home/AIPS/31DEC18/APL/SUB/NOTST/MFILL.FOR
-/home/AIPS/31DEC18/APL/SUB/NOTST/MLTMAP.FOR
-/home/AIPS/31DEC18/APL/SUB/NOTST/NCALC.FOR
-/home/AIPS/31DEC18/APL/SUB/NOTST/NDXINI.FOR
-/home/AIPS/31DEC18/APL/SUB/NOTST/NEVAL.FOR
-/home/AIPS/31DEC18/APL/SUB/NOTST/NQTOCF.FOR
-/home/AIPS/31DEC18/APL/SUB/NOTST/NQTOCS.FOR
-/home/AIPS/31DEC18/APL/SUB/NOTST/NULB.FOR
-/home/AIPS/31DEC18/APL/SUB/NOTST/NUT2.FOR
-/home/AIPS/31DEC18/APL/SUB/NOTST/NUT4.FOR
-/home/AIPS/31DEC18/APL/SUB/NOTST/NUTATE.FOR
-/home/AIPS/31DEC18/APL/SUB/NOTST/NXCHCK.FOR
-/home/AIPS/31DEC18/APL/SUB/NOTST/NXTFLG.FOR
-/home/AIPS/31DEC18/APL/SUB/NOTST/OBINI.FOR
-/home/AIPS/31DEC18/APL/SUB/NOTST/OBREFM.FOR
-/home/AIPS/31DEC18/APL/SUB/NOTST/OE2VEC.FOR
-/home/AIPS/31DEC18/APL/SUB/NOTST/OFINI.FOR
-/home/AIPS/31DEC18/APL/SUB/NOTST/ORBERR.FOR
-/home/AIPS/31DEC18/APL/SUB/NOTST/ORBIT.FOR
-/home/AIPS/31DEC18/APL/SUB/NOTST/ORIPOL.FOR
-/home/AIPS/31DEC18/APL/SUB/NOTST/OTBSRT.FOR
-/home/AIPS/31DEC18/APL/SUB/NOTST/OTTINI.FOR
-/home/AIPS/31DEC18/APL/SUB/NOTST/PAD.FOR
-/home/AIPS/31DEC18/APL/SUB/NOTST/PARANG.FOR
-/home/AIPS/31DEC18/APL/SUB/NOTST/PCFITR.FOR
-/home/AIPS/31DEC18/APL/SUB/NOTST/PCINI.FOR
-/home/AIPS/31DEC18/APL/SUB/NOTST/PCSEL.FOR
-/home/AIPS/31DEC18/APL/SUB/NOTST/PDINI.FOR
-/home/AIPS/31DEC18/APL/SUB/NOTST/PDRGET.FOR
-/home/AIPS/31DEC18/APL/SUB/NOTST/PDRSET.FOR
-/home/AIPS/31DEC18/APL/SUB/NOTST/PDSEL.FOR
-/home/AIPS/31DEC18/APL/SUB/NOTST/PHINI.FOR
-/home/AIPS/31DEC18/APL/SUB/NOTST/PLNPUT.FOR
-/home/AIPS/31DEC18/APL/SUB/NOTST/POLCHK.FOR
-/home/AIPS/31DEC18/APL/SUB/NOTST/POLINO.FOR
-/home/AIPS/31DEC18/APL/SUB/NOTST/POLSET.FOR
-/home/AIPS/31DEC18/APL/SUB/NOTST/POLVIS.FOR
-/home/AIPS/31DEC18/APL/SUB/NOTST/PRECES.FOR
-/home/AIPS/31DEC18/APL/SUB/NOTST/PRMUPD.FOR
-/home/AIPS/31DEC18/APL/SUB/NOTST/PROPOE.FOR
-/home/AIPS/31DEC18/APL/SUB/NOTST/PRTERR.FOR
-/home/AIPS/31DEC18/APL/SUB/NOTST/PSHIFT.FOR
-/home/AIPS/31DEC18/APL/SUB/NOTST/PTF3D.FOR
-/home/AIPS/31DEC18/APL/SUB/NOTST/PTIME.FOR
-/home/AIPS/31DEC18/APL/SUB/NOTST/QKSORT.FOR
-/home/AIPS/31DEC18/APL/SUB/NOTST/R3DTAB.FOR
-/home/AIPS/31DEC18/APL/SUB/NOTST/REFCNT.FOR
-/home/AIPS/31DEC18/APL/SUB/NOTST/REFFAZ.FOR
-/home/AIPS/31DEC18/APL/SUB/NOTST/REIMIO.FOR
-/home/AIPS/31DEC18/APL/SUB/NOTST/RESID.FOR
-/home/AIPS/31DEC18/APL/SUB/NOTST/RFFTF.FOR
-/home/AIPS/31DEC18/APL/SUB/NOTST/RNXCLS.FOR
-/home/AIPS/31DEC18/APL/SUB/NOTST/RNXGET.FOR
-/home/AIPS/31DEC18/APL/SUB/NOTST/RNXINI.FOR
-/home/AIPS/31DEC18/APL/SUB/NOTST/RNXUPD.FOR
-/home/AIPS/31DEC18/APL/SUB/NOTST/RUVTAB.FOR
-/home/AIPS/31DEC18/APL/SUB/NOTST/RWTAB.FOR
-/home/AIPS/31DEC18/APL/SUB/NOTST/SDCGET.FOR
-/home/AIPS/31DEC18/APL/SUB/NOTST/SDCSET.FOR
-/home/AIPS/31DEC18/APL/SUB/NOTST/SDGET.FOR
-/home/AIPS/31DEC18/APL/SUB/NOTST/SELINI.FOR
-/home/AIPS/31DEC18/APL/SUB/NOTST/SET1VS.FOR
-/home/AIPS/31DEC18/APL/SUB/NOTST/SETGDS.FOR
-/home/AIPS/31DEC18/APL/SUB/NOTST/SETGRD.FOR
-/home/AIPS/31DEC18/APL/SUB/NOTST/SETSM.FOR
-/home/AIPS/31DEC18/APL/SUB/NOTST/SETSTK.FOR
-/home/AIPS/31DEC18/APL/SUB/NOTST/SIDERL.FOR
-/home/AIPS/31DEC18/APL/SUB/NOTST/SLAMCH.FOR
-/home/AIPS/31DEC18/APL/SUB/NOTST/SLCTD.FOR
-/home/AIPS/31DEC18/APL/SUB/NOTST/SLVKEP.FOR
-/home/AIPS/31DEC18/APL/SUB/NOTST/SMOSP.FOR
-/home/AIPS/31DEC18/APL/SUB/NOTST/SMTOBG.FOR
-/home/AIPS/31DEC18/APL/SUB/NOTST/SN2CL.FOR
-/home/AIPS/31DEC18/APL/SUB/NOTST/SNAMBG.FOR
-/home/AIPS/31DEC18/APL/SUB/NOTST/SNAPP.FOR
-/home/AIPS/31DEC18/APL/SUB/NOTST/SNINI.FOR
-/home/AIPS/31DEC18/APL/SUB/NOTST/SNREFM.FOR
-/home/AIPS/31DEC18/APL/SUB/NOTST/SNRESC.FOR
-/home/AIPS/31DEC18/APL/SUB/NOTST/SNSEL.FOR
-/home/AIPS/31DEC18/APL/SUB/NOTST/SOINI.FOR
-/home/AIPS/31DEC18/APL/SUB/NOTST/SOIO.FOR
-/home/AIPS/31DEC18/APL/SUB/NOTST/SOTAB.FOR
-/home/AIPS/31DEC18/APL/SUB/NOTST/SOUELV.FOR
-/home/AIPS/31DEC18/APL/SUB/NOTST/SOUFIL.FOR
-/home/AIPS/31DEC18/APL/SUB/NOTST/SOUFND.FOR
-/home/AIPS/31DEC18/APL/SUB/NOTST/SOUNDX.FOR
-/home/AIPS/31DEC18/APL/SUB/NOTST/SOURNU.FOR
-/home/AIPS/31DEC18/APL/SUB/NOTST/SPHFN.FOR
-/home/AIPS/31DEC18/APL/SUB/NOTST/SPINTP.FOR
-/home/AIPS/31DEC18/APL/SUB/NOTST/STEP.FOR
-/home/AIPS/31DEC18/APL/SUB/NOTST/STRTKN.FOR
-/home/AIPS/31DEC18/APL/SUB/NOTST/SUBMAP.FOR
-/home/AIPS/31DEC18/APL/SUB/NOTST/SUMARY.FOR
-/home/AIPS/31DEC18/APL/SUB/NOTST/SUSEL.FOR
-/home/AIPS/31DEC18/APL/SUB/NOTST/SVANDT.FOR
-/home/AIPS/31DEC18/APL/SUB/NOTST/SYINI.FOR
-/home/AIPS/31DEC18/APL/SUB/NOTST/SYSEL.FOR
-/home/AIPS/31DEC18/APL/SUB/NOTST/TABAPP.FOR
-/home/AIPS/31DEC18/APL/SUB/NOTST/TABAXI.FOR
-/home/AIPS/31DEC18/APL/SUB/NOTST/TABBD.FOR
-/home/AIPS/31DEC18/APL/SUB/NOTST/TABBL.FOR
-/home/AIPS/31DEC18/APL/SUB/NOTST/TABBP.FOR
-/home/AIPS/31DEC18/APL/SUB/NOTST/TABBS.FOR
-/home/AIPS/31DEC18/APL/SUB/NOTST/TABCAL.FOR
-/home/AIPS/31DEC18/APL/SUB/NOTST/TABCD.FOR
-/home/AIPS/31DEC18/APL/SUB/NOTST/TABCP.FOR
-/home/AIPS/31DEC18/APL/SUB/NOTST/TABCQ.FOR
-/home/AIPS/31DEC18/APL/SUB/NOTST/TABCS.FOR
-/home/AIPS/31DEC18/APL/SUB/NOTST/TABFL.FOR
-/home/AIPS/31DEC18/APL/SUB/NOTST/TABFLG.FOR
-/home/AIPS/31DEC18/APL/SUB/NOTST/TABFRM.FOR
-/home/AIPS/31DEC18/APL/SUB/NOTST/TABGA.FOR
-/home/AIPS/31DEC18/APL/SUB/NOTST/TABGC.FOR
-/home/AIPS/31DEC18/APL/SUB/NOTST/TABGN.FOR
-/home/AIPS/31DEC18/APL/SUB/NOTST/TABGP.FOR
-/home/AIPS/31DEC18/APL/SUB/NOTST/TABHDK.FOR
-/home/AIPS/31DEC18/APL/SUB/NOTST/TABHDR.FOR
-/home/AIPS/31DEC18/APL/SUB/NOTST/TABHF.FOR
-/home/AIPS/31DEC18/APL/SUB/NOTST/TABIM.FOR
-/home/AIPS/31DEC18/APL/SUB/NOTST/TABNDX.FOR
-/home/AIPS/31DEC18/APL/SUB/NOTST/TABOB.FOR
-/home/AIPS/31DEC18/APL/SUB/NOTST/TABOF.FOR
-/home/AIPS/31DEC18/APL/SUB/NOTST/TABOTT.FOR
-/home/AIPS/31DEC18/APL/SUB/NOTST/TABPC.FOR
-/home/AIPS/31DEC18/APL/SUB/NOTST/TABPD.FOR
-/home/AIPS/31DEC18/APL/SUB/NOTST/TABPH.FOR
-/home/AIPS/31DEC18/APL/SUB/NOTST/TABREQ.FOR
-/home/AIPS/31DEC18/APL/SUB/NOTST/TABSN.FOR
-/home/AIPS/31DEC18/APL/SUB/NOTST/TABSPC.FOR
-/home/AIPS/31DEC18/APL/SUB/NOTST/TABSRT.FOR
-/home/AIPS/31DEC18/APL/SUB/NOTST/TABSY.FOR
-/home/AIPS/31DEC18/APL/SUB/NOTST/TABTS.FOR
-/home/AIPS/31DEC18/APL/SUB/NOTST/TABTY.FOR
-/home/AIPS/31DEC18/APL/SUB/NOTST/TAUORB.FOR
-/home/AIPS/31DEC18/APL/SUB/NOTST/TBTIME.FOR
-/home/AIPS/31DEC18/APL/SUB/NOTST/TFILTR.FOR
-/home/AIPS/31DEC18/APL/SUB/NOTST/TPIOHD.FOR
-/home/AIPS/31DEC18/APL/SUB/NOTST/TPSHFT.FOR
-/home/AIPS/31DEC18/APL/SUB/NOTST/TRED2.FOR
-/home/AIPS/31DEC18/APL/SUB/NOTST/TSINI.FOR
-/home/AIPS/31DEC18/APL/SUB/NOTST/TYINI.FOR
-/home/AIPS/31DEC18/APL/SUB/NOTST/TYSEL.FOR
-/home/AIPS/31DEC18/APL/SUB/NOTST/UVDOUT.FOR
-/home/AIPS/31DEC18/APL/SUB/NOTST/UVDPAD.FOR
-/home/AIPS/31DEC18/APL/SUB/NOTST/UVGET.FOR
-/home/AIPS/31DEC18/APL/SUB/NOTST/UVTIME.FOR
-/home/AIPS/31DEC18/APL/SUB/NOTST/UVZRWT.FOR
-/home/AIPS/31DEC18/APL/SUB/NOTST/VBPREC.FOR
-/home/AIPS/31DEC18/APL/SUB/NOTST/VEC2OE.FOR
-/home/AIPS/31DEC18/APL/SUB/NOTST/VECWIN.FOR
-/home/AIPS/31DEC18/APL/SUB/NOTST/VELPIX.FOR
-/home/AIPS/31DEC18/APL/SUB/NOTST/VISCNT.FOR
-/home/AIPS/31DEC18/APL/SUB/NOTST/VISPCK.FOR
-/home/AIPS/31DEC18/APL/SUB/NOTST/VISUNP.FOR
-/home/AIPS/31DEC18/APL/SUB/NOTST/VLBPOL.FOR
-/home/AIPS/31DEC18/APL/SUB/NOTST/VTTELL.FOR
-/home/AIPS/31DEC18/APL/SUB/NOTST/WTSHFT.FOR
-/home/AIPS/31DEC18/APL/SUB/NOTST/XCSHNQ.FOR
