-/home/AIPS/31DEC18/APL/SUB/OOP/APDEVICE.FOR
-/home/AIPS/31DEC18/APL/SUB/OOP/ARRAYDESC.FOR
-/home/AIPS/31DEC18/APL/SUB/OOP/ARRAY.FOR
-/home/AIPS/31DEC18/APL/SUB/OOP/ARRAYPNT.FOR
-/home/AIPS/31DEC18/APL/SUB/OOP/ARRAYSTAT.FOR
-/home/AIPS/31DEC18/APL/SUB/OOP/BEAM.FOR
-/home/AIPS/31DEC18/APL/SUB/OOP/BPEDIT.FOR
-/home/AIPS/31DEC18/APL/SUB/OOP/CALEDIT.FOR
-/home/AIPS/31DEC18/APL/SUB/OOP/CLEAN.FOR
-/home/AIPS/31DEC18/APL/SUB/OOP/CXIMAGE.FOR
-/home/AIPS/31DEC18/APL/SUB/OOP/CXUTIL.FOR
-/home/AIPS/31DEC18/APL/SUB/OOP/EDIT.FOR
-/home/AIPS/31DEC18/APL/SUB/OOP/FILENAME.FOR
-/home/AIPS/31DEC18/APL/SUB/OOP/FILESTATUS.FOR
-/home/AIPS/31DEC18/APL/SUB/OOP/GENERIC.FOR
-/home/AIPS/31DEC18/APL/SUB/OOP/HISTORY.FOR
-/home/AIPS/31DEC18/APL/SUB/OOP/IMAGEDESC.FOR
-/home/AIPS/31DEC18/APL/SUB/OOP/IMAGE.FOR
-/home/AIPS/31DEC18/APL/SUB/OOP/IMAGEUTIL.FOR
-/home/AIPS/31DEC18/APL/SUB/OOP/INPUT.FOR
-/home/AIPS/31DEC18/APL/SUB/OOP/INTERPLATE.FOR
-/home/AIPS/31DEC18/APL/SUB/OOP/OBJMNGR.FOR
-/home/AIPS/31DEC18/APL/SUB/OOP/POSITION.FOR
-/home/AIPS/31DEC18/APL/SUB/OOP/PRINTER.FOR
-/home/AIPS/31DEC18/APL/SUB/OOP/TABLE.FOR
-/home/AIPS/31DEC18/APL/SUB/OOP/TABLEUTIL.FOR
-/home/AIPS/31DEC18/APL/SUB/OOP/TVDEVICE.FOR
-/home/AIPS/31DEC18/APL/SUB/OOP/TVUTIL.FOR
-/home/AIPS/31DEC18/APL/SUB/OOP/UTILITY.FOR
-/home/AIPS/31DEC18/APL/SUB/OOP/UVDATA.FOR
-/home/AIPS/31DEC18/APL/SUB/OOP/UVDESC.FOR
-/home/AIPS/31DEC18/APL/SUB/OOP/UVPHAS.FOR
-/home/AIPS/31DEC18/APL/SUB/OOP/UVUTIL.FOR
-/home/AIPS/31DEC18/APL/SUB/OOP/VECTOR.FOR
-/home/AIPS/31DEC18/APL/SUB/OOP/VELOCITY.FOR
