-/home/AIPS/31DEC18/APL/PGM/AHIST.FOR
-/home/AIPS/31DEC18/APL/PGM/AVTP.FOR
-/home/AIPS/31DEC18/APL/PGM/BSROT.FOR
-/home/AIPS/31DEC18/APL/PGM/CC2IM.FOR
-/home/AIPS/31DEC18/APL/PGM/CENTR.FOR
-/home/AIPS/31DEC18/APL/PGM/CHKFC.FOR
-/home/AIPS/31DEC18/APL/PGM/COMB.FOR
-/home/AIPS/31DEC18/APL/PGM/CORFQ.FOR
-/home/AIPS/31DEC18/APL/PGM/CPYRT.FOR
-/home/AIPS/31DEC18/APL/PGM/DIFUV.FOR
-/home/AIPS/31DEC18/APL/PGM/DISKU.FOR
-/home/AIPS/31DEC18/APL/PGM/DRCHK.FOR
-/home/AIPS/31DEC18/APL/PGM/DSORC.FOR
-/home/AIPS/31DEC18/APL/PGM/DSTOK.FOR
-/home/AIPS/31DEC18/APL/PGM/FIXAN.FOR
-/home/AIPS/31DEC18/APL/PGM/HISEQ.FOR
-/home/AIPS/31DEC18/APL/PGM/MCUBE.FOR
-/home/AIPS/31DEC18/APL/PGM/MF2ST.FOR
-/home/AIPS/31DEC18/APL/PGM/MODAB.FOR
-/home/AIPS/31DEC18/APL/PGM/MODIM.FOR
-/home/AIPS/31DEC18/APL/PGM/MODSP.FOR
-/home/AIPS/31DEC18/APL/PGM/MOVE.FOR
-/home/AIPS/31DEC18/APL/PGM/NANS.FOR
-/home/AIPS/31DEC18/APL/PGM/NOBAT.FOR
-/home/AIPS/31DEC18/APL/PGM/OTFIN.FOR
-/home/AIPS/31DEC18/APL/PGM/PBCOR.FOR
-/home/AIPS/31DEC18/APL/PGM/PRTAB.FOR
-/home/AIPS/31DEC18/APL/PGM/PRTAC.FOR
-/home/AIPS/31DEC18/APL/PGM/PRTCC.FOR
-/home/AIPS/31DEC18/APL/PGM/PRTIM.FOR
-/home/AIPS/31DEC18/APL/PGM/PRTPL.FOR
-/home/AIPS/31DEC18/APL/PGM/PRTTP.FOR
-/home/AIPS/31DEC18/APL/PGM/QMSPL.FOR
-/home/AIPS/31DEC18/APL/PGM/QUXTR.FOR
-/home/AIPS/31DEC18/APL/PGM/REAMP.FOR
-/home/AIPS/31DEC18/APL/PGM/REMAG.FOR
-/home/AIPS/31DEC18/APL/PGM/RESEQ.FOR
-/home/AIPS/31DEC18/APL/PGM/REWGT.FOR
-/home/AIPS/31DEC18/APL/PGM/RFARS.FOR
-/home/AIPS/31DEC18/APL/PGM/RTIME.FOR
-/home/AIPS/31DEC18/APL/PGM/SAD.FOR
-/home/AIPS/31DEC18/APL/PGM/SCLIM.FOR
-/home/AIPS/31DEC18/APL/PGM/SDLSF.FOR
-/home/AIPS/31DEC18/APL/PGM/SDMOD.FOR
-/home/AIPS/31DEC18/APL/PGM/SLFIT.FOR
-/home/AIPS/31DEC18/APL/PGM/SLPRT.FOR
-/home/AIPS/31DEC18/APL/PGM/SPCOR.FOR
-/home/AIPS/31DEC18/APL/PGM/SPIXR.FOR
-/home/AIPS/31DEC18/APL/PGM/SQASH.FOR
-/home/AIPS/31DEC18/APL/PGM/STACK.FOR
-/home/AIPS/31DEC18/APL/PGM/STFND.FOR
-/home/AIPS/31DEC18/APL/PGM/SUBIM.FOR
-/home/AIPS/31DEC18/APL/PGM/SUMIM.FOR
-/home/AIPS/31DEC18/APL/PGM/TAFFY.FOR
-/home/AIPS/31DEC18/APL/PGM/TAFLG.FOR
-/home/AIPS/31DEC18/APL/PGM/TASAV.FOR
-/home/AIPS/31DEC18/APL/PGM/TCOPY.FOR
-/home/AIPS/31DEC18/APL/PGM/TKPL.FOR
-/home/AIPS/31DEC18/APL/PGM/TRANS.FOR
-/home/AIPS/31DEC18/APL/PGM/UVCMP.FOR
-/home/AIPS/31DEC18/APL/PGM/UVDIF.FOR
-/home/AIPS/31DEC18/APL/PGM/UVPOL.FOR
-/home/AIPS/31DEC18/APL/PGM/WTSUM.FOR
-/home/AIPS/31DEC18/APL/PGM/XMOM.FOR
-/home/AIPS/31DEC18/APL/PGM/XSMTH.FOR
-/home/AIPS/31DEC18/APL/PGM/XSUM.FOR
