-/home/AIPS/31DEC18/Q/PGM/NOTST/BLCAL.FOR
-/home/AIPS/31DEC18/Q/PGM/NOTST/BLCHN.FOR
-/home/AIPS/31DEC18/Q/PGM/NOTST/BPASS.FOR
-/home/AIPS/31DEC18/Q/PGM/NOTST/CALIB.FOR
-/home/AIPS/31DEC18/Q/PGM/NOTST/CONVL.FOR
-/home/AIPS/31DEC18/Q/PGM/NOTST/CPASS.FOR
-/home/AIPS/31DEC18/Q/PGM/NOTST/CVEL.FOR
-/home/AIPS/31DEC18/Q/PGM/NOTST/DEFLG.FOR
-/home/AIPS/31DEC18/Q/PGM/NOTST/FFT.FOR
-/home/AIPS/31DEC18/Q/PGM/NOTST/FRING.FOR
-/home/AIPS/31DEC18/Q/PGM/NOTST/IM2UV.FOR
-/home/AIPS/31DEC18/Q/PGM/NOTST/IMERG.FOR
-/home/AIPS/31DEC18/Q/PGM/NOTST/KRING.FOR
-/home/AIPS/31DEC18/Q/PGM/NOTST/LPCAL.FOR
-/home/AIPS/31DEC18/Q/PGM/NOTST/PCAL.FOR
-/home/AIPS/31DEC18/Q/PGM/NOTST/PCVEL.FOR
-/home/AIPS/31DEC18/Q/PGM/NOTST/RLCAL.FOR
-/home/AIPS/31DEC18/Q/PGM/NOTST/RLDLY.FOR
-/home/AIPS/31DEC18/Q/PGM/NOTST/SDIMG.FOR
-/home/AIPS/31DEC18/Q/PGM/NOTST/SDVEL.FOR
-/home/AIPS/31DEC18/Q/PGM/NOTST/UVADC.FOR
-/home/AIPS/31DEC18/Q/PGM/NOTST/UVCON.FOR
-/home/AIPS/31DEC18/Q/PGM/NOTST/UVSUB.FOR
