-/home/AIPS/31DEC18/Y/PGM/AGAUS.FOR
-/home/AIPS/31DEC18/Y/PGM/BLANK.FOR
-/home/AIPS/31DEC18/Y/PGM/BLSUM.FOR
-/home/AIPS/31DEC18/Y/PGM/BPERR.FOR
-/home/AIPS/31DEC18/Y/PGM/BSCLN.FOR
-/home/AIPS/31DEC18/Y/PGM/BSTST.FOR
-/home/AIPS/31DEC18/Y/PGM/CCNTR.FOR
-/home/AIPS/31DEC18/Y/PGM/CNTR.FOR
-/home/AIPS/31DEC18/Y/PGM/GREYS.FOR
-/home/AIPS/31DEC18/Y/PGM/HUINT.FOR
-/home/AIPS/31DEC18/Y/PGM/IMEAN.FOR
-/home/AIPS/31DEC18/Y/PGM/IMRMS.FOR
-/home/AIPS/31DEC18/Y/PGM/IMVIM.FOR
-/home/AIPS/31DEC18/Y/PGM/ISPEC.FOR
-/home/AIPS/31DEC18/Y/PGM/KNTR.FOR
-/home/AIPS/31DEC18/Y/PGM/LWPLA.FOR
-/home/AIPS/31DEC18/Y/PGM/PANEL.FOR
-/home/AIPS/31DEC18/Y/PGM/PCNTR.FOR
-/home/AIPS/31DEC18/Y/PGM/PROFL.FOR
-/home/AIPS/31DEC18/Y/PGM/RM2PL.FOR
-/home/AIPS/31DEC18/Y/PGM/RMFIT.FOR
-/home/AIPS/31DEC18/Y/PGM/RSPEC.FOR
-/home/AIPS/31DEC18/Y/PGM/SERCH.FOR
-/home/AIPS/31DEC18/Y/PGM/SL2PL.FOR
-/home/AIPS/31DEC18/Y/PGM/TAPLT.FOR
-/home/AIPS/31DEC18/Y/PGM/TVHLD.FOR
-/home/AIPS/31DEC18/Y/PGM/TVHUI.FOR
-/home/AIPS/31DEC18/Y/PGM/TVPL.FOR
-/home/AIPS/31DEC18/Y/PGM/TVRGB.FOR
-/home/AIPS/31DEC18/Y/PGM/TVSAD.FOR
-/home/AIPS/31DEC18/Y/PGM/TVSPC.FOR
-/home/AIPS/31DEC18/Y/PGM/VDEV/TVMON.FOR
-/home/AIPS/31DEC18/Y/PGM/XBASL.FOR
-/home/AIPS/31DEC18/Y/PGM/XG2PL.FOR
-/home/AIPS/31DEC18/Y/PGM/XGAUS.FOR
-/home/AIPS/31DEC18/Y/PGM/XPLOT.FOR
-/home/AIPS/31DEC18/Y/PGM/ZAMAN.FOR
-/home/AIPS/31DEC18/Y/PGM/ZEMAN.FOR
