-/home/AIPS/31DEC17/AIPS/SUB/ADVERB.FOR
-/home/AIPS/31DEC17/AIPS/SUB/ADVRBS.FOR
-/home/AIPS/31DEC17/AIPS/SUB/ASSGN.FOR
-/home/AIPS/31DEC17/AIPS/SUB/AU1A.FOR
-/home/AIPS/31DEC17/AIPS/SUB/AU1.FOR
-/home/AIPS/31DEC17/AIPS/SUB/AU2A.FOR
-/home/AIPS/31DEC17/AIPS/SUB/AU2.FOR
-/home/AIPS/31DEC17/AIPS/SUB/AU3A.FOR
-/home/AIPS/31DEC17/AIPS/SUB/AU3B.FOR
-/home/AIPS/31DEC17/AIPS/SUB/AU3.FOR
-/home/AIPS/31DEC17/AIPS/SUB/AU4A.FOR
-/home/AIPS/31DEC17/AIPS/SUB/AU4.FOR
-/home/AIPS/31DEC17/AIPS/SUB/AU5A.FOR
-/home/AIPS/31DEC17/AIPS/SUB/AU5B.FOR
-/home/AIPS/31DEC17/AIPS/SUB/AU5C.FOR
-/home/AIPS/31DEC17/AIPS/SUB/AU5D.FOR
-/home/AIPS/31DEC17/AIPS/SUB/AU5E.FOR
-/home/AIPS/31DEC17/AIPS/SUB/AU5F.FOR
-/home/AIPS/31DEC17/AIPS/SUB/AU5.FOR
-/home/AIPS/31DEC17/AIPS/SUB/AU6A.FOR
-/home/AIPS/31DEC17/AIPS/SUB/AU6B.FOR
-/home/AIPS/31DEC17/AIPS/SUB/AU6C.FOR
-/home/AIPS/31DEC17/AIPS/SUB/AU6D.FOR
-/home/AIPS/31DEC17/AIPS/SUB/AU6E.FOR
-/home/AIPS/31DEC17/AIPS/SUB/AU6.FOR
-/home/AIPS/31DEC17/AIPS/SUB/AU7A.FOR
-/home/AIPS/31DEC17/AIPS/SUB/AU7B.FOR
-/home/AIPS/31DEC17/AIPS/SUB/AU7.FOR
-/home/AIPS/31DEC17/AIPS/SUB/AU8A.FOR
-/home/AIPS/31DEC17/AIPS/SUB/AU8.FOR
-/home/AIPS/31DEC17/AIPS/SUB/AU9A.FOR
-/home/AIPS/31DEC17/AIPS/SUB/AU9B.FOR
-/home/AIPS/31DEC17/AIPS/SUB/AU9C.FOR
-/home/AIPS/31DEC17/AIPS/SUB/AU9.FOR
-/home/AIPS/31DEC17/AIPS/SUB/AUA.FOR
-/home/AIPS/31DEC17/AIPS/SUB/AUB.FOR
-/home/AIPS/31DEC17/AIPS/SUB/AUC.FOR
-/home/AIPS/31DEC17/AIPS/SUB/AUO.FOR
-/home/AIPS/31DEC17/AIPS/SUB/AUT.FOR
-/home/AIPS/31DEC17/AIPS/SUB/BBUILD.FOR
-/home/AIPS/31DEC17/AIPS/SUB/BCLEAN.FOR
-/home/AIPS/31DEC17/AIPS/SUB/CATCR.FOR
-/home/AIPS/31DEC17/AIPS/SUB/CATLST.FOR
-/home/AIPS/31DEC17/AIPS/SUB/CHGRIP.FOR
-/home/AIPS/31DEC17/AIPS/SUB/CHUNT.FOR
-/home/AIPS/31DEC17/AIPS/SUB/COMPIL.FOR
-/home/AIPS/31DEC17/AIPS/SUB/CONCAT.FOR
-/home/AIPS/31DEC17/AIPS/SUB/CONFRM.FOR
-/home/AIPS/31DEC17/AIPS/SUB/DESCR.FOR
-/home/AIPS/31DEC17/AIPS/SUB/DSKASS.FOR
-/home/AIPS/31DEC17/AIPS/SUB/EDITOR.FOR
-/home/AIPS/31DEC17/AIPS/SUB/EQUIV.FOR
-/home/AIPS/31DEC17/AIPS/SUB/FWRITE.FOR
-/home/AIPS/31DEC17/AIPS/SUB/GETFLD.FOR
-/home/AIPS/31DEC17/AIPS/SUB/GETNME.FOR
-/home/AIPS/31DEC17/AIPS/SUB/GNETSP.FOR
-/home/AIPS/31DEC17/AIPS/SUB/GRLUTS.FOR
-/home/AIPS/31DEC17/AIPS/SUB/HELPS.FOR
-/home/AIPS/31DEC17/AIPS/SUB/HIENH.FOR
-/home/AIPS/31DEC17/AIPS/SUB/HILUT.FOR
-/home/AIPS/31DEC17/AIPS/SUB/HUNT.FOR
-/home/AIPS/31DEC17/AIPS/SUB/INIT.FOR
-/home/AIPS/31DEC17/AIPS/SUB/K2TEXT.FOR
-/home/AIPS/31DEC17/AIPS/SUB/KILSRV.FOR
-/home/AIPS/31DEC17/AIPS/SUB/KWICK.FOR
-/home/AIPS/31DEC17/AIPS/SUB/KWIKHD.FOR
-/home/AIPS/31DEC17/AIPS/SUB/LAYOUT.FOR
-/home/AIPS/31DEC17/AIPS/SUB/LLOCAT.FOR
-/home/AIPS/31DEC17/AIPS/SUB/LTSTOR.FOR
-/home/AIPS/31DEC17/AIPS/SUB/MASSGN.FOR
-/home/AIPS/31DEC17/AIPS/SUB/MSGHDR.FOR
-/home/AIPS/31DEC17/AIPS/SUB/OBITXT.FOR
-/home/AIPS/31DEC17/AIPS/SUB/OERROR.FOR
-/home/AIPS/31DEC17/AIPS/SUB/OFMLST.FOR
-/home/AIPS/31DEC17/AIPS/SUB/PASSGN.FOR
-/home/AIPS/31DEC17/AIPS/SUB/PFIT.FOR
-/home/AIPS/31DEC17/AIPS/SUB/POLISH.FOR
-/home/AIPS/31DEC17/AIPS/SUB/POP.FOR
-/home/AIPS/31DEC17/AIPS/SUB/PREAD.FOR
-/home/AIPS/31DEC17/AIPS/SUB/PRINTR.FOR
-/home/AIPS/31DEC17/AIPS/SUB/PRTALN.FOR
-/home/AIPS/31DEC17/AIPS/SUB/PRTMSG.FOR
-/home/AIPS/31DEC17/AIPS/SUB/PSEUDO.FOR
-/home/AIPS/31DEC17/AIPS/SUB/PUSH.FOR
-/home/AIPS/31DEC17/AIPS/SUB/RDUSER.FOR
-/home/AIPS/31DEC17/AIPS/SUB/RENUMB.FOR
-/home/AIPS/31DEC17/AIPS/SUB/RLHIST.FOR
-/home/AIPS/31DEC17/AIPS/SUB/RLOCAT.FOR
-/home/AIPS/31DEC17/AIPS/SUB/SCHOLD.FOR
-/home/AIPS/31DEC17/AIPS/SUB/SET1DG.FOR
-/home/AIPS/31DEC17/AIPS/SUB/SETTYP.FOR
-/home/AIPS/31DEC17/AIPS/SUB/SGLAST.FOR
-/home/AIPS/31DEC17/AIPS/SUB/SGLOCA.FOR
-/home/AIPS/31DEC17/AIPS/SUB/SLOCIN.FOR
-/home/AIPS/31DEC17/AIPS/SUB/STORES.FOR
-/home/AIPS/31DEC17/AIPS/SUB/SUBS.FOR
-/home/AIPS/31DEC17/AIPS/SUB/SYMBOL.FOR
-/home/AIPS/31DEC17/AIPS/SUB/TAPSHO.FOR
-/home/AIPS/31DEC17/AIPS/SUB/TASKWT.FOR
-/home/AIPS/31DEC17/AIPS/SUB/TBDATA.FOR
-/home/AIPS/31DEC17/AIPS/SUB/TBHEAD.FOR
-/home/AIPS/31DEC17/AIPS/SUB/TKGGPL.FOR
-/home/AIPS/31DEC17/AIPS/SUB/TKGMPL.FOR
-/home/AIPS/31DEC17/AIPS/SUB/TKRSPL.FOR
-/home/AIPS/31DEC17/AIPS/SUB/TKSLAC.FOR
-/home/AIPS/31DEC17/AIPS/SUB/TKSLPL.FOR
-/home/AIPS/31DEC17/AIPS/SUB/TVHELX.FOR
-/home/AIPS/31DEC17/AIPS/SUB/TVMOVI.FOR
-/home/AIPS/31DEC17/AIPS/SUB/TVSLAC.FOR
-/home/AIPS/31DEC17/AIPS/SUB/TVSLIN.FOR
-/home/AIPS/31DEC17/AIPS/SUB/TVSLPL.FOR
-/home/AIPS/31DEC17/AIPS/SUB/UINIT.FOR
-/home/AIPS/31DEC17/AIPS/SUB/UWRITE.FOR
-/home/AIPS/31DEC17/AIPS/SUB/VERSTR.FOR
