-/home/AIPS/31DEC17/APL/DEV/UNIX/ZABORS.C
-/home/AIPS/31DEC17/APL/DEV/UNIX/ZACTV9.C
-/home/AIPS/31DEC17/APL/DEV/UNIX/ZBFLC2.C
-/home/AIPS/31DEC17/APL/DEV/UNIX/ZBFLI2.C
-/home/AIPS/31DEC17/APL/DEV/UNIX/ZBFLM2.C
-/home/AIPS/31DEC17/APL/DEV/UNIX/ZCRDIR.C
-/home/AIPS/31DEC17/APL/DEV/UNIX/ZDAOPM.C
-/home/AIPS/31DEC17/APL/DEV/UNIX/ZDICC2.C
-/home/AIPS/31DEC17/APL/DEV/UNIX/ZDICO2.C
-/home/AIPS/31DEC17/APL/DEV/UNIX/ZDKMID.C
-/home/AIPS/31DEC17/APL/DEV/UNIX/ZDRCH2.C
-/home/AIPS/31DEC17/APL/DEV/UNIX/ZEXPNM.C
-/home/AIPS/31DEC17/APL/DEV/UNIX/ZGMAI2.C
-/home/AIPS/31DEC17/APL/DEV/UNIX/ZIGNAL.C
-/home/AIPS/31DEC17/APL/DEV/UNIX/ZIPAC2.C
-/home/AIPS/31DEC17/APL/DEV/UNIX/ZLOCK.C
-/home/AIPS/31DEC17/APL/DEV/UNIX/ZMSFI2.C
-/home/AIPS/31DEC17/APL/DEV/UNIX/ZONLIN.C
-/home/AIPS/31DEC17/APL/DEV/UNIX/ZSHCM2.C
-/home/AIPS/31DEC17/APL/DEV/UNIX/ZSTRTP.C
-/home/AIPS/31DEC17/APL/DEV/UNIX/ZTRLO2.C
-/home/AIPS/31DEC17/APL/DEV/UNIX/ZTTCL2.C
-/home/AIPS/31DEC17/APL/DEV/UNIX/ZTTYI2.C
-/home/AIPS/31DEC17/APL/DEV/UNIX/ZXDRFP.C
-/home/AIPS/31DEC17/APL/DEV/UNIX/ZXDRST.C
-/home/AIPS/31DEC17/APL/DEV/ZABOR2.FOR
-/home/AIPS/31DEC17/APL/DEV/ZABORT.FOR
-/home/AIPS/31DEC17/APL/DEV/ZACTV8.FOR
-/home/AIPS/31DEC17/APL/DEV/ZADDR.FOR
-/home/AIPS/31DEC17/APL/DEV/ZADRSZ.C
-/home/AIPS/31DEC17/APL/DEV/ZAND.C
-/home/AIPS/31DEC17/APL/DEV/ZARGC2.FOR
-/home/AIPS/31DEC17/APL/DEV/ZARGCL.FOR
-/home/AIPS/31DEC17/APL/DEV/ZARGMC.FOR
-/home/AIPS/31DEC17/APL/DEV/ZARGO2.FOR
-/home/AIPS/31DEC17/APL/DEV/ZARGOP.FOR
-/home/AIPS/31DEC17/APL/DEV/ZARGS.FOR
-/home/AIPS/31DEC17/APL/DEV/ZARGXF.FOR
-/home/AIPS/31DEC17/APL/DEV/ZBFLIP.FOR
-/home/AIPS/31DEC17/APL/DEV/ZBKLD1.FOR
-/home/AIPS/31DEC17/APL/DEV/ZBKLD2.FOR
-/home/AIPS/31DEC17/APL/DEV/ZBKLD3.FOR
-/home/AIPS/31DEC17/APL/DEV/ZBKTP1.FOR
-/home/AIPS/31DEC17/APL/DEV/ZBKTP2.FOR
-/home/AIPS/31DEC17/APL/DEV/ZBKTP3.FOR
-/home/AIPS/31DEC17/APL/DEV/ZBYMOV.FOR
-/home/AIPS/31DEC17/APL/DEV/ZBYTF2.FOR
-/home/AIPS/31DEC17/APL/DEV/ZBYTFL.FOR
-/home/AIPS/31DEC17/APL/DEV/ZC8CL.FOR
-/home/AIPS/31DEC17/APL/DEV/ZCLC8.FOR
-/home/AIPS/31DEC17/APL/DEV/ZCLOSE.FOR
-/home/AIPS/31DEC17/APL/DEV/ZCMPR2.FOR
-/home/AIPS/31DEC17/APL/DEV/ZCMPRS.FOR
-/home/AIPS/31DEC17/APL/DEV/ZCPU.FOR
-/home/AIPS/31DEC17/APL/DEV/ZCREA2.FOR
-/home/AIPS/31DEC17/APL/DEV/ZCREAT.FOR
-/home/AIPS/31DEC17/APL/DEV/ZCRLOG.FOR
-/home/AIPS/31DEC17/APL/DEV/ZDACLS.FOR
-/home/AIPS/31DEC17/APL/DEV/ZDAOPN.FOR
-/home/AIPS/31DEC17/APL/DEV/ZDATE.FOR
-/home/AIPS/31DEC17/APL/DEV/ZDCHI2.FOR
-/home/AIPS/31DEC17/APL/DEV/ZDCHIC.FOR
-/home/AIPS/31DEC17/APL/DEV/ZDCHIN.FOR
-/home/AIPS/31DEC17/APL/DEV/ZDEAC2.FOR
-/home/AIPS/31DEC17/APL/DEV/ZDEACL.FOR
-/home/AIPS/31DEC17/APL/DEV/ZDEAMC.FOR
-/home/AIPS/31DEC17/APL/DEV/ZDEAO2.FOR
-/home/AIPS/31DEC17/APL/DEV/ZDEAOP.FOR
-/home/AIPS/31DEC17/APL/DEV/ZDEAX2.FOR
-/home/AIPS/31DEC17/APL/DEV/ZDEAXF.FOR
-/home/AIPS/31DEC17/APL/DEV/ZDELA2.FOR
-/home/AIPS/31DEC17/APL/DEV/ZDELAY.FOR
-/home/AIPS/31DEC17/APL/DEV/ZDEST2.FOR
-/home/AIPS/31DEC17/APL/DEV/ZDESTR.FOR
-/home/AIPS/31DEC17/APL/DEV/ZDHPRL.FOR
-/home/AIPS/31DEC17/APL/DEV/ZDICCL.FOR
-/home/AIPS/31DEC17/APL/DEV/ZDICIO.FOR
-/home/AIPS/31DEC17/APL/DEV/ZDICOP.FOR
-/home/AIPS/31DEC17/APL/DEV/ZDIE2.FOR
-/home/AIPS/31DEC17/APL/DEV/ZDIE.FOR
-/home/AIPS/31DEC17/APL/DEV/ZDIR.FOR
-/home/AIPS/31DEC17/APL/DEV/ZDM2DL.FOR
-/home/AIPS/31DEC17/APL/DEV/ZDOPRT.FOR
-/home/AIPS/31DEC17/APL/DEV/ZDRCHK.FOR
-/home/AIPS/31DEC17/APL/DEV/ZEHEX.FOR
-/home/AIPS/31DEC17/APL/DEV/ZENDPG.FOR
-/home/AIPS/31DEC17/APL/DEV/ZEOR.C
-/home/AIPS/31DEC17/APL/DEV/ZERRO2.FOR
-/home/AIPS/31DEC17/APL/DEV/ZERROR.FOR
-/home/AIPS/31DEC17/APL/DEV/ZEXIS2.FOR
-/home/AIPS/31DEC17/APL/DEV/ZEXIST.FOR
-/home/AIPS/31DEC17/APL/DEV/ZEXIT.C
-/home/AIPS/31DEC17/APL/DEV/ZEXPN2.FOR
-/home/AIPS/31DEC17/APL/DEV/ZEXPND.FOR
-/home/AIPS/31DEC17/APL/DEV/ZFI2.FOR
-/home/AIPS/31DEC17/APL/DEV/ZFIO.FOR
-/home/AIPS/31DEC17/APL/DEV/ZFORMF.FOR
-/home/AIPS/31DEC17/APL/DEV/ZFRE2.FOR
-/home/AIPS/31DEC17/APL/DEV/ZFREE.FOR
-/home/AIPS/31DEC17/APL/DEV/ZFULLN.FOR
-/home/AIPS/31DEC17/APL/DEV/ZGDATE.FOR
-/home/AIPS/31DEC17/APL/DEV/ZGETCH.FOR
-/home/AIPS/31DEC17/APL/DEV/ZGMAIL.FOR
-/home/AIPS/31DEC17/APL/DEV/ZGNAME.FOR
-/home/AIPS/31DEC17/APL/DEV/ZGRLHI.FOR
-/home/AIPS/31DEC17/APL/DEV/ZGRLTC.FOR
-/home/AIPS/31DEC17/APL/DEV/ZGTBIT.FOR
-/home/AIPS/31DEC17/APL/DEV/ZGUEST.FOR
-/home/AIPS/31DEC17/APL/DEV/ZHEX10.FOR
-/home/AIPS/31DEC17/APL/DEV/ZHEX.FOR
-/home/AIPS/31DEC17/APL/DEV/ZI16IL.FOR
-/home/AIPS/31DEC17/APL/DEV/ZI32IL.FOR
-/home/AIPS/31DEC17/APL/DEV/ZI8IL.FOR
-/home/AIPS/31DEC17/APL/DEV/ZILI16.FOR
-/home/AIPS/31DEC17/APL/DEV/ZILI32.FOR
-/home/AIPS/31DEC17/APL/DEV/ZILI8.FOR
-/home/AIPS/31DEC17/APL/DEV/ZIPACK.FOR
-/home/AIPS/31DEC17/APL/DEV/ZIVSO2.FOR
-/home/AIPS/31DEC17/APL/DEV/ZIVSOP.FOR
-/home/AIPS/31DEC17/APL/DEV/ZKDUMP.FOR
-/home/AIPS/31DEC17/APL/DEV/ZLASC2.FOR
-/home/AIPS/31DEC17/APL/DEV/ZLASCL.FOR
-/home/AIPS/31DEC17/APL/DEV/ZLASIO.FOR
-/home/AIPS/31DEC17/APL/DEV/ZLASOP.FOR
-/home/AIPS/31DEC17/APL/DEV/ZLPCL2.FOR
-/home/AIPS/31DEC17/APL/DEV/ZLPCLS.FOR
-/home/AIPS/31DEC17/APL/DEV/ZLPOP2.FOR
-/home/AIPS/31DEC17/APL/DEV/ZLPOPN.FOR
-/home/AIPS/31DEC17/APL/DEV/ZLWIO.FOR
-/home/AIPS/31DEC17/APL/DEV/ZLWOP.FOR
-/home/AIPS/31DEC17/APL/DEV/ZM70C2.FOR
-/home/AIPS/31DEC17/APL/DEV/ZM70CL.FOR
-/home/AIPS/31DEC17/APL/DEV/ZM70M2.FOR
-/home/AIPS/31DEC17/APL/DEV/ZM70MC.FOR
-/home/AIPS/31DEC17/APL/DEV/ZM70O2.FOR
-/home/AIPS/31DEC17/APL/DEV/ZM70OP.FOR
-/home/AIPS/31DEC17/APL/DEV/ZM70X2.FOR
-/home/AIPS/31DEC17/APL/DEV/ZM70XF.FOR
-/home/AIPS/31DEC17/APL/DEV/ZMCACL.FOR
-/home/AIPS/31DEC17/APL/DEV/ZMEMR2.FOR
-/home/AIPS/31DEC17/APL/DEV/ZMEMRY.FOR
-/home/AIPS/31DEC17/APL/DEV/ZMI2.FOR
-/home/AIPS/31DEC17/APL/DEV/ZMIO.FOR
-/home/AIPS/31DEC17/APL/DEV/ZMKTMP.FOR
-/home/AIPS/31DEC17/APL/DEV/ZMOUN2.FOR
-/home/AIPS/31DEC17/APL/DEV/ZMOUNR.FOR
-/home/AIPS/31DEC17/APL/DEV/ZMOUNT.FOR
-/home/AIPS/31DEC17/APL/DEV/ZMSGCL.FOR
-/home/AIPS/31DEC17/APL/DEV/ZMSGDK.FOR
-/home/AIPS/31DEC17/APL/DEV/ZMSGER.FOR
-/home/AIPS/31DEC17/APL/DEV/ZMSGOP.FOR
-/home/AIPS/31DEC17/APL/DEV/ZMSGWR.FOR
-/home/AIPS/31DEC17/APL/DEV/ZMSGXP.FOR
-/home/AIPS/31DEC17/APL/DEV/ZMSSRV.FOR
-/home/AIPS/31DEC17/APL/DEV/ZMYVER.FOR
-/home/AIPS/31DEC17/APL/DEV/ZOINTD.C
-/home/AIPS/31DEC17/APL/DEV/ZOLAVF.FOR
-/home/AIPS/31DEC17/APL/DEV/ZOPEN.FOR
-/home/AIPS/31DEC17/APL/DEV/ZOR.C
-/home/AIPS/31DEC17/APL/DEV/ZPARAL.FOR
-/home/AIPS/31DEC17/APL/DEV/ZPASWD.FOR
-/home/AIPS/31DEC17/APL/DEV/ZPATH.FOR
-/home/AIPS/31DEC17/APL/DEV/ZPHFIL.FOR
-/home/AIPS/31DEC17/APL/DEV/ZPHOLV.FOR
-/home/AIPS/31DEC17/APL/DEV/ZPRI2.FOR
-/home/AIPS/31DEC17/APL/DEV/ZPRIO.FOR
-/home/AIPS/31DEC17/APL/DEV/ZPRMPT.FOR
-/home/AIPS/31DEC17/APL/DEV/ZPROMP.FOR
-/home/AIPS/31DEC17/APL/DEV/ZPRPAS.FOR
-/home/AIPS/31DEC17/APL/DEV/ZPTBIT.FOR
-/home/AIPS/31DEC17/APL/DEV/ZPUTCH.FOR
-/home/AIPS/31DEC17/APL/DEV/ZR32RL.FOR
-/home/AIPS/31DEC17/APL/DEV/ZR64RL.FOR
-/home/AIPS/31DEC17/APL/DEV/ZR8P4.FOR
-/home/AIPS/31DEC17/APL/DEV/ZRCLOS.FOR
-/home/AIPS/31DEC17/APL/DEV/ZRCLS2.FOR
-/home/AIPS/31DEC17/APL/DEV/ZRDMF.FOR
-/home/AIPS/31DEC17/APL/DEV/ZREHEX.FOR
-/home/AIPS/31DEC17/APL/DEV/ZRENA2.FOR
-/home/AIPS/31DEC17/APL/DEV/ZRENAM.FOR
-/home/AIPS/31DEC17/APL/DEV/ZRHPRL.FOR
-/home/AIPS/31DEC17/APL/DEV/ZRLR32.FOR
-/home/AIPS/31DEC17/APL/DEV/ZRLR64.FOR
-/home/AIPS/31DEC17/APL/DEV/ZRLRUV.FOR
-/home/AIPS/31DEC17/APL/DEV/ZRM2RL.FOR
-/home/AIPS/31DEC17/APL/DEV/ZRMTAP.FOR
-/home/AIPS/31DEC17/APL/DEV/ZROPEN.FOR
-/home/AIPS/31DEC17/APL/DEV/ZROPN2.FOR
-/home/AIPS/31DEC17/APL/DEV/ZRRD2.FOR
-/home/AIPS/31DEC17/APL/DEV/ZRREAD.FOR
-/home/AIPS/31DEC17/APL/DEV/ZRWR2.FOR
-/home/AIPS/31DEC17/APL/DEV/ZRWRIT.FOR
-/home/AIPS/31DEC17/APL/DEV/ZRXDW2.FOR
-/home/AIPS/31DEC17/APL/DEV/ZRXDWR.FOR
-/home/AIPS/31DEC17/APL/DEV/ZSACPT.FOR
-/home/AIPS/31DEC17/APL/DEV/ZSCHAR.FOR
-/home/AIPS/31DEC17/APL/DEV/ZSCLOS.FOR
-/home/AIPS/31DEC17/APL/DEV/ZSCONN.FOR
-/home/AIPS/31DEC17/APL/DEV/ZSCREA.FOR
-/home/AIPS/31DEC17/APL/DEV/ZSETUP.FOR
-/home/AIPS/31DEC17/APL/DEV/ZSHCMD.FOR
-/home/AIPS/31DEC17/APL/DEV/ZSLISN.FOR
-/home/AIPS/31DEC17/APL/DEV/ZSREAD.FOR
-/home/AIPS/31DEC17/APL/DEV/ZSSSC2.FOR
-/home/AIPS/31DEC17/APL/DEV/ZSSSCL.FOR
-/home/AIPS/31DEC17/APL/DEV/ZSSSL2.FOR
-/home/AIPS/31DEC17/APL/DEV/ZSSSLK.FOR
-/home/AIPS/31DEC17/APL/DEV/ZSSSMC.FOR
-/home/AIPS/31DEC17/APL/DEV/ZSSSO2.FOR
-/home/AIPS/31DEC17/APL/DEV/ZSSSOP.FOR
-/home/AIPS/31DEC17/APL/DEV/ZSSSX2.FOR
-/home/AIPS/31DEC17/APL/DEV/ZSSSXF.FOR
-/home/AIPS/31DEC17/APL/DEV/ZSTAI2.FOR
-/home/AIPS/31DEC17/APL/DEV/ZSTAIP.FOR
-/home/AIPS/31DEC17/APL/DEV/ZSWRIT.FOR
-/home/AIPS/31DEC17/APL/DEV/ZTAB.FOR
-/home/AIPS/31DEC17/APL/DEV/ZTABOR.FOR
-/home/AIPS/31DEC17/APL/DEV/ZTACT2.FOR
-/home/AIPS/31DEC17/APL/DEV/ZTACTQ.FOR
-/home/AIPS/31DEC17/APL/DEV/ZTAP2.FOR
-/home/AIPS/31DEC17/APL/DEV/ZTAPE.FOR
-/home/AIPS/31DEC17/APL/DEV/ZTAPIO.FOR
-/home/AIPS/31DEC17/APL/DEV/ZTAPR.FOR
-/home/AIPS/31DEC17/APL/DEV/ZTCLOS.FOR
-/home/AIPS/31DEC17/APL/DEV/ZTFILL.FOR
-/home/AIPS/31DEC17/APL/DEV/ZTIME.FOR
-/home/AIPS/31DEC17/APL/DEV/ZTKBUF.FOR
-/home/AIPS/31DEC17/APL/DEV/ZTKCL2.FOR
-/home/AIPS/31DEC17/APL/DEV/ZTKCLS.FOR
-/home/AIPS/31DEC17/APL/DEV/ZTKFI2.FOR
-/home/AIPS/31DEC17/APL/DEV/ZTKILL.FOR
-/home/AIPS/31DEC17/APL/DEV/ZTKOP2.FOR
-/home/AIPS/31DEC17/APL/DEV/ZTKOPN.FOR
-/home/AIPS/31DEC17/APL/DEV/ZTKSRV.FOR
-/home/AIPS/31DEC17/APL/DEV/ZTOPE2.FOR
-/home/AIPS/31DEC17/APL/DEV/ZTOPEN.FOR
-/home/AIPS/31DEC17/APL/DEV/ZTPCL2.FOR
-/home/AIPS/31DEC17/APL/DEV/ZTPCLD.FOR
-/home/AIPS/31DEC17/APL/DEV/ZTPCLR.FOR
-/home/AIPS/31DEC17/APL/DEV/ZTPCLS.FOR
-/home/AIPS/31DEC17/APL/DEV/ZTPMI2.FOR
-/home/AIPS/31DEC17/APL/DEV/ZTPMID.FOR
-/home/AIPS/31DEC17/APL/DEV/ZTPMIO.FOR
-/home/AIPS/31DEC17/APL/DEV/ZTPMIR.FOR
-/home/AIPS/31DEC17/APL/DEV/ZTPOP2.FOR
-/home/AIPS/31DEC17/APL/DEV/ZTPOPD.FOR
-/home/AIPS/31DEC17/APL/DEV/ZTPOPN.FOR
-/home/AIPS/31DEC17/APL/DEV/ZTPOPR.FOR
-/home/AIPS/31DEC17/APL/DEV/ZTPWA2.FOR
-/home/AIPS/31DEC17/APL/DEV/ZTPWAD.FOR
-/home/AIPS/31DEC17/APL/DEV/ZTPWAR.FOR
-/home/AIPS/31DEC17/APL/DEV/ZTPWAT.FOR
-/home/AIPS/31DEC17/APL/DEV/ZTQSP2.FOR
-/home/AIPS/31DEC17/APL/DEV/ZTQSPY.FOR
-/home/AIPS/31DEC17/APL/DEV/ZTREAD.FOR
-/home/AIPS/31DEC17/APL/DEV/ZTRLOG.FOR
-/home/AIPS/31DEC17/APL/DEV/ZTTBUF.FOR
-/home/AIPS/31DEC17/APL/DEV/ZTTCLS.FOR
-/home/AIPS/31DEC17/APL/DEV/ZTTOP2.FOR
-/home/AIPS/31DEC17/APL/DEV/ZTTOPN.FOR
-/home/AIPS/31DEC17/APL/DEV/ZTTYIO.FOR
-/home/AIPS/31DEC17/APL/DEV/ZTVSRV.FOR
-/home/AIPS/31DEC17/APL/DEV/ZTXCLS.FOR
-/home/AIPS/31DEC17/APL/DEV/ZTXIO.FOR
-/home/AIPS/31DEC17/APL/DEV/ZTXMA2.FOR
-/home/AIPS/31DEC17/APL/DEV/ZTXMAT.FOR
-/home/AIPS/31DEC17/APL/DEV/ZTXOP2.FOR
-/home/AIPS/31DEC17/APL/DEV/ZTXOPN.FOR
-/home/AIPS/31DEC17/APL/DEV/ZTXREN.FOR
-/home/AIPS/31DEC17/APL/DEV/ZTXZAP.FOR
-/home/AIPS/31DEC17/APL/DEV/ZULIM.FOR
-/home/AIPS/31DEC17/APL/DEV/ZUVPAK.FOR
-/home/AIPS/31DEC17/APL/DEV/ZUVXPN.FOR
-/home/AIPS/31DEC17/APL/DEV/ZV20C2.FOR
-/home/AIPS/31DEC17/APL/DEV/ZV20CL.FOR
-/home/AIPS/31DEC17/APL/DEV/ZV20MC.FOR
-/home/AIPS/31DEC17/APL/DEV/ZV20O2.FOR
-/home/AIPS/31DEC17/APL/DEV/ZV20OP.FOR
-/home/AIPS/31DEC17/APL/DEV/ZV20X2.FOR
-/home/AIPS/31DEC17/APL/DEV/ZV20XF.FOR
-/home/AIPS/31DEC17/APL/DEV/ZVERSN.FOR
-/home/AIPS/31DEC17/APL/DEV/ZVLBIN.FOR
-/home/AIPS/31DEC17/APL/DEV/ZVTPC2.FOR
-/home/AIPS/31DEC17/APL/DEV/ZVTPC3.FOR
-/home/AIPS/31DEC17/APL/DEV/ZVTPGC.FOR
-/home/AIPS/31DEC17/APL/DEV/ZVTPO2.FOR
-/home/AIPS/31DEC17/APL/DEV/ZVTPO3.FOR
-/home/AIPS/31DEC17/APL/DEV/ZVTPRC.FOR
-/home/AIPS/31DEC17/APL/DEV/ZVTPRO.FOR
-/home/AIPS/31DEC17/APL/DEV/ZVTPRX.FOR
-/home/AIPS/31DEC17/APL/DEV/ZVTPX2.FOR
-/home/AIPS/31DEC17/APL/DEV/ZVTPX3.FOR
-/home/AIPS/31DEC17/APL/DEV/ZVTVC2.FOR
-/home/AIPS/31DEC17/APL/DEV/ZVTVC3.FOR
-/home/AIPS/31DEC17/APL/DEV/ZVTVCL.FOR
-/home/AIPS/31DEC17/APL/DEV/ZVTVGC.FOR
-/home/AIPS/31DEC17/APL/DEV/ZVTVO2.FOR
-/home/AIPS/31DEC17/APL/DEV/ZVTVO3.FOR
-/home/AIPS/31DEC17/APL/DEV/ZVTVOP.FOR
-/home/AIPS/31DEC17/APL/DEV/ZVTVRC.FOR
-/home/AIPS/31DEC17/APL/DEV/ZVTVRO.FOR
-/home/AIPS/31DEC17/APL/DEV/ZVTVX2.FOR
-/home/AIPS/31DEC17/APL/DEV/ZVTVX3.FOR
-/home/AIPS/31DEC17/APL/DEV/ZVTVXF.FOR
-/home/AIPS/31DEC17/APL/DEV/ZWAI2.FOR
-/home/AIPS/31DEC17/APL/DEV/ZWAIT.FOR
-/home/AIPS/31DEC17/APL/DEV/ZWHOMI.FOR
-/home/AIPS/31DEC17/APL/DEV/ZWINC2.FOR
-/home/AIPS/31DEC17/APL/DEV/ZWINC.FOR
-/home/AIPS/31DEC17/APL/DEV/ZX8XL.FOR
-/home/AIPS/31DEC17/APL/DEV/ZXHELP.FOR
-/home/AIPS/31DEC17/APL/DEV/ZXLX8.FOR
