-/home/AIPS/31DEC17/Q/DEV/PSAP/Q1FIN.FOR
-/home/AIPS/31DEC17/Q/DEV/PSAP/Q1GRD.FOR
-/home/AIPS/31DEC17/Q/DEV/PSAP/QBAKSU.FOR
-/home/AIPS/31DEC17/Q/DEV/PSAP/QBOXSU.FOR
-/home/AIPS/31DEC17/Q/DEV/PSAP/QCFFT.FOR
-/home/AIPS/31DEC17/Q/DEV/PSAP/QCFT1D.FOR
-/home/AIPS/31DEC17/Q/DEV/PSAP/QCFT1I.FOR
-/home/AIPS/31DEC17/Q/DEV/PSAP/QCFT2D.FOR
-/home/AIPS/31DEC17/Q/DEV/PSAP/QCFT2I.FOR
-/home/AIPS/31DEC17/Q/DEV/PSAP/QCFT3D.FOR
-/home/AIPS/31DEC17/Q/DEV/PSAP/QCFT3I.FOR
-/home/AIPS/31DEC17/Q/DEV/PSAP/QCGAUS.FOR
-/home/AIPS/31DEC17/Q/DEV/PSAP/QCLNSU.FOR
-/home/AIPS/31DEC17/Q/DEV/PSAP/QCLNSZ.FOR
-/home/AIPS/31DEC17/Q/DEV/PSAP/QCRVMU.FOR
-/home/AIPS/31DEC17/Q/DEV/PSAP/QCSQTR.FOR
-/home/AIPS/31DEC17/Q/DEV/PSAP/QCTLUT.FOR
-/home/AIPS/31DEC17/Q/DEV/PSAP/QCVCMU.FOR
-/home/AIPS/31DEC17/Q/DEV/PSAP/QCVCON.FOR
-/home/AIPS/31DEC17/Q/DEV/PSAP/QCVEXP.FOR
-/home/AIPS/31DEC17/Q/DEV/PSAP/QCVJAD.FOR
-/home/AIPS/31DEC17/Q/DEV/PSAP/QCVMAG.FOR
-/home/AIPS/31DEC17/Q/DEV/PSAP/QCVMMA.FOR
-/home/AIPS/31DEC17/Q/DEV/PSAP/QCVMOV.FOR
-/home/AIPS/31DEC17/Q/DEV/PSAP/QCVMUL.FOR
-/home/AIPS/31DEC17/Q/DEV/PSAP/QCVSDI.FOR
-/home/AIPS/31DEC17/Q/DEV/PSAP/QCVSMA.FOR
-/home/AIPS/31DEC17/Q/DEV/PSAP/QCVSMS.FOR
-/home/AIPS/31DEC17/Q/DEV/PSAP/QDFT.FOR
-/home/AIPS/31DEC17/Q/DEV/PSAP/QDGET.FOR
-/home/AIPS/31DEC17/Q/DEV/PSAP/QDIRAD.FOR
-/home/AIPS/31DEC17/Q/DEV/PSAP/QDPUT.FOR
-/home/AIPS/31DEC17/Q/DEV/PSAP/QFINGR.FOR
-/home/AIPS/31DEC17/Q/DEV/PSAP/QGADIV.FOR
-/home/AIPS/31DEC17/Q/DEV/PSAP/QGASUB.FOR
-/home/AIPS/31DEC17/Q/DEV/PSAP/QGET2.FOR
-/home/AIPS/31DEC17/Q/DEV/PSAP/QGET.FOR
-/home/AIPS/31DEC17/Q/DEV/PSAP/QGETI2.FOR
-/home/AIPS/31DEC17/Q/DEV/PSAP/QGETIN.FOR
-/home/AIPS/31DEC17/Q/DEV/PSAP/QGRD1.FOR
-/home/AIPS/31DEC17/Q/DEV/PSAP/QGRD2.FOR
-/home/AIPS/31DEC17/Q/DEV/PSAP/QGRD3.FOR
-/home/AIPS/31DEC17/Q/DEV/PSAP/QGRD4.FOR
-/home/AIPS/31DEC17/Q/DEV/PSAP/QGRD5.FOR
-/home/AIPS/31DEC17/Q/DEV/PSAP/QGRD6.FOR
-/home/AIPS/31DEC17/Q/DEV/PSAP/QGRD7.FOR
-/home/AIPS/31DEC17/Q/DEV/PSAP/QGRD8.FOR
-/home/AIPS/31DEC17/Q/DEV/PSAP/QGRDCC.FOR
-/home/AIPS/31DEC17/Q/DEV/PSAP/QGRDFI.FOR
-/home/AIPS/31DEC17/Q/DEV/PSAP/QGRDMI.FOR
-/home/AIPS/31DEC17/Q/DEV/PSAP/QGRIDA.FOR
-/home/AIPS/31DEC17/Q/DEV/PSAP/QGRID.FOR
-/home/AIPS/31DEC17/Q/DEV/PSAP/QGSP.FOR
-/home/AIPS/31DEC17/Q/DEV/PSAP/QHIST.FOR
-/home/AIPS/31DEC17/Q/DEV/PSAP/QIHIST.FOR
-/home/AIPS/31DEC17/Q/DEV/PSAP/QINIT.FOR
-/home/AIPS/31DEC17/Q/DEV/PSAP/QINTG.FOR
-/home/AIPS/31DEC17/Q/DEV/PSAP/QINTP.FOR
-/home/AIPS/31DEC17/Q/DEV/PSAP/QLSORT.FOR
-/home/AIPS/31DEC17/Q/DEV/PSAP/QLVGT.FOR
-/home/AIPS/31DEC17/Q/DEV/PSAP/QMAKMS.FOR
-/home/AIPS/31DEC17/Q/DEV/PSAP/QMAXMI.FOR
-/home/AIPS/31DEC17/Q/DEV/PSAP/QMAXV.FOR
-/home/AIPS/31DEC17/Q/DEV/PSAP/QMCALC.FOR
-/home/AIPS/31DEC17/Q/DEV/PSAP/QMENT.FOR
-/home/AIPS/31DEC17/Q/DEV/PSAP/QMINV.FOR
-/home/AIPS/31DEC17/Q/DEV/PSAP/QMTRAN.FOR
-/home/AIPS/31DEC17/Q/DEV/PSAP/QMTYP.FOR
-/home/AIPS/31DEC17/Q/DEV/PSAP/QMULCL.FOR
-/home/AIPS/31DEC17/Q/DEV/PSAP/QNGRD.FOR
-/home/AIPS/31DEC17/Q/DEV/PSAP/QOSORT.FOR
-/home/AIPS/31DEC17/Q/DEV/PSAP/QPERMA.FOR
-/home/AIPS/31DEC17/Q/DEV/PSAP/QPHSRO.FOR
-/home/AIPS/31DEC17/Q/DEV/PSAP/QPOLAR.FOR
-/home/AIPS/31DEC17/Q/DEV/PSAP/QPRJM.FOR
-/home/AIPS/31DEC17/Q/DEV/PSAP/QPTADC.FOR
-/home/AIPS/31DEC17/Q/DEV/PSAP/QPTDIV.FOR
-/home/AIPS/31DEC17/Q/DEV/PSAP/QPTFAZ.FOR
-/home/AIPS/31DEC17/Q/DEV/PSAP/QPTSUB.FOR
-/home/AIPS/31DEC17/Q/DEV/PSAP/QPUT2.FOR
-/home/AIPS/31DEC17/Q/DEV/PSAP/QPUT.FOR
-/home/AIPS/31DEC17/Q/DEV/PSAP/QPUTI2.FOR
-/home/AIPS/31DEC17/Q/DEV/PSAP/QPUTIN.FOR
-/home/AIPS/31DEC17/Q/DEV/PSAP/QRECT1.FOR
-/home/AIPS/31DEC17/Q/DEV/PSAP/QRECT.FOR
-/home/AIPS/31DEC17/Q/DEV/PSAP/QRFFT.FOR
-/home/AIPS/31DEC17/Q/DEV/PSAP/QRFT.FOR
-/home/AIPS/31DEC17/Q/DEV/PSAP/QRLSE.FOR
-/home/AIPS/31DEC17/Q/DEV/PSAP/QSEARC.FOR
-/home/AIPS/31DEC17/Q/DEV/PSAP/QSORT.FOR
-/home/AIPS/31DEC17/Q/DEV/PSAP/QSPDIV.FOR
-/home/AIPS/31DEC17/Q/DEV/PSAP/QSPSUB.FOR
-/home/AIPS/31DEC17/Q/DEV/PSAP/QSVE.FOR
-/home/AIPS/31DEC17/Q/DEV/PSAP/QSVESQ.FOR
-/home/AIPS/31DEC17/Q/DEV/PSAP/QTAPER.FOR
-/home/AIPS/31DEC17/Q/DEV/PSAP/QUCONJ.FOR
-/home/AIPS/31DEC17/Q/DEV/PSAP/QUVIN.FOR
-/home/AIPS/31DEC17/Q/DEV/PSAP/QUVINT.FOR
-/home/AIPS/31DEC17/Q/DEV/PSAP/QVABS.FOR
-/home/AIPS/31DEC17/Q/DEV/PSAP/QVADD.FOR
-/home/AIPS/31DEC17/Q/DEV/PSAP/QVCLIP.FOR
-/home/AIPS/31DEC17/Q/DEV/PSAP/QVCLR.FOR
-/home/AIPS/31DEC17/Q/DEV/PSAP/QVCOS.FOR
-/home/AIPS/31DEC17/Q/DEV/PSAP/QVDIV.FOR
-/home/AIPS/31DEC17/Q/DEV/PSAP/QVEXP.FOR
-/home/AIPS/31DEC17/Q/DEV/PSAP/QVFILL.FOR
-/home/AIPS/31DEC17/Q/DEV/PSAP/QVFIX.FOR
-/home/AIPS/31DEC17/Q/DEV/PSAP/QVFLT.FOR
-/home/AIPS/31DEC17/Q/DEV/PSAP/QVIDIV.FOR
-/home/AIPS/31DEC17/Q/DEV/PSAP/QVINDE.FOR
-/home/AIPS/31DEC17/Q/DEV/PSAP/QVLN.FOR
-/home/AIPS/31DEC17/Q/DEV/PSAP/QVMA.FOR
-/home/AIPS/31DEC17/Q/DEV/PSAP/QVMOV.FOR
-/home/AIPS/31DEC17/Q/DEV/PSAP/QVMUL.FOR
-/home/AIPS/31DEC17/Q/DEV/PSAP/QVNEG.FOR
-/home/AIPS/31DEC17/Q/DEV/PSAP/QVRVRS.FOR
-/home/AIPS/31DEC17/Q/DEV/PSAP/QVSADD.FOR
-/home/AIPS/31DEC17/Q/DEV/PSAP/QVSIN.FOR
-/home/AIPS/31DEC17/Q/DEV/PSAP/QVSMAF.FOR
-/home/AIPS/31DEC17/Q/DEV/PSAP/QVSMA.FOR
-/home/AIPS/31DEC17/Q/DEV/PSAP/QVSMSA.FOR
-/home/AIPS/31DEC17/Q/DEV/PSAP/QVSMUL.FOR
-/home/AIPS/31DEC17/Q/DEV/PSAP/QVSQ.FOR
-/home/AIPS/31DEC17/Q/DEV/PSAP/QVSQRT.FOR
-/home/AIPS/31DEC17/Q/DEV/PSAP/QVSUB.FOR
-/home/AIPS/31DEC17/Q/DEV/PSAP/QVSWAP.FOR
-/home/AIPS/31DEC17/Q/DEV/PSAP/QVTRAN.FOR
-/home/AIPS/31DEC17/Q/DEV/PSAP/QVTSMU.FOR
-/home/AIPS/31DEC17/Q/DEV/PSAP/QWAIT.FOR
-/home/AIPS/31DEC17/Q/DEV/PSAP/QWD.FOR
-/home/AIPS/31DEC17/Q/DEV/PSAP/QWR.FOR
-/home/AIPS/31DEC17/Q/DEV/PSAP/QWTCNT.FOR
-/home/AIPS/31DEC17/Q/DEV/PSAP/QWTGET.FOR
-/home/AIPS/31DEC17/Q/DEV/PSAP/QWTGRD.FOR
-/home/AIPS/31DEC17/Q/DEV/PSAP/QWTSUM.FOR
-/home/AIPS/31DEC17/Q/DEV/PSAP/QXFOR2.FOR
-/home/AIPS/31DEC17/Q/DEV/PSAP/QXFOUR.FOR
-/home/AIPS/31DEC17/Q/DEV/PSAP/QXXPTS.FOR
