-/home/AIPS/31DEC17/Q/SUB/NOTST/AEGRID.FOR
-/home/AIPS/31DEC17/Q/SUB/NOTST/ALGMEM.FOR
-/home/AIPS/31DEC17/Q/SUB/NOTST/ALGSTB.FOR
-/home/AIPS/31DEC17/Q/SUB/NOTST/APCONV.FOR
-/home/AIPS/31DEC17/Q/SUB/NOTST/APFNSH.FOR
-/home/AIPS/31DEC17/Q/SUB/NOTST/APIO.FOR
-/home/AIPS/31DEC17/Q/SUB/NOTST/APLOAD.FOR
-/home/AIPS/31DEC17/Q/SUB/NOTST/APSHFT.FOR
-/home/AIPS/31DEC17/Q/SUB/NOTST/APSUM.FOR
-/home/AIPS/31DEC17/Q/SUB/NOTST/APVCHK.FOR
-/home/AIPS/31DEC17/Q/SUB/NOTST/APWRIT.FOR
-/home/AIPS/31DEC17/Q/SUB/NOTST/BUFGET.FOR
-/home/AIPS/31DEC17/Q/SUB/NOTST/BUFPUT.FOR
-/home/AIPS/31DEC17/Q/SUB/NOTST/CALRES.FOR
-/home/AIPS/31DEC17/Q/SUB/NOTST/CCSGRD.FOR
-/home/AIPS/31DEC17/Q/SUB/NOTST/CCSMEM.FOR
-/home/AIPS/31DEC17/Q/SUB/NOTST/CONV1.FOR
-/home/AIPS/31DEC17/Q/SUB/NOTST/CONV2.FOR
-/home/AIPS/31DEC17/Q/SUB/NOTST/CONV3.FOR
-/home/AIPS/31DEC17/Q/SUB/NOTST/CONV4.FOR
-/home/AIPS/31DEC17/Q/SUB/NOTST/CONVFN.FOR
-/home/AIPS/31DEC17/Q/SUB/NOTST/CONV.FOR
-/home/AIPS/31DEC17/Q/SUB/NOTST/CORR.FOR
-/home/AIPS/31DEC17/Q/SUB/NOTST/DSKFFT.FOR
-/home/AIPS/31DEC17/Q/SUB/NOTST/FFTIM.FOR
-/home/AIPS/31DEC17/Q/SUB/NOTST/FFTMEM.FOR
-/home/AIPS/31DEC17/Q/SUB/NOTST/FRSRCI.FOR
-/home/AIPS/31DEC17/Q/SUB/NOTST/GR3DUV.FOR
-/home/AIPS/31DEC17/Q/SUB/NOTST/GRCMEM.FOR
-/home/AIPS/31DEC17/Q/SUB/NOTST/GRDCOR.FOR
-/home/AIPS/31DEC17/Q/SUB/NOTST/GRDCRM.FOR
-/home/AIPS/31DEC17/Q/SUB/NOTST/GRDMEM.FOR
-/home/AIPS/31DEC17/Q/SUB/NOTST/GRDSUB.FOR
-/home/AIPS/31DEC17/Q/SUB/NOTST/GRDTAB.FOR
-/home/AIPS/31DEC17/Q/SUB/NOTST/IMGMEM.FOR
-/home/AIPS/31DEC17/Q/SUB/NOTST/INTPFN.FOR
-/home/AIPS/31DEC17/Q/SUB/NOTST/MAKCVM.FOR
-/home/AIPS/31DEC17/Q/SUB/NOTST/MAKMAP.FOR
-/home/AIPS/31DEC17/Q/SUB/NOTST/SDGRID.FOR
-/home/AIPS/31DEC17/Q/SUB/NOTST/SRTIN.FOR
-/home/AIPS/31DEC17/Q/SUB/NOTST/SRTOUT.FOR
-/home/AIPS/31DEC17/Q/SUB/NOTST/TRTOCF.FOR
-/home/AIPS/31DEC17/Q/SUB/NOTST/TRTOCS.FOR
-/home/AIPS/31DEC17/Q/SUB/NOTST/UVMDIV.FOR
-/home/AIPS/31DEC17/Q/SUB/NOTST/UVMSUB.FOR
-/home/AIPS/31DEC17/Q/SUB/NOTST/UVMTYP.FOR
-/home/AIPS/31DEC17/Q/SUB/NOTST/UVPDIV.FOR
-/home/AIPS/31DEC17/Q/SUB/NOTST/UVSORT.FOR
-/home/AIPS/31DEC17/Q/SUB/NOTST/UVTBUN.FOR
-/home/AIPS/31DEC17/Q/SUB/NOTST/UVTBUW.FOR
-/home/AIPS/31DEC17/Q/SUB/NOTST/UVUNIF.FOR
-/home/AIPS/31DEC17/Q/SUB/NOTST/VISDFT.FOR
-/home/AIPS/31DEC17/Q/SUB/NOTST/VSCDFT.FOR
-/home/AIPS/31DEC17/Q/SUB/NOTST/VSFDFT.FOR
-/home/AIPS/31DEC17/Q/SUB/NOTST/XCSHFT.FOR
