-/home/AIPS/31DEC17/Y/DEV/YALUCT.FOR
-/home/AIPS/31DEC17/Y/DEV/YCHRW.FOR
-/home/AIPS/31DEC17/Y/DEV/YCINIT.FOR
-/home/AIPS/31DEC17/Y/DEV/YCMULT.FOR
-/home/AIPS/31DEC17/Y/DEV/YCNECT.FOR
-/home/AIPS/31DEC17/Y/DEV/YCONST.FOR
-/home/AIPS/31DEC17/Y/DEV/YCOVER.FOR
-/home/AIPS/31DEC17/Y/DEV/YCRCTL.FOR
-/home/AIPS/31DEC17/Y/DEV/YCREAD.FOR
-/home/AIPS/31DEC17/Y/DEV/YCUCOR.FOR
-/home/AIPS/31DEC17/Y/DEV/YCURSE.FOR
-/home/AIPS/31DEC17/Y/DEV/YCWRIT.FOR
-/home/AIPS/31DEC17/Y/DEV/YDIE.FOR
-/home/AIPS/31DEC17/Y/DEV/YDTVC.FOR
-/home/AIPS/31DEC17/Y/DEV/YFDBCK.FOR
-/home/AIPS/31DEC17/Y/DEV/YFILL.FOR
-/home/AIPS/31DEC17/Y/DEV/YFIND.FOR
-/home/AIPS/31DEC17/Y/DEV/YGGRAM.FOR
-/home/AIPS/31DEC17/Y/DEV/YGRAFE.FOR
-/home/AIPS/31DEC17/Y/DEV/YGRAFX.FOR
-/home/AIPS/31DEC17/Y/DEV/YGRAPH.FOR
-/home/AIPS/31DEC17/Y/DEV/YGYHDR.FOR
-/home/AIPS/31DEC17/Y/DEV/YHOLD.FOR
-/home/AIPS/31DEC17/Y/DEV/YIFM.FOR
-/home/AIPS/31DEC17/Y/DEV/YIMGIO.FOR
-/home/AIPS/31DEC17/Y/DEV/YINIT.FOR
-/home/AIPS/31DEC17/Y/DEV/YISDRM.FOR
-/home/AIPS/31DEC17/Y/DEV/YISDSC.FOR
-/home/AIPS/31DEC17/Y/DEV/YISJMP.FOR
-/home/AIPS/31DEC17/Y/DEV/YISLOD.FOR
-/home/AIPS/31DEC17/Y/DEV/YISMPM.FOR
-/home/AIPS/31DEC17/Y/DEV/YLOCAT.FOR
-/home/AIPS/31DEC17/Y/DEV/YLOWON.FOR
-/home/AIPS/31DEC17/Y/DEV/YLUT.FOR
-/home/AIPS/31DEC17/Y/DEV/YMAGIC.FOR
-/home/AIPS/31DEC17/Y/DEV/YMKCUR.FOR
-/home/AIPS/31DEC17/Y/DEV/YMKHDR.FOR
-/home/AIPS/31DEC17/Y/DEV/YMNMAX.FOR
-/home/AIPS/31DEC17/Y/DEV/YOFM.FOR
-/home/AIPS/31DEC17/Y/DEV/YRHIST.FOR
-/home/AIPS/31DEC17/Y/DEV/YSCROL.FOR
-/home/AIPS/31DEC17/Y/DEV/YSHIFT.FOR
-/home/AIPS/31DEC17/Y/DEV/YSLECT.FOR
-/home/AIPS/31DEC17/Y/DEV/YSPLIT.FOR
-/home/AIPS/31DEC17/Y/DEV/YSTCUR.FOR
-/home/AIPS/31DEC17/Y/DEV/YTCOMP.FOR
-/home/AIPS/31DEC17/Y/DEV/YTVCIN.FOR
-/home/AIPS/31DEC17/Y/DEV/YTVCL2.FOR
-/home/AIPS/31DEC17/Y/DEV/YTVCLS.FOR
-/home/AIPS/31DEC17/Y/DEV/YTVMC.FOR
-/home/AIPS/31DEC17/Y/DEV/YTVOP2.FOR
-/home/AIPS/31DEC17/Y/DEV/YTVOPN.FOR
-/home/AIPS/31DEC17/Y/DEV/YWINDO.FOR
-/home/AIPS/31DEC17/Y/DEV/YZERO.FOR
-/home/AIPS/31DEC17/Y/DEV/YZOOMC.FOR
