-/home/AIPS/31DEC17/Y/PGM/NOTST/ALVAR.FOR
-/home/AIPS/31DEC17/Y/PGM/NOTST/ANBPL.FOR
-/home/AIPS/31DEC17/Y/PGM/NOTST/APCAL.FOR
-/home/AIPS/31DEC17/Y/PGM/NOTST/BPLOT.FOR
-/home/AIPS/31DEC17/Y/PGM/NOTST/CAPLT.FOR
-/home/AIPS/31DEC17/Y/PGM/NOTST/CLPLT.FOR
-/home/AIPS/31DEC17/Y/PGM/NOTST/CONFI.FOR
-/home/AIPS/31DEC17/Y/PGM/NOTST/DELZN.FOR
-/home/AIPS/31DEC17/Y/PGM/NOTST/DFTPL.FOR
-/home/AIPS/31DEC17/Y/PGM/NOTST/ELFIT.FOR
-/home/AIPS/31DEC17/Y/PGM/NOTST/ELINT.FOR
-/home/AIPS/31DEC17/Y/PGM/NOTST/FGPLT.FOR
-/home/AIPS/31DEC17/Y/PGM/NOTST/FRMAP.FOR
-/home/AIPS/31DEC17/Y/PGM/NOTST/FRPLT.FOR
-/home/AIPS/31DEC17/Y/PGM/NOTST/FTFLG.FOR
-/home/AIPS/31DEC17/Y/PGM/NOTST/GAL.FOR
-/home/AIPS/31DEC17/Y/PGM/NOTST/GCPLT.FOR
-/home/AIPS/31DEC17/Y/PGM/NOTST/IBLED.FOR
-/home/AIPS/31DEC17/Y/PGM/NOTST/IMLHS.FOR
-/home/AIPS/31DEC17/Y/PGM/NOTST/IRING.FOR
-/home/AIPS/31DEC17/Y/PGM/NOTST/LOCIT.FOR
-/home/AIPS/31DEC17/Y/PGM/NOTST/OBPLT.FOR
-/home/AIPS/31DEC17/Y/PGM/NOTST/PBEAM.FOR
-/home/AIPS/31DEC17/Y/PGM/NOTST/PCFLG.FOR
-/home/AIPS/31DEC17/Y/PGM/NOTST/PCHIS.FOR
-/home/AIPS/31DEC17/Y/PGM/NOTST/PCPLT.FOR
-/home/AIPS/31DEC17/Y/PGM/NOTST/PFPL1.FOR
-/home/AIPS/31DEC17/Y/PGM/NOTST/PFPL2.FOR
-/home/AIPS/31DEC17/Y/PGM/NOTST/PFPL3.FOR
-/home/AIPS/31DEC17/Y/PGM/NOTST/PLCUB.FOR
-/home/AIPS/31DEC17/Y/PGM/NOTST/PLOTR.FOR
-/home/AIPS/31DEC17/Y/PGM/NOTST/PLROW.FOR
-/home/AIPS/31DEC17/Y/PGM/NOTST/POSSM.FOR
-/home/AIPS/31DEC17/Y/PGM/NOTST/RFLAG.FOR
-/home/AIPS/31DEC17/Y/PGM/NOTST/SNFIT.FOR
-/home/AIPS/31DEC17/Y/PGM/NOTST/SNIFS.FOR
-/home/AIPS/31DEC17/Y/PGM/NOTST/SNPLT.FOR
-/home/AIPS/31DEC17/Y/PGM/NOTST/SOUSP.FOR
-/home/AIPS/31DEC17/Y/PGM/NOTST/SPFLG.FOR
-/home/AIPS/31DEC17/Y/PGM/NOTST/TARPL.FOR
-/home/AIPS/31DEC17/Y/PGM/NOTST/TVCPS.FOR
-/home/AIPS/31DEC17/Y/PGM/NOTST/TVDIC.FOR
-/home/AIPS/31DEC17/Y/PGM/NOTST/TVFLG.FOR
-/home/AIPS/31DEC17/Y/PGM/NOTST/UFLAG.FOR
-/home/AIPS/31DEC17/Y/PGM/NOTST/UVHGM.FOR
-/home/AIPS/31DEC17/Y/PGM/NOTST/UVPLT.FOR
-/home/AIPS/31DEC17/Y/PGM/NOTST/VPLOT.FOR
-/home/AIPS/31DEC17/Y/PGM/NOTST/WETHR.FOR
-/home/AIPS/31DEC17/Y/PGM/NOTST/WIPER.FOR
