COMRPL    : Date       Fri Apr 27 16:00:24 MDT 2018
PP        : Preprocess /home/AIPS/31DEC17/APL/SUB/NOTST/BPGET.FOR
PP        : into       /home/AIPS/31DEC17/LNX64/PREP/BPGET.f
TEST VERSION OF PP
FC        : Date       Fri Apr 27 16:00:24 MDT 2018
FC        : Interpret  FC NOPURGE  \
FC        :            /home/AIPS/31DEC17/LNX64/PREP/BPGET.f
FC        : as         LIST=FALSE PURGE=FALSE
FC        : plus       /usr/local/compilers/gcc-6/bin/gfortran -c -fno-automatic -Wunused -Wuninitialized -Wmaybe-uninitialized -finit-local-zero -m64 -fimplicit-none -O2 \
FC        :            /home/AIPS/31DEC17/LNX64/PREP/BPGET.f
FC        : Compile of /home/AIPS/31DEC17/LNX64/PREP/BPGET.f
FC        : ends successfully.
FC        : Ends successfully
COMRPL    : stash /home/AIPS/31DEC17/LNX64/PREP/BPGET.o
COMRPL    : in    /home/AIPS/31DEC17/LNX64/PREP/BPGET.TEMP
COMRPL    : Now redo in debug mode
FC        : Date       Fri Apr 27 16:00:28 MDT 2018
FC        : Interpret  FC NOOPT DEBUGNOPURGE  \
FC        :            /home/AIPS/31DEC17/LNX64/PREP/BPGET.f
FC        : as         LIST=FALSE PURGE=FALSE
FC        : plus       /usr/local/compilers/gcc-6/bin/gfortran -c -fno-automatic -Wunused -Wuninitialized -Wmaybe-uninitialized -finit-local-zero -m64 -fimplicit-none  -g \
FC        :            /home/AIPS/31DEC17/LNX64/PREP/BPGET.f
FC        : Compile of /home/AIPS/31DEC17/LNX64/PREP/BPGET.f
FC        : ends successfully.
FC        : Ends successfully
COMRPL    : move to /home/AIPS/31DEC17/LNX64/PREP/BPGET.DEBUG
COMRPL    : unstash /home/AIPS/31DEC17/LNX64/PREP/BPGET.o
COMRPL    : Copied     /home/AIPS/31DEC17/LNX64/PREP/BPGET.DEBUG
COMRPL    : to         /home/AIPS/31DEC17/LNX64/LIBRDBG/APLNOT/BPGET.o
COMRPL    : Copied     /home/AIPS/31DEC17/LNX64/PREP/BPGET.o
COMRPL    : to         /home/AIPS/31DEC17/LNX64/LIBR/APLNOT
COMRPL    : Removed    /home/AIPS/31DEC17/LNX64/PREP/BPGET.o
COMRPL    : and        /home/AIPS/31DEC17/LNX64/PREP/BPGET.DEBUG
COMRPL    : Delete     /home/AIPS/31DEC17/LNX64/PREP/BPGET.LOG
COMRPL    : Changed    /home/AIPS/31DEC17/APL/SUB/NOTST/BPGET.FOR
COMRPL    : in         /home/AIPS/31DEC17/LNX64/UPDATE/COMRPL.AT
COMRPL    : to         -/home/AIPS/31DEC17/APL/SUB/NOTST/BPGET.FOR
COMRPL    : Ends successfully
