AIPSUPD - COMLNK /home/AIPS/31DEC17/APL/PGM/NOTST/PCASS.FOR
AIPSUPD - failed!
AIPSUPD -  125 lines of /home/AIPS/31DEC17/LNX64/PREP/PCASS.LOG follow
COMLNK    : Date       Wed Oct 25 21:43:20 MDT 2017
PP        : Preprocess /home/AIPS/31DEC17/APL/PGM/NOTST/PCASS.FOR
PP        : into       /home/AIPS/31DEC17/LNX64/PREP/PCASS.f
TEST VERSION OF PP
FC        : Date       Wed Oct 25 21:43:20 MDT 2017
FC        : Interpret  FC  \
FC        :            /home/AIPS/31DEC17/LNX64/PREP/PCASS.f
FC        : as         LIST=FALSE PURGE=FALSE
FC        : plus       /opt/intel/fce/10.1.021/bin/ifort -c -axWPT -w90 -w95 -cm -ip -save -align all -O3 \
FC        :            /home/AIPS/31DEC17/LNX64/PREP/PCASS.f
/home/AIPS/31DEC17/SYSTEM/UNIX/FC: line 490: /opt/intel/fce/10.1.021/bin/ifort: No such file or directory
FC        : Compile of /home/AIPS/31DEC17/LNX64/PREP/PCASS.f
FC        : ends with fatal error(s)!

    1:      PROGRAM PCASS
    2:C-----------------------------------------------------------------------
    3:C! Finds bandpass table spectra from PC table spectra
    4:C# EXT-appl Calibration Table
    5:C-----------------------------------------------------------------------
    6:C;  Copyright (C) 2016-2017
    7:C;  Associated Universities, Inc. Washington DC, USA.
    8:C;
    9:C;  This program is free software; you can redistribute it and/or
   10:C;  modify it under the terms of the GNU General Public License as
   11:C;  published by the Free Software Foundation; either version 2 of
   12:C;  the License, or (at your option) any later version.
   13:C;
   14:C;  This program is distributed in the hope that it will be useful,
   15:C;  but WITHOUT ANY WARRANTY; without even the implied warranty of
   16:C;  MERCHANTABILITY or FITNESS FOR A PARTICULAR PURPOSE.  See the
   17:C;  GNU General Public License for more details.
   18:C;
   19:C;  You should have received a copy of the GNU General Public
   20:C;  License along with this program; if not, write to the Free
   21:C;  Software Foundation, Inc., 675 Massachusetts Ave, Cambridge,
   22:C;  MA 02139, USA.
   23:C;
   24:C;  Correspondence concerning AIPS should be addressed as follows:
   25:C;         Internet email: aipsmail@nrao.edu.
   26:C;         Postal address: AIPS Project Office
   27:C;                         National Radio Astronomy Observatory
   28:C;                         520 Edgemont Road
   29:C;                         Charlottesville, VA 22903-2475 USA
   30:C-----------------------------------------------------------------------
   31:C   Smooths/interpolates bandpass table to regular intervals
   32:C   Inputs from user
   33:C      INNAME.....Input UV file name (name).      Standard defaults.
   34:C      INCLASS....Input UV file name (class).     Standard defaults.
   35:C      INSEQ......Input UV file name (seq. #).    0 => highest.
   36:C      INDISK.....Disk drive # of input UV file.  0 => any.
   37:C      INVERS.....Specifies the version of the PC table to be read as
   38:C                 input.   0 -> highest.
   39:C                 The output version is always highest + 1.
   40:C      FREQID.....Frequency ID - 0 all
   41:C      SUBARRAY...Subarray number - 0 all
   42:C      CALSOUR....Calibration sources - all ' ' -> all
   43:C      SOLINT.....Integration time in minutes (<= 0 -> scan)
   44:C-----------------------------------------------------------------------
   45:      INTEGER   IRET
   46:C     INCLUDE 'INCS:DDCH.INC'
   47:C                                                          Include DDCH.
   48:C-----------------------------------------------------------------------
   49:C-----------------------------------------------------------------------
   50:C                                       AIPS system parameters
   51:      INTEGER   NDCHD
   52:      PARAMETER (NDCHD=18)
   53:      CHARACTER SYSNAM*20, VERNAM*4, RLSNAM*8, DEVNAM(20)*48,
   54:     *   NONNAM(80)*48, MAPNAM(20)*48, SYSTYP*4, SYSVER*8, TPDNAM*24,
   55:     *   TPNAME(99)*24, HSTNAM*12
   56:      REAL      HBLANK, QWHRT1(3), QWHRT2(3), QWHRT3(3)
   57:      DOUBLE PRECISION DBLANK
   58:      REAL   XPRDMM, XTKDMM, TIMEDA(99), TIMESG, TIMEMS, TIMESC, TIMECA,
   59:     *   TIMEBA(4), TIMEAP(3), FBLANK, RFILIT(14), AIPSMK
   60:      INTEGER   NVOL, NBPS, NSPG, NBTB1, NTAB1, NBTB2, NTAB2, NBTB3,
   61:     *   NTAB3, NTAPED, CRTMAX, PRTMAX, NBATQS, MAXXPR(2), CSIZPR(2),
   62:     *   NINTRN, KAPWRD, NWDPDP, NBITWD, NCHLIN, NTVDEV, NTKDEV, BLANKV,
   63:     *   NTVACC, NTKACC, UCTSIZ, BYTFLP, USELIM, NBITCH, NCHPRT,
   64:     *   KAP2WD, MAXXTK(2), CSIZTK(2), DASSGN(8,99), SPFRMT, DPFRMT,
   65:     *   NSHORT, TTYCAR, PRDELE, DCHDUM(NDCHD), DEVTAB(128), FTAB(3200)
   66:      COMMON /DCHCHM/ SYSNAM, HSTNAM, VERNAM, SYSTYP, SYSVER, RLSNAM,
   67:     *   DEVNAM, NONNAM, MAPNAM, TPNAME, TPDNAM
   68:      COMMON /DCHCOM/ DBLANK, XPRDMM, XTKDMM, TIMEDA, TIMESG, TIMEMS,
   69:     *   TIMESC, TIMECA, TIMEBA, TIMEAP, FBLANK, RFILIT, HBLANK,
   70:     *   NVOL, NBPS, NSPG, NBTB1, NTAB1, NBTB2, NTAB2, NBTB3, NTAB3,
   71:     *   NTAPED, CRTMAX, PRTMAX, NBATQS, MAXXPR, CSIZPR, NINTRN,
   72:     *   KAPWRD, NWDPDP, NBITWD, NCHLIN, NTVDEV, NTKDEV, BLANKV,
   73:     *   NTVACC, NTKACC, UCTSIZ, BYTFLP, USELIM, NBITCH, NCHPRT,
   74:     *   KAP2WD, MAXXTK, CSIZTK, DASSGN, DEVTAB, SPFRMT, DPFRMT,
   75:     *   NSHORT, TTYCAR, PRDELE, QWHRT1, QWHRT2, QWHRT3, AIPSMK,
   76:     *   DCHDUM
   77:      COMMON /FTABCM/ FTAB
   78:C                                                          End DDCH.
   79:C     INCLUDE 'INCS:DHDR.INC'
   80:C                                                          Include DHDR.
   81:C-----------------------------------------------------------------------
   82:C-----------------------------------------------------------------------
   83:      INTEGER   KHOBJ, KHTEL, KHINS, KHOBS, KHDOB, KHDMP, KHBUN, KHPTP,
   84:     *   KHCTP, KRCIC, KRCRP, KRCRT, KREPO, KRDMX, KRDMN, KRBLK, KHIMN,
   85:     *   KHIMC, KHPTY, KRBMJ, KRBMN, KRBPA, KRARP, KRXSH, KRYSH,
   86:     *   KHIMNO, KHIMCO, KHPTYO,
   87:     *   KDCRV, KDORA, KDODE, KDRST, KDARV,
   88:     *   KIGCN, KINIT,
   89:     *   KIPTPN, KICTPN, KIEXTN,
   90:     *   KIPCN, KIDIM, KINAX, KIIMS, KIIMU, KITYP, KIALT, KHEXT, KIVER,
   91:     *   IRRAN, IIVOL, IICNO, IIWIN, IIDEP, IICOR, IITRA, IIPLT, IIOTH,
   92:     *   KRWTN, KIITY, KRXPO, KRYPO, KIRES, KIRESN
   93:      COMMON /HDRVAL/  KHOBJ, KHTEL, KHINS, KHOBS, KHDOB, KHDMP, KHBUN,
   94:     *   KHPTP, KHCTP, KRCIC, KRCRP, KRCRT, KREPO, KRDMX, KRDMN, KRBLK,
   95:     *   KHIMN, KHIMC, KHPTY, KRBMJ, KRBMN, KRBPA, KRARP, KRXSH, KRYSH,
   96:     *   KHIMNO, KHIMCO, KHPTYO,
   97:     *   KDCRV, KDORA, KDODE, KDRST, KDARV,
   98:     *   KIGCN, KINIT,
   99:     *   KIPTPN, KICTPN, KIEXTN,
  100:     *   KIPCN, KIDIM, KINAX, KIIMS, KIIMU, KITYP, KIALT, KHEXT, KIVER,
  101:     *   IRRAN, IIVOL, IICNO, IIWIN, IIDEP, IICOR, IITRA, IIPLT, IIOTH,
  102:     *   KRWTN, KIITY, KRXPO, KRYPO, KIRES, KIRESN
  103:C                                                          End DHDR.
  104:C     INCLUDE 'INCS:DMSG.INC'
  105:C                                                          Include DMSG.
  106:C-----------------------------------------------------------------------
  107:C-----------------------------------------------------------------------
  108:C                                       AIPS system message common
  109:      INTEGER   MSGCNT, NPOPS, NLUSER, NACOUN, MSGSUP, MSGREC,
  110:     *   MSGKIL, ISBTCH, DBGAIP, MSGVER, MSGRMB, MSGDUM
  111:      CHARACTER MSGTXT*80, TSKNAM*6
