abackup
abortask
about
abs
-accor
-acfit
-aclip
acos
-acscl
actnoise
addbeam
adddisk
-addif
-afars
-afile
-agaus
-ahist
-aips
-aipsb
-aipsc
alias
alldest
allokay
altdef
altswtch
-alvar
-alvpr
-anbpl
-ancal
ancheck
-antab
antennas
antname
antnum
antuse
antwt
aparm
-apcal
-apcln
-apgps
-apgs
apropos
-apvc
arestore
array
array1
array2
array3
asdmfile
asin
aspmm
astromet
atan
atan2
-atlod
-atmca
aveot
-aver
avfile
avgchan
avgif
avmap
avoption
-avspc
-avtp
ax2ref
axdefine
axinc
axref
axtype
axval
baddisk
-bakld
-baktp
bamodify
band
bandpol
baseline
basfit
-basrm
batch
batchjob
batclear
batedit
-bater
batfline
batlist
batnline
batque
bchan
bcomp
bcount
-bdapl
-bdepo
-bdf2aips
bdflist
bdrop
bif
biter
-blank
-blapp
-blavg
blc
-blcal
-blchn
-bling
-bloat
blocking
-blsum
blver
-blwup
bmaj
bmin
box
box2cc
-boxes
boxfile
bpa
bparm
-bpass
bpassprm
-bpcor
-bpedt
-bperr
-bplot
bprint
-bpsmo
bpver
-bpway
-bpwgt
break
-bsavg
-bscan
-bscln
-bscor
-bsfix
-bsgeo
-bsgrd
-bsmap
-bsmod
-bsprt
-bsrot
-bstst
bwsmear
by
calcode
caldir
-calib
calibrat
calin
-calrd
calsour
-calwr
-candy
-canpl
-caplt
catalog
category
catno
cbplot
-cc2im
ccbox
-ccedt
-ccfnd
-ccgau
-ccmod
-ccmrg
-ccntr
-ccres
-ccsel
ceil
celgal
cellsize
-centr
channel
chansel
char
charmult
chinc
-chkfc
chkname
circlevs
-cl2hf
clbox
-clcal
-clcop
-clcor
clcorprm
clev
clint
-clinv
-clip
-clipm
-clplt
clr2name
clr3name
clr4name
clr5name
clrmsg
clrname
clroname
clrstat
clrtemp
-clsmo
-clvlb
cmethod
cmodel
-cntr
codeciml
codetype
-coher
colors
-comb
comment
compress
con3col
-confi
config
-conpl
-convl
coodefin
cooinc
coordina
cooref
cootype
copies
copixel
core
-corer
-corfq
cos
costar
cotvlod
cowindow
cparm
-cpass
cputime
-cpyrt
crosspol
crowded
crsfring
-cscor
ctype
-cubit
curblink
curvalue
cutoff
-cvel
-cxcln
cxpoln
darkline
data2in
datain
dataout
-dayfx
daynumbr
-dbapp
-dbcon
dchansel
dcode
-dconv
ddisk
ddt
ddtsave
ddtsize
debug
decimal
-decor
decshift
default
defcolor
defer
-deflg
delay
delbox
delcorr
deltax
deltay
-delzn
density
denumb
-descm
detime
-dfcor
dfilebox
-dfqid
-dftim
-dftpl
-difrl
-difuv
digicor
-disku
dismount
dist
do3col
do3dimag
doacor
doalign
doall
doalpha
doapply
doarray
doband
doblank
dobtween
docalib
docat
docell
docenter
docircle
docolor
doconcat
doconfrm
docont
docrt
dodark
dodelay
doebar
doeof
doeot
dofars
dofit
doflag
dofract
dogrey
dogridcr
dohist
dohms
doifs
doinvers
dokeep
domax
domodel
donewtab
doosro
dooutput
doplot
dopol
dopos
doprint
doresid
dorobust
doscale
doscan
doslice
dospix
dostokes
dotable
dotv
dotwo
douvcomp
dovect
dovlamp
dowait
dowedge
doweight
dowidth
dparm
-dqual
drawbox
-drchk
-dskew
-dsorc
-dstok
-dtchk
-dtsim
-dtsum
dump
echan
ecount
edgskp
edit
-edita
-editr
edrop
efactor
egethead
egetname
ehex
ehnumb
eif
-elfit
-elint
else
end
endbatch
endedit
epoconv
eposwtch
eprint
erase
error
-evasn
-evauv
evla
exit
exp
expert
explain
-extab
extdest
extlist
-faces
factor
-farad
-fars
-fetch
few
-fft
fgauss
-fgcnt
-fgdif
-fgplt
-fgspw
-fgtab
filebox
filezap
-filit
-fillm
-fillr
-findr
finish
-fit2a
-fitab
fitdisk
-fitld
fitout
-fittp
-fixal
-fixan
-fixbx
-fixrl
-fixwt
-flagr
flagver
flamlevs
-flatn
fldsize
-flgit
flmcomm
floor
-flopm
flux
fmax
for
format
fov
fparm
fpos
fqcenter
fqtol
-fqube
-frcal
freespac
freqid
-fring
-frmap
-frplt
fshift
fsize
-ftflg
-fudge
functype
fwidth
fxalias
fxavg
-fxpol
-fxtim
-fxvla
-fxvlb
gain
gainerr
gainuse
gainver
-gal
gammaset
-gcplt
gcver
get
get2name
get3name
get4name
get5name
getdate
gethead
-getjy
getname
getoname
getpopsn
getthead
getvers
gg
-glens
gmax
gnugpl
go
gpos
-gpsdl
graddres
grandom
grblink
grchan
grclear
grdrop
gread
gremail
-greys
grindex
gripe
-gripr
grlist
grname
groff
gron
grphone
-gscat
-gstar
guard
gwidth
gwrite
-ha2ti
-hafix
help
-hf2sv
-hfprt
-hgeom
hiend
hinote
-hiseq
histart
hitext
-hlpagaus
-hlpclean
-hlpedibp
-hlpedicl
-hlpedipc
-hlpedipd
-hlpedisn
-hlpediss
-hlpedisy
-hlpedits
-hlpedity
-hlpediuv
-hlpfilit
-hlpftflg
-hlpibled
-hlppcflg
-hlpplayr
-hlprmfit
-hlpscimg
-hlpscmap
-hlpspflg
-hlptvflg
-hlptvhld
-hlptvhui
-hlptvrgb
-hlptvsad
-hlptvspc
-hlpuflag
-hlpwiper
-hlpxgaus
-hlpzaman
-hlpzeman
-holgr
-holog
-horus
hsa
huewedge
-huint
i
-ibled
ichansel
icut
if
-im2cc
im2head
im2parm
im2tv
-im2uv
im3head
im4head
im5head
-imagr
imagrprm
imcenter
-imclp
imdist
-imean
imerase
-imerg
-imfit
-imflt
imfring
imheader
-imlhs
-imlin
-imlod
-immod
imohead
impos
-imrms
imscal
imsize
imstat
-imtxt
imval
-imvim
imwedge
imxy
in2class
in2disk
in2ext
in2file
in2name
in2seq
in2type
in2vers
in3class
in3disk
in3ext
in3name
in3seq
in3type
in3vers
in4class
in4disk
in4name
in4seq
in4type
in5class
in5disk
in5name
in5seq
in5type
inclass
indisk
-indxh
-indxr
inext
infile
inlist
inname
inp
inputs
inseq
intape
interpol
intext
intparm
intype
invers
iotape
-iring
isbatch
iscalib
-ispec
j
-jmfit
joblist
jobnum
keystrng
keytype
keyvalue
keyword
kleenex
-kntr
-kring
label
-layer
-ldgps
length
levs
-lgeom
linimage
list
-listr
ln
-locit
log
-lpcal
lpen
lsapropo
-ltess
ltype
-lwpla
m2cat
m3cat
-m3tar
m4cat
m5cat
-mandl
many
-mapbm
mapdif
mappr
-match
-maths
max
maxfit
maxpixel
maxtab
-mbdly
mcat
-mcube
mdisk
-medi
mergecal
-mf2st
mfitset
-mfprt
min
minamper
minanten
minpatch
minphser
-mk3in
-mk3tx
mocat
mod
-modab
modify
-modim
-modsp
modulus
-modvf
-momft
-momnt
-morif
mount
-move
msgkill
msgserver
msgsrv
-msort
-mulif
-multi
-mwflt
-mx
nameget
-nans
naxis
nboxes
nccbox
nchan
nchav
ncomp
ncount
ndig
newtask
nfield
nfiles
ngauss
nif
-niner
niter
nmaps
-nnlsq
noadverb
-nobat
-noifs
noise
normaliz
npiece
nplots
npoints
nprint
nthread
numtell
nx
ny
-obedt
obitimag
obitmap
obitpeel
obitscal
object
oboxfile
-obplt
-obtab
offhuint
offpseud
offroam
offscrol
offset
offtran
offzoom
-oflag
ofmadjus
ofmcont
ofmdir
ofmfile
ofmget
ofmlist
ofmsave
ofmtweak
ofmzap
-ogeom
-ohgeo
-omfit
onebeam
onefreq
oocal
oofring
-oosrt
-oosub
opcode
optell
optype
order
-otfbs
-otfin
-otfuv
out2clas
out2disk
out2name
out2seq
outclass
outdisk
outfgver
outfile
outname
outprint
outputs
outseq
outtape
outtext
outvers
overlap
ovrswtch
-padim
-panel
panic
parallel
password
-paste
-patgn
-pbcor
-pbeam
pbparm
pbsize
-pcal
-pcass
pcat
-pcavg
-pccor
-pcedt
-pcfit
-pcflg
-pchis
-pclod
-pcntr
-pcplt
-pcrms
pcut
-pcvel
-pdedt
pdver
-peek
peelr
-pfpl1
-pfpl2
-pfpl3
pft
-pgeom
-phase
phasprm
phat
-phcln
-phneg
phslimit
-phsrf
pipeaips
pix2val
pix2xy
pixavg
pixrange
pixstd
pixval
pixxy
-playr
plcolors
-plcub
plev
plget
-plotc
-plotr
-plrow
plver
pmodel
pol3col
polangle
-polco
polplot
-polsn
popsdat
popsym
-possm
postscript
print
printer
priority
prnumber
proc
procedur
-profl
prstart
-prtab
-prtac
-prtan
prtask
-prtcc
prthi
-prtim
prtime
prtlev
prtlimit
prtmsg
-prtof
-prtpl
-prtsd
-prtsy
-prttp
-prtuv
pseudo
pseudovb
puthead
putthead
putvalue
q2header
q3header
q4header
q5header
qcreate
qgetvers
qheader
qimval
qinp
-qmspl
qoheader
-quack
qual
quantize
queues
-qufix
quit
-quout
-quxtr
radius
rainlevs
random
rashift
read
readisk
readline
-reamp
reason
rebox
rebyte
recat
refant
refdate
-reflg
-regrd
rehex
-reifs
-remag
remdisk
remhost
removie
remque
remtape
rename
renumber
reroam
rescale
-reseq
restart
restfreq
restore
return
reversn
-reway
reweight
-rewgt
rewind
-rfars
-rfi
-rflag
rgbcolor
rgbgamma
rgblevs
-rgbmp
-rlcal
-rlcor
-rldif
-rldly
-rm
-rm2pl
-rmfit
-rmsd
rmslimit
roam
roamoff
robust
romode
rotate
rparm
-rspec
-rstor
-rtime
run
runwait
-sabox
-sad
samptype
savdest
save
-sbcor
scalar
scalr1
scalr2
scalr3
scanleng
scantime
scat
-scimg
-sclim
-scmap
scratch
scrdest
scutoff
-sdcal
-sdcln
-sdgrd
-sdimg
-sdlsf
-sdmod
-sdtuv
-sdvel
search
secondary
secondry
selband
selfreq
-serch
set1dg
-setan
setdebug
-setfc
-setjy
setmaxap
setroam
setslice
setxwin
sg2run
sgdestr
sgindex
-shado
-shadw
shift
-shouv
show
sin
sizefile
skew
-skyve
-sl2pl
-slcol
-slfit
-slice
slot
-slprt
smodel
smooth
-smoth
smotype
-sncop
-sncor
sncorprm
sncut
-sndup
-snedt
-snfit
-snflg
-snifs
-snp2d
-snplt
-snref
-snsmo
snver
-solcl
solcon
solint
solmin
solmode
solsub
soltype
sort
soucode
sources
-sousp
sparm
-spcal
-spcor
specindx
specparm
-specr
spectral
specurve
-spfix
-spflg
-spixr
-splat
-split
-spmod
spy
-sqash
sqrt
-stack
stalin
-stars
-steer
steplevs
-stess
stfactor
-stfnd
-stfun
stokes
stop
store
stqueue
stra1
stra2
stra3
-stran
strb1
strb2
strb3
strc1
strc2
strc3
string
stuffr
stvers
subarray
-subim
submit
substr
-sufix
-sumim
-sumsq
-swapr
-swpol
-sy2ty
symbol
sys2com
syscom
-sysol
sysout
system
sysvel
t1verb
-tabed
tabget
tabput
-tacop
-taffy
-taflg
-tamrg
tan
tapes
-taplt
-tappe
-tarpl
-tars
-tasav
task
-tasrt
tau0
-tbavg
-tbdif
-tbin
tblc
-tbout
-tbsub
-tbtsk
tcode
-tcopy
tdepend
tdisk
td_scans
td_sscan
td_step3
td_step5
-tecor
tekserver
teksrv
telflm
tell
-tfile
tget
tgindex
thedate
then
-ti2ha
timdest
timerang
timsmo
-tiord
tk1set
tkaguess
tkamodel
tkaresid
tkaslice
tkbox
tkerase
tkguess
tkmodel
tknboxs
-tkpl
tkpos
tkresid
tkset
tkslice
tkval
tkwin
tkxy
-tlcal
tmask
tmode
tnamf
to
tphead
tpmon
tput
-trans
transcod
trc
trecvr
triangle
-truep
ttrc
tv1set
tv3color
tvacomps
tvaguess
tvall
tvamodel
tvanot
tvaresid
tvaslice
tvblink
tvbox
tvbut
tvchan
tvclear
tvcolors
tvcomps
tvcorn
-tvcps
tvcube
-tvdic
tvdist
tvfiddle
-tvflg
tvflux
tvguess
tvhelix
-tvhld
tvhueint
-tvhui
tviline
tvinit
tvlabel
tvlayout
tvlevs
tvline
tvlod
tvlut
tvmaxfit
tvmblink
tvmlut
tvmodel
tvmovie
tvname
tvoff
tvon
tvphlame
-tvpl
tvpos
tvpseudo
tvreset
tvresid
-tvrgb
tvroam
-tvsad
tvscrol
tvset
tvslice
-tvspc
tvsplit
tvstar
tvstat
tvtransf
tvwedge
tvwindow
tvwlabel
tvxy
tvzoom
txinc
-txpl
-tyapl
-tycop
tyinc
type
-tysmo
tyver
tzinc
u2cat
u3cat
u4cat
u5cat
-ubavg
ucat
-uflag
-ujoin
-uncal
unque
uocat
usave
userid
userlist
-usuba
-utess
uv1type
-uv2ms
-uv2tb
uv2type
uv3type
uv4type
uv5type
uv6type
-uvadc
-uvavg
-uvbas
uvbox
uvbxfn
-uvcmp
-uvcon
-uvcop
uvcopprm
-uvcrs
-uvdec
-uvdgp
-uvdi1
-uvdif
-uvfil
-uvfit
-uvfix
uvfixprm
-uvflg
-uvfnd
-uvfre
-uvgit
-uvglu
-uvhgm
-uvhim
-uvhol
-uvimg
-uvlin
-uvlod
-uvlsd
-uvlsf
-uvmap
-uvmln
-uvmod
-uvmth
-uvnou
-uvplt
-uvpol
-uvprm
-uvprt
uvrange
-uvrfi
-uvsen
-uvsim
uvsize
-uvsrt
-uvsub
uvtaper
-uvwax
uvwtfn
value
-vbcal
-vbglu
-vbmrg
vcode
vector
veldef
veltyp
verb
version
vget
vgindex
vla
-vlabp
vlac
vlacalib
vlaclcal
vlacsave
vlal
vlalist
vlalsave
vlamode
-vlamp
-vlant
vlaobs
vlaprocs
vlareset
vlarun
vlasumm
vlatecr
vlba
vlbaamp
vlbaarch
-vlbabpss
vlbacala
vlbaccor
vlbacpol
vlbacrpl
vlbaeops
vlbafix
vlbafpol
vlbafqs
vlbafrgp
vlbafrng
vlbait
vlbakrgp
vlbakrng
vlbaload
vlbamcal
vlbampcl
vlbapang
vlbapcor
vlbapipe
vlbarun
vlbasnpl
vlbasrt
vlbasubs
vlbasumm
vlbatecr
vlbautil
vlbddt
-vlbin
vlbinprm
-vlog
vnumber
vparm
-vpflg
-vplot
vput
-vtess
-vtest
waittask
-warp
wederase
weightit
-wethr
-wfcln
wgauss
whatsnew
while
-wiper
wrtdisk
wrtprocs
-wtmod
-wtsum
wtthresh
wtuv
x
xas
xaxis
-xbasl
-xg2pl
-xgaus
xhelp
xinc
-xmom
xparm
-xplot
-xsmth
-xsum
-xtran
xtype
xvss
-xydif
xyratio
y
y2k
y2ksave
yinc
yparm
ytype
-zaman
zap
-zeman
zerosp
zinc
zxratio
