-/home/AIPS/31DEC16/AIPS/PGM/NOTST/COOKNS.FOR
-/home/AIPS/31DEC16/AIPS/PGM/NOTST/COOKNX.FOR
-/home/AIPS/31DEC16/AIPS/PGM/NOTST/DDBGR.FOR
-/home/AIPS/31DEC16/AIPS/PGM/NOTST/DELSG.FOR
-/home/AIPS/31DEC16/AIPS/PGM/NOTST/FIXCAT.FOR
-/home/AIPS/31DEC16/AIPS/PGM/NOTST/FIXUSR.FOR
-/home/AIPS/31DEC16/AIPS/PGM/NOTST/GR2TEX.FOR
-/home/AIPS/31DEC16/AIPS/PGM/NOTST/GRITP.FOR
-/home/AIPS/31DEC16/AIPS/PGM/NOTST/HLPA.FOR
-/home/AIPS/31DEC16/AIPS/PGM/NOTST/HLPB.FOR
-/home/AIPS/31DEC16/AIPS/PGM/NOTST/MSGSRV.FOR
-/home/AIPS/31DEC16/AIPS/PGM/NOTST/RDFITS.FOR
-/home/AIPS/31DEC16/AIPS/PGM/NOTST/REBYTE.FOR
-/home/AIPS/31DEC16/AIPS/PGM/NOTST/SETPAR.FOR
-/home/AIPS/31DEC16/AIPS/PGM/NOTST/SHOPA.FOR
-/home/AIPS/31DEC16/AIPS/PGM/NOTST/SHOPB.FOR
-/home/AIPS/31DEC16/AIPS/PGM/NOTST/SHOPH.FOR
-/home/AIPS/31DEC16/AIPS/PGM/NOTST/TEKSRV.FOR
-/home/AIPS/31DEC16/AIPS/PGM/NOTST/TPMON.FOR
-/home/AIPS/31DEC16/AIPS/PGM/NOTST/TVSERV.FOR
-/home/AIPS/31DEC16/AIPS/PGM/NOTST/UNIX/ZSTRTA.FOR
-/home/AIPS/31DEC16/AIPS/PGM/NOTST/UNIX/ZSTRTB.FOR
-/home/AIPS/31DEC16/AIPS/PGM/NOTST/UNIX/ZSTRTD.FOR
-/home/AIPS/31DEC16/AIPS/PGM/NOTST/UNIX/ZSTRTQ.FOR
-/home/AIPS/31DEC16/AIPS/PGM/NOTST/UPDAT.FOR
-/home/AIPS/31DEC16/AIPS/PGM/NOTST/USERNO.FOR
