-/home/AIPS/31DEC16/APL/SUB/A2WAWA.FOR
-/home/AIPS/31DEC16/APL/SUB/ACOUNT.FOR
-/home/AIPS/31DEC16/APL/SUB/AIPINI.FOR
-/home/AIPS/31DEC16/APL/SUB/ALIASA.FOR
-/home/AIPS/31DEC16/APL/SUB/ALIAS.FOR
-/home/AIPS/31DEC16/APL/SUB/ALLTAB.FOR
-/home/AIPS/31DEC16/APL/SUB/AMERGE.FOR
-/home/AIPS/31DEC16/APL/SUB/ANFIND.FOR
-/home/AIPS/31DEC16/APL/SUB/ANINI.FOR
-/home/AIPS/31DEC16/APL/SUB/ANMAXA.FOR
-/home/AIPS/31DEC16/APL/SUB/ANREFM.FOR
-/home/AIPS/31DEC16/APL/SUB/ANSAME.FOR
-/home/AIPS/31DEC16/APL/SUB/ANSEL.FOR
-/home/AIPS/31DEC16/APL/SUB/ANTDAT.FOR
-/home/AIPS/31DEC16/APL/SUB/ANTFND.FOR
-/home/AIPS/31DEC16/APL/SUB/ANTINI.FOR
-/home/AIPS/31DEC16/APL/SUB/AP2SIZ.FOR
-/home/AIPS/31DEC16/APL/SUB/ASOLVE.FOR
-/home/AIPS/31DEC16/APL/SUB/ATMFAZ.FOR
-/home/AIPS/31DEC16/APL/SUB/AVGCHN.FOR
-/home/AIPS/31DEC16/APL/SUB/AVGCIF.FOR
-/home/AIPS/31DEC16/APL/SUB/AVGSMO.FOR
-/home/AIPS/31DEC16/APL/SUB/AXEFND.FOR
-/home/AIPS/31DEC16/APL/SUB/AXSTRN.FOR
-/home/AIPS/31DEC16/APL/SUB/B2JPOS.FOR
-/home/AIPS/31DEC16/APL/SUB/BAKLDS.FOR
-/home/AIPS/31DEC16/APL/SUB/BATQ.FOR
-/home/AIPS/31DEC16/APL/SUB/BEMFIT.FOR
-/home/AIPS/31DEC16/APL/SUB/BESSJ1.FOR
-/home/AIPS/31DEC16/APL/SUB/BLDSNM.FOR
-/home/AIPS/31DEC16/APL/SUB/BLDTNM.FOR
-/home/AIPS/31DEC16/APL/SUB/BLTGLE.FOR
-/home/AIPS/31DEC16/APL/SUB/BLTLIS.FOR
-/home/AIPS/31DEC16/APL/SUB/BOUNDS.FOR
-/home/AIPS/31DEC16/APL/SUB/BOXBSM.FOR
-/home/AIPS/31DEC16/APL/SUB/BSCONV.FOR
-/home/AIPS/31DEC16/APL/SUB/CALHIS.FOR
-/home/AIPS/31DEC16/APL/SUB/CATCLR.FOR
-/home/AIPS/31DEC16/APL/SUB/CATDIR.FOR
-/home/AIPS/31DEC16/APL/SUB/CATFIX.FOR
-/home/AIPS/31DEC16/APL/SUB/CATIME.FOR
-/home/AIPS/31DEC16/APL/SUB/CATINI.FOR
-/home/AIPS/31DEC16/APL/SUB/CATIO.FOR
-/home/AIPS/31DEC16/APL/SUB/CATKEY.FOR
-/home/AIPS/31DEC16/APL/SUB/CATN2L.FOR
-/home/AIPS/31DEC16/APL/SUB/CATOPN.FOR
-/home/AIPS/31DEC16/APL/SUB/CCINI.FOR
-/home/AIPS/31DEC16/APL/SUB/CCMINI.FOR
-/home/AIPS/31DEC16/APL/SUB/CCOPY.FOR
-/home/AIPS/31DEC16/APL/SUB/CELNAT.FOR
-/home/AIPS/31DEC16/APL/SUB/CENTFQ.FOR
-/home/AIPS/31DEC16/APL/SUB/CENTSU.FOR
-/home/AIPS/31DEC16/APL/SUB/CFILL.FOR
-/home/AIPS/31DEC16/APL/SUB/CGINI.FOR
-/home/AIPS/31DEC16/APL/SUB/CH2NUM.FOR
-/home/AIPS/31DEC16/APL/SUB/CHAVRT.FOR
-/home/AIPS/31DEC16/APL/SUB/CHBLNK.FOR
-/home/AIPS/31DEC16/APL/SUB/CHCOMP.FOR
-/home/AIPS/31DEC16/APL/SUB/CHCOPY.FOR
-/home/AIPS/31DEC16/APL/SUB/CHECKL.FOR
-/home/AIPS/31DEC16/APL/SUB/CHFILL.FOR
-/home/AIPS/31DEC16/APL/SUB/CHKCHR.FOR
-/home/AIPS/31DEC16/APL/SUB/CHLORU.FOR
-/home/AIPS/31DEC16/APL/SUB/CHLTOU.FOR
-/home/AIPS/31DEC16/APL/SUB/CHMATC.FOR
-/home/AIPS/31DEC16/APL/SUB/CHNDAT.FOR
-/home/AIPS/31DEC16/APL/SUB/CHNTIC.FOR
-/home/AIPS/31DEC16/APL/SUB/CHPACK.FOR
-/home/AIPS/31DEC16/APL/SUB/CHR2H.FOR
-/home/AIPS/31DEC16/APL/SUB/CHSTAT.FOR
-/home/AIPS/31DEC16/APL/SUB/CHTRIM.FOR
-/home/AIPS/31DEC16/APL/SUB/CHUTOL.FOR
-/home/AIPS/31DEC16/APL/SUB/CHWMAT.FOR
-/home/AIPS/31DEC16/APL/SUB/CLENUP.FOR
-/home/AIPS/31DEC16/APL/SUB/CMPCFL.FOR
-/home/AIPS/31DEC16/APL/SUB/COMOFF.FOR
-/home/AIPS/31DEC16/APL/SUB/COMPAR.FOR
-/home/AIPS/31DEC16/APL/SUB/COORDD.FOR
-/home/AIPS/31DEC16/APL/SUB/COORDI.FOR
-/home/AIPS/31DEC16/APL/SUB/COORDT.FOR
-/home/AIPS/31DEC16/APL/SUB/COPY.FOR
-/home/AIPS/31DEC16/APL/SUB/CORDDS.FOR
-/home/AIPS/31DEC16/APL/SUB/COVAR.FOR
-/home/AIPS/31DEC16/APL/SUB/CRDSET.FOR
-/home/AIPS/31DEC16/APL/SUB/CRDTRN.FOR
-/home/AIPS/31DEC16/APL/SUB/CTINI.FOR
-/home/AIPS/31DEC16/APL/SUB/CTREFM.FOR
-/home/AIPS/31DEC16/APL/SUB/CUBINT.FOR
-/home/AIPS/31DEC16/APL/SUB/CXFILL.FOR
-/home/AIPS/31DEC16/APL/SUB/DAT2JD.FOR
-/home/AIPS/31DEC16/APL/SUB/DATDAT.FOR
-/home/AIPS/31DEC16/APL/SUB/DATEST.FOR
-/home/AIPS/31DEC16/APL/SUB/DATFST.FOR
-/home/AIPS/31DEC16/APL/SUB/DBINIT.FOR
-/home/AIPS/31DEC16/APL/SUB/DECONV.FOR
-/home/AIPS/31DEC16/APL/SUB/DEFRMT.FOR
-/home/AIPS/31DEC16/APL/SUB/DELEXT.FOR
-/home/AIPS/31DEC16/APL/SUB/DFILL.FOR
-/home/AIPS/31DEC16/APL/SUB/DIE.FOR
-/home/AIPS/31DEC16/APL/SUB/DIETSK.FOR
-/home/AIPS/31DEC16/APL/SUB/DIRCOS.FOR
-/home/AIPS/31DEC16/APL/SUB/DIRDEC.FOR
-/home/AIPS/31DEC16/APL/SUB/DIRRA.FOR
-/home/AIPS/31DEC16/APL/SUB/DLESQR.FOR
-/home/AIPS/31DEC16/APL/SUB/DPCOPY.FOR
-/home/AIPS/31DEC16/APL/SUB/DPMPAR.FOR
-/home/AIPS/31DEC16/APL/SUB/DROUND.FOR
-/home/AIPS/31DEC16/APL/SUB/DSORT.FOR
-/home/AIPS/31DEC16/APL/SUB/DTTIME.FOR
-/home/AIPS/31DEC16/APL/SUB/DWRITE.FOR
-/home/AIPS/31DEC16/APL/SUB/ELIPSQ.FOR
-/home/AIPS/31DEC16/APL/SUB/ENORM.FOR
-/home/AIPS/31DEC16/APL/SUB/EULROT.FOR
-/home/AIPS/31DEC16/APL/SUB/EVTHDR.FOR
-/home/AIPS/31DEC16/APL/SUB/EVTPOP.FOR
-/home/AIPS/31DEC16/APL/SUB/EVTRDY.FOR
-/home/AIPS/31DEC16/APL/SUB/EXTCOP.FOR
-/home/AIPS/31DEC16/APL/SUB/EXTHIS.FOR
-/home/AIPS/31DEC16/APL/SUB/EXTINI.FOR
-/home/AIPS/31DEC16/APL/SUB/EXTIO.FOR
-/home/AIPS/31DEC16/APL/SUB/EXTREQ.FOR
-/home/AIPS/31DEC16/APL/SUB/FCINI.FOR
-/home/AIPS/31DEC16/APL/SUB/FIELDF.FOR
-/home/AIPS/31DEC16/APL/SUB/FILCLS.FOR
-/home/AIPS/31DEC16/APL/SUB/FILCOP.FOR
-/home/AIPS/31DEC16/APL/SUB/FILCR.FOR
-/home/AIPS/31DEC16/APL/SUB/FILDES.FOR
-/home/AIPS/31DEC16/APL/SUB/FILIO.FOR
-/home/AIPS/31DEC16/APL/SUB/FILKCP.FOR
-/home/AIPS/31DEC16/APL/SUB/FILL.FOR
-/home/AIPS/31DEC16/APL/SUB/FILNUM.FOR
-/home/AIPS/31DEC16/APL/SUB/FILOPN.FOR
-/home/AIPS/31DEC16/APL/SUB/FILZCH.FOR
-/home/AIPS/31DEC16/APL/SUB/FIRSTC.FOR
-/home/AIPS/31DEC16/APL/SUB/FITBM.FOR
-/home/AIPS/31DEC16/APL/SUB/FMATCH.FOR
-/home/AIPS/31DEC16/APL/SUB/FMAX.FOR
-/home/AIPS/31DEC16/APL/SUB/FNDCOL.FOR
-/home/AIPS/31DEC16/APL/SUB/FNDEFF.FOR
-/home/AIPS/31DEC16/APL/SUB/FNDEXT.FOR
-/home/AIPS/31DEC16/APL/SUB/FNDX.FOR
-/home/AIPS/31DEC16/APL/SUB/FNDXY.FOR
-/home/AIPS/31DEC16/APL/SUB/FNDY.FOR
-/home/AIPS/31DEC16/APL/SUB/FOINI.FOR
-/home/AIPS/31DEC16/APL/SUB/FORCED.FOR
-/home/AIPS/31DEC16/APL/SUB/FPARSE.FOR
-/home/AIPS/31DEC16/APL/SUB/FPTRIM.FOR
-/home/AIPS/31DEC16/APL/SUB/FQINI.FOR
-/home/AIPS/31DEC16/APL/SUB/FRMT.FOR
-/home/AIPS/31DEC16/APL/SUB/FRQGET.FOR
-/home/AIPS/31DEC16/APL/SUB/FSERCH.FOR
-/home/AIPS/31DEC16/APL/SUB/FSWTCH.FOR
-/home/AIPS/31DEC16/APL/SUB/FUNBSM.FOR
-/home/AIPS/31DEC16/APL/SUB/FXHDEX.FOR
-/home/AIPS/31DEC16/APL/SUB/FXSHFT.FOR
-/home/AIPS/31DEC16/APL/SUB/GALPOL.FOR
-/home/AIPS/31DEC16/APL/SUB/GAUSPS.FOR
-/home/AIPS/31DEC16/APL/SUB/GETBND.FOR
-/home/AIPS/31DEC16/APL/SUB/GETCOL.FOR
-/home/AIPS/31DEC16/APL/SUB/GETCRD.FOR
-/home/AIPS/31DEC16/APL/SUB/GETERR.FOR
-/home/AIPS/31DEC16/APL/SUB/GETHDR.FOR
-/home/AIPS/31DEC16/APL/SUB/GETHUT.FOR
-/home/AIPS/31DEC16/APL/SUB/GETI.FOR
-/home/AIPS/31DEC16/APL/SUB/GETINT.FOR
-/home/AIPS/31DEC16/APL/SUB/GETKEY.FOR
-/home/AIPS/31DEC16/APL/SUB/GETLG.FOR
-/home/AIPS/31DEC16/APL/SUB/GETNUM.FOR
-/home/AIPS/31DEC16/APL/SUB/GETRLS.FOR
-/home/AIPS/31DEC16/APL/SUB/GETSSY.FOR
-/home/AIPS/31DEC16/APL/SUB/GETSTR.FOR
-/home/AIPS/31DEC16/APL/SUB/GETSYM.FOR
-/home/AIPS/31DEC16/APL/SUB/GETVIS.FOR
-/home/AIPS/31DEC16/APL/SUB/GRDFIX.FOR
-/home/AIPS/31DEC16/APL/SUB/GRDFLT.FOR
-/home/AIPS/31DEC16/APL/SUB/GREG.FOR
-/home/AIPS/31DEC16/APL/SUB/GSCRED.FOR
-/home/AIPS/31DEC16/APL/SUB/GTICNT.FOR
-/home/AIPS/31DEC16/APL/SUB/GTPARM.FOR
-/home/AIPS/31DEC16/APL/SUB/GTTELL.FOR
-/home/AIPS/31DEC16/APL/SUB/GTWCRD.FOR
-/home/AIPS/31DEC16/APL/SUB/H2CHR.FOR
-/home/AIPS/31DEC16/APL/SUB/H2WAWA.FOR
-/home/AIPS/31DEC16/APL/SUB/HDRBUF.FOR
-/home/AIPS/31DEC16/APL/SUB/HDRINF.FOR
-/home/AIPS/31DEC16/APL/SUB/HDRWIN.FOR
-/home/AIPS/31DEC16/APL/SUB/HENCO1.FOR
-/home/AIPS/31DEC16/APL/SUB/HENCO2.FOR
-/home/AIPS/31DEC16/APL/SUB/HENCO3.FOR
-/home/AIPS/31DEC16/APL/SUB/HENCO4.FOR
-/home/AIPS/31DEC16/APL/SUB/HENCO5.FOR
-/home/AIPS/31DEC16/APL/SUB/HENCOO.FOR
-/home/AIPS/31DEC16/APL/SUB/HIAD80.FOR
-/home/AIPS/31DEC16/APL/SUB/HIADD.FOR
-/home/AIPS/31DEC16/APL/SUB/HIADDN.FOR
-/home/AIPS/31DEC16/APL/SUB/HICLOS.FOR
-/home/AIPS/31DEC16/APL/SUB/HICOPY.FOR
-/home/AIPS/31DEC16/APL/SUB/HICREA.FOR
-/home/AIPS/31DEC16/APL/SUB/HIINIT.FOR
-/home/AIPS/31DEC16/APL/SUB/HIIO.FOR
-/home/AIPS/31DEC16/APL/SUB/HILOCT.FOR
-/home/AIPS/31DEC16/APL/SUB/HIMERG.FOR
-/home/AIPS/31DEC16/APL/SUB/HIOPEN.FOR
-/home/AIPS/31DEC16/APL/SUB/HIPLOT.FOR
-/home/AIPS/31DEC16/APL/SUB/HIREAD.FOR
-/home/AIPS/31DEC16/APL/SUB/HISCOP.FOR
-/home/AIPS/31DEC16/APL/SUB/HITIME.FOR
-/home/AIPS/31DEC16/APL/SUB/IAMOK.FOR
-/home/AIPS/31DEC16/APL/SUB/ICOPEN.FOR
-/home/AIPS/31DEC16/APL/SUB/IDWCRD.FOR
-/home/AIPS/31DEC16/APL/SUB/IFPC.FOR
-/home/AIPS/31DEC16/APL/SUB/IMA2MP.FOR
-/home/AIPS/31DEC16/APL/SUB/IMERGE.FOR
-/home/AIPS/31DEC16/APL/SUB/IMGERR.FOR
-/home/AIPS/31DEC16/APL/SUB/IMGSIZ.FOR
-/home/AIPS/31DEC16/APL/SUB/INQFLT.FOR
-/home/AIPS/31DEC16/APL/SUB/INQGEN.FOR
-/home/AIPS/31DEC16/APL/SUB/INQINT.FOR
-/home/AIPS/31DEC16/APL/SUB/INQSTR.FOR
-/home/AIPS/31DEC16/APL/SUB/INTEDG.FOR
-/home/AIPS/31DEC16/APL/SUB/IOSET.FOR
-/home/AIPS/31DEC16/APL/SUB/IROUND.FOR
-/home/AIPS/31DEC16/APL/SUB/ISCALE.FOR
-/home/AIPS/31DEC16/APL/SUB/ISHSRT.FOR
-/home/AIPS/31DEC16/APL/SUB/ISLAND.FOR
-/home/AIPS/31DEC16/APL/SUB/ISORT.FOR
-/home/AIPS/31DEC16/APL/SUB/ISTAB.FOR
-/home/AIPS/31DEC16/APL/SUB/ISUM.FOR
-/home/AIPS/31DEC16/APL/SUB/ITRIM.FOR
-/home/AIPS/31DEC16/APL/SUB/IWPC.FOR
-/home/AIPS/31DEC16/APL/SUB/JABER.FOR
-/home/AIPS/31DEC16/APL/SUB/JD2DAT.FOR
-/home/AIPS/31DEC16/APL/SUB/JNUT.FOR
-/home/AIPS/31DEC16/APL/SUB/JPOLAR.FOR
-/home/AIPS/31DEC16/APL/SUB/JTRIM.FOR
-/home/AIPS/31DEC16/APL/SUB/JULDAY.FOR
-/home/AIPS/31DEC16/APL/SUB/KBOPAC.FOR
-/home/AIPS/31DEC16/APL/SUB/KEYCOP.FOR
-/home/AIPS/31DEC16/APL/SUB/KEYPCP.FOR
-/home/AIPS/31DEC16/APL/SUB/KTRIM.FOR
-/home/AIPS/31DEC16/APL/SUB/LABINI.FOR
-/home/AIPS/31DEC16/APL/SUB/LCOPY.FOR
-/home/AIPS/31DEC16/APL/SUB/LFILL.FOR
-/home/AIPS/31DEC16/APL/SUB/LINLIM.FOR
-/home/AIPS/31DEC16/APL/SUB/LINTER.FOR
-/home/AIPS/31DEC16/APL/SUB/LMDER1.FOR
-/home/AIPS/31DEC16/APL/SUB/LMDER.FOR
-/home/AIPS/31DEC16/APL/SUB/LMPAR.FOR
-/home/AIPS/31DEC16/APL/SUB/LMPIX.FOR
-/home/AIPS/31DEC16/APL/SUB/LMSTR1.FOR
-/home/AIPS/31DEC16/APL/SUB/LMSTR.FOR
-/home/AIPS/31DEC16/APL/SUB/LPCLOS.FOR
-/home/AIPS/31DEC16/APL/SUB/LPOPEN.FOR
-/home/AIPS/31DEC16/APL/SUB/LPSEC.FOR
-/home/AIPS/31DEC16/APL/SUB/LSERCH.FOR
-/home/AIPS/31DEC16/APL/SUB/LSORT.FOR
-/home/AIPS/31DEC16/APL/SUB/LSTHDR.FOR
-/home/AIPS/31DEC16/APL/SUB/LUNTMP.FOR
-/home/AIPS/31DEC16/APL/SUB/MADDEX.FOR
-/home/AIPS/31DEC16/APL/SUB/MAKOUT.FOR
-/home/AIPS/31DEC16/APL/SUB/MAPCLR.FOR
-/home/AIPS/31DEC16/APL/SUB/MAPCLS.FOR
-/home/AIPS/31DEC16/APL/SUB/MAPCOP.FOR
-/home/AIPS/31DEC16/APL/SUB/MAPCR.FOR
-/home/AIPS/31DEC16/APL/SUB/MAPIO.FOR
-/home/AIPS/31DEC16/APL/SUB/MAPMAX.FOR
-/home/AIPS/31DEC16/APL/SUB/MAPOPN.FOR
-/home/AIPS/31DEC16/APL/SUB/MAPSIZ.FOR
-/home/AIPS/31DEC16/APL/SUB/MAPSNC.FOR
-/home/AIPS/31DEC16/APL/SUB/MAPWIN.FOR
-/home/AIPS/31DEC16/APL/SUB/MAPXY.FOR
-/home/AIPS/31DEC16/APL/SUB/MATCH.FOR
-/home/AIPS/31DEC16/APL/SUB/MATVMU.FOR
-/home/AIPS/31DEC16/APL/SUB/MCREAT.FOR
-/home/AIPS/31DEC16/APL/SUB/MDESTR.FOR
-/home/AIPS/31DEC16/APL/SUB/MDISK.FOR
-/home/AIPS/31DEC16/APL/SUB/MEDIAN.FOR
-/home/AIPS/31DEC16/APL/SUB/METSCA.FOR
-/home/AIPS/31DEC16/APL/SUB/METSCD.FOR
-/home/AIPS/31DEC16/APL/SUB/METSCL.FOR
-/home/AIPS/31DEC16/APL/SUB/MFINI.FOR
-/home/AIPS/31DEC16/APL/SUB/MINIT.FOR
-/home/AIPS/31DEC16/APL/SUB/MINSK.FOR
-/home/AIPS/31DEC16/APL/SUB/MKYBUF.FOR
-/home/AIPS/31DEC16/APL/SUB/MLREOF.FOR
-/home/AIPS/31DEC16/APL/SUB/MOLGAM.FOR
-/home/AIPS/31DEC16/APL/SUB/MOM.FOR
-/home/AIPS/31DEC16/APL/SUB/MOVIST.FOR
-/home/AIPS/31DEC16/APL/SUB/MP2IMA.FOR
-/home/AIPS/31DEC16/APL/SUB/MP2SKY.FOR
-/home/AIPS/31DEC16/APL/SUB/MSGWRT.FOR
-/home/AIPS/31DEC16/APL/SUB/MSKIP.FOR
-/home/AIPS/31DEC16/APL/SUB/MULSDB.FOR
-/home/AIPS/31DEC16/APL/SUB/MWFBSM.FOR
-/home/AIPS/31DEC16/APL/SUB/NAMEST.FOR
-/home/AIPS/31DEC16/APL/SUB/NATCEL.FOR
-/home/AIPS/31DEC16/APL/SUB/NBYPX.FOR
-/home/AIPS/31DEC16/APL/SUB/NEWPOS.FOR
-/home/AIPS/31DEC16/APL/SUB/NMATCC.FOR
-/home/AIPS/31DEC16/APL/SUB/NMATCH.FOR
-/home/AIPS/31DEC16/APL/SUB/NXTMAP.FOR
-/home/AIPS/31DEC16/APL/SUB/OFMDIR.FOR
-/home/AIPS/31DEC16/APL/SUB/OPACTY.FOR
-/home/AIPS/31DEC16/APL/SUB/OPENCF.FOR
-/home/AIPS/31DEC16/APL/SUB/OPEXT.FOR
-/home/AIPS/31DEC16/APL/SUB/OSORT.FOR
-/home/AIPS/31DEC16/APL/SUB/OVLIOR.FOR
-/home/AIPS/31DEC16/APL/SUB/OVLROI.FOR
-/home/AIPS/31DEC16/APL/SUB/P2DMAT.FOR
-/home/AIPS/31DEC16/APL/SUB/PASENC.FOR
-/home/AIPS/31DEC16/APL/SUB/PASWRD.FOR
-/home/AIPS/31DEC16/APL/SUB/PBCALC.FOR
-/home/AIPS/31DEC16/APL/SUB/PCCARD.FOR
-/home/AIPS/31DEC16/APL/SUB/PCHDR.FOR
-/home/AIPS/31DEC16/APL/SUB/PEAKFN.FOR
-/home/AIPS/31DEC16/APL/SUB/PERMAT.FOR
-/home/AIPS/31DEC16/APL/SUB/PLNGET.FOR
-/home/AIPS/31DEC16/APL/SUB/PLTBSZ.FOR
-/home/AIPS/31DEC16/APL/SUB/POINI.FOR
-/home/AIPS/31DEC16/APL/SUB/POPSRD.FOR
-/home/AIPS/31DEC16/APL/SUB/POWER2.FOR
-/home/AIPS/31DEC16/APL/SUB/PRENAM.FOR
-/home/AIPS/31DEC16/APL/SUB/PRJMAT.FOR
-/home/AIPS/31DEC16/APL/SUB/PRJMUL.FOR
-/home/AIPS/31DEC16/APL/SUB/PRTLIN.FOR
-/home/AIPS/31DEC16/APL/SUB/PRTNAM.FOR
-/home/AIPS/31DEC16/APL/SUB/PSFORM.FOR
-/home/AIPS/31DEC16/APL/SUB/PTPARM.FOR
-/home/AIPS/31DEC16/APL/SUB/PUTCOL.FOR
-/home/AIPS/31DEC16/APL/SUB/PUTCRD.FOR
-/home/AIPS/31DEC16/APL/SUB/PUTKEY.FOR
-/home/AIPS/31DEC16/APL/SUB/QRFAC.FOR
-/home/AIPS/31DEC16/APL/SUB/QRSOLV.FOR
-/home/AIPS/31DEC16/APL/SUB/RANDIN.FOR
-/home/AIPS/31DEC16/APL/SUB/RANDUM.FOR
-/home/AIPS/31DEC16/APL/SUB/RCOPY.FOR
-/home/AIPS/31DEC16/APL/SUB/RCOPYS.FOR
-/home/AIPS/31DEC16/APL/SUB/REALOG.FOR
-/home/AIPS/31DEC16/APL/SUB/REAVRT.FOR
-/home/AIPS/31DEC16/APL/SUB/RECONV.FOR
-/home/AIPS/31DEC16/APL/SUB/REFRMT.FOR
-/home/AIPS/31DEC16/APL/SUB/RELPOP.FOR
-/home/AIPS/31DEC16/APL/SUB/REMETS.FOR
-/home/AIPS/31DEC16/APL/SUB/REMKEY.FOR
-/home/AIPS/31DEC16/APL/SUB/REQBAS.FOR
-/home/AIPS/31DEC16/APL/SUB/RESCAL.FOR
-/home/AIPS/31DEC16/APL/SUB/RESCSL.FOR
-/home/AIPS/31DEC16/APL/SUB/REWAIT.FOR
-/home/AIPS/31DEC16/APL/SUB/RFILL.FOR
-/home/AIPS/31DEC16/APL/SUB/RMEXT.FOR
-/home/AIPS/31DEC16/APL/SUB/RMINI.FOR
-/home/AIPS/31DEC16/APL/SUB/RNGSET.FOR
-/home/AIPS/31DEC16/APL/SUB/ROBUST.FOR
-/home/AIPS/31DEC16/APL/SUB/ROTFND.FOR
-/home/AIPS/31DEC16/APL/SUB/RSORT.FOR
-/home/AIPS/31DEC16/APL/SUB/RSUM.FOR
-/home/AIPS/31DEC16/APL/SUB/RSWAP.FOR
-/home/AIPS/31DEC16/APL/SUB/RUVFIL.FOR
-/home/AIPS/31DEC16/APL/SUB/RWUPDT.FOR
-/home/AIPS/31DEC16/APL/SUB/SATPRS.FOR
-/home/AIPS/31DEC16/APL/SUB/SAVHDR.FOR
-/home/AIPS/31DEC16/APL/SUB/SCALMM.FOR
-/home/AIPS/31DEC16/APL/SUB/SCREAT.FOR
-/home/AIPS/31DEC16/APL/SUB/SCRNAM.FOR
-/home/AIPS/31DEC16/APL/SUB/SDDPTS.FOR
-/home/AIPS/31DEC16/APL/SUB/SDTCRD.FOR
-/home/AIPS/31DEC16/APL/SUB/SELSTR.FOR
-/home/AIPS/31DEC16/APL/SUB/SETANT.FOR
-/home/AIPS/31DEC16/APL/SUB/SETBSC.FOR
-/home/AIPS/31DEC16/APL/SUB/SETDEF.FOR
-/home/AIPS/31DEC16/APL/SUB/SETDO3.FOR
-/home/AIPS/31DEC16/APL/SUB/SETLOC.FOR
-/home/AIPS/31DEC16/APL/SUB/SETUP.FOR
-/home/AIPS/31DEC16/APL/SUB/SETVIS.FOR
-/home/AIPS/31DEC16/APL/SUB/SHFCRP.FOR
-/home/AIPS/31DEC16/APL/SUB/SHFTXY.FOR
-/home/AIPS/31DEC16/APL/SUB/SHIFTP.FOR
-/home/AIPS/31DEC16/APL/SUB/SHINCP.FOR
-/home/AIPS/31DEC16/APL/SUB/SHISIN.FOR
-/home/AIPS/31DEC16/APL/SUB/SHSORT.FOR
-/home/AIPS/31DEC16/APL/SUB/SKPBLK.FOR
-/home/AIPS/31DEC16/APL/SUB/SKPEXT.FOR
-/home/AIPS/31DEC16/APL/SUB/SKY2MP.FOR
-/home/AIPS/31DEC16/APL/SUB/SKYFRM.FOR
-/home/AIPS/31DEC16/APL/SUB/SLAEVP.FOR
-/home/AIPS/31DEC16/APL/SUB/SLBINI.FOR
-/home/AIPS/31DEC16/APL/SUB/SMBOX.FOR
-/home/AIPS/31DEC16/APL/SUB/SMGAUS.FOR
-/home/AIPS/31DEC16/APL/SUB/SMMWF.FOR
-/home/AIPS/31DEC16/APL/SUB/SNDY.FOR
-/home/AIPS/31DEC16/APL/SUB/SNRVAL.FOR
-/home/AIPS/31DEC16/APL/SUB/SNSMOO.FOR
-/home/AIPS/31DEC16/APL/SUB/SOUINI.FOR
-/home/AIPS/31DEC16/APL/SUB/SPFIL.FOR
-/home/AIPS/31DEC16/APL/SUB/STATCH.FOR
-/home/AIPS/31DEC16/APL/SUB/STBOXF.FOR
-/home/AIPS/31DEC16/APL/SUB/STCLOS.FOR
-/home/AIPS/31DEC16/APL/SUB/STEPCH.FOR
-/home/AIPS/31DEC16/APL/SUB/STINI.FOR
-/home/AIPS/31DEC16/APL/SUB/STLTOU.FOR
-/home/AIPS/31DEC16/APL/SUB/STOPEN.FOR
-/home/AIPS/31DEC16/APL/SUB/STPUT.FOR
-/home/AIPS/31DEC16/APL/SUB/STRLIN.FOR
-/home/AIPS/31DEC16/APL/SUB/STXT.FOR
-/home/AIPS/31DEC16/APL/SUB/SUBGET.FOR
-/home/AIPS/31DEC16/APL/SUB/SUBHDR.FOR
-/home/AIPS/31DEC16/APL/SUB/SUINI.FOR
-/home/AIPS/31DEC16/APL/SUB/SUREFM.FOR
-/home/AIPS/31DEC16/APL/SUB/SWAPAX.FOR
-/home/AIPS/31DEC16/APL/SUB/SYMINV.FOR
-/home/AIPS/31DEC16/APL/SUB/T2DHMS.FOR
-/home/AIPS/31DEC16/APL/SUB/TABAN.FOR
-/home/AIPS/31DEC16/APL/SUB/TABCCM.FOR
-/home/AIPS/31DEC16/APL/SUB/TABCG.FOR
-/home/AIPS/31DEC16/APL/SUB/TABCOP.FOR
-/home/AIPS/31DEC16/APL/SUB/TABCT.FOR
-/home/AIPS/31DEC16/APL/SUB/TABERR.FOR
-/home/AIPS/31DEC16/APL/SUB/TABF3D.FOR
-/home/AIPS/31DEC16/APL/SUB/TABFC.FOR
-/home/AIPS/31DEC16/APL/SUB/TABFO.FOR
-/home/AIPS/31DEC16/APL/SUB/TABFQ.FOR
-/home/AIPS/31DEC16/APL/SUB/TABINI.FOR
-/home/AIPS/31DEC16/APL/SUB/TABIO.FOR
-/home/AIPS/31DEC16/APL/SUB/TABKEY.FOR
-/home/AIPS/31DEC16/APL/SUB/TABLIN.FOR
-/home/AIPS/31DEC16/APL/SUB/TABMRG.FOR
-/home/AIPS/31DEC16/APL/SUB/TABPAK.FOR
-/home/AIPS/31DEC16/APL/SUB/TABPO.FOR
-/home/AIPS/31DEC16/APL/SUB/TABRM.FOR
-/home/AIPS/31DEC16/APL/SUB/TABSOU.FOR
-/home/AIPS/31DEC16/APL/SUB/TABST.FOR
-/home/AIPS/31DEC16/APL/SUB/TABWX.FOR
-/home/AIPS/31DEC16/APL/SUB/TABXG.FOR
-/home/AIPS/31DEC16/APL/SUB/TABZE.FOR
-/home/AIPS/31DEC16/APL/SUB/TAPIO.FOR
-/home/AIPS/31DEC16/APL/SUB/TEKFLS.FOR
-/home/AIPS/31DEC16/APL/SUB/TEKVEC.FOR
-/home/AIPS/31DEC16/APL/SUB/TFDHMS.FOR
-/home/AIPS/31DEC16/APL/SUB/TICCOR.FOR
-/home/AIPS/31DEC16/APL/SUB/TICINC.FOR
-/home/AIPS/31DEC16/APL/SUB/TICSTR.FOR
-/home/AIPS/31DEC16/APL/SUB/TIDHMS.FOR
-/home/AIPS/31DEC16/APL/SUB/TIMDAT.FOR
-/home/AIPS/31DEC16/APL/SUB/TINBEG.FOR
-/home/AIPS/31DEC16/APL/SUB/TKCATL.FOR
-/home/AIPS/31DEC16/APL/SUB/TKCHAR.FOR
-/home/AIPS/31DEC16/APL/SUB/TKCLR.FOR
-/home/AIPS/31DEC16/APL/SUB/TKCURS.FOR
-/home/AIPS/31DEC16/APL/SUB/TKDVEC.FOR
-/home/AIPS/31DEC16/APL/SUB/TKLAB.FOR
-/home/AIPS/31DEC16/APL/SUB/TKSLIN.FOR
-/home/AIPS/31DEC16/APL/SUB/TKTICS.FOR
-/home/AIPS/31DEC16/APL/SUB/TODHMS.FOR
-/home/AIPS/31DEC16/APL/SUB/TOUCH.FOR
-/home/AIPS/31DEC16/APL/SUB/TPHEAD.FOR
-/home/AIPS/31DEC16/APL/SUB/TPTBSM.FOR
-/home/AIPS/31DEC16/APL/SUB/TSKBEG.FOR
-/home/AIPS/31DEC16/APL/SUB/TSKEND.FOR
-/home/AIPS/31DEC16/APL/SUB/TSKHLP.FOR
-/home/AIPS/31DEC16/APL/SUB/TVWIND.FOR
-/home/AIPS/31DEC16/APL/SUB/TXTLEN.FOR
-/home/AIPS/31DEC16/APL/SUB/TXTMAT.FOR
-/home/AIPS/31DEC16/APL/SUB/UCMPRS.FOR
-/home/AIPS/31DEC16/APL/SUB/UNFRMT.FOR
-/home/AIPS/31DEC16/APL/SUB/UNPACK.FOR
-/home/AIPS/31DEC16/APL/SUB/UNSCR.FOR
-/home/AIPS/31DEC16/APL/SUB/UNSETG.FOR
-/home/AIPS/31DEC16/APL/SUB/UNYBUF.FOR
-/home/AIPS/31DEC16/APL/SUB/UVAPAS.FOR
-/home/AIPS/31DEC16/APL/SUB/UVCONJ.FOR
-/home/AIPS/31DEC16/APL/SUB/UVCREA.FOR
-/home/AIPS/31DEC16/APL/SUB/UVDISK.FOR
-/home/AIPS/31DEC16/APL/SUB/UVINCS.FOR
-/home/AIPS/31DEC16/APL/SUB/UVINIT.FOR
-/home/AIPS/31DEC16/APL/SUB/UVLIMT.FOR
-/home/AIPS/31DEC16/APL/SUB/UVPGET.FOR
-/home/AIPS/31DEC16/APL/SUB/UVPREP.FOR
-/home/AIPS/31DEC16/APL/SUB/UVPROT.FOR
-/home/AIPS/31DEC16/APL/SUB/UVSETB.FOR
-/home/AIPS/31DEC16/APL/SUB/UVSETZ.FOR
-/home/AIPS/31DEC16/APL/SUB/UVSIZE.FOR
-/home/AIPS/31DEC16/APL/SUB/UVZERO.FOR
-/home/AIPS/31DEC16/APL/SUB/UVZRSP.FOR
-/home/AIPS/31DEC16/APL/SUB/VBOUT.FOR
-/home/AIPS/31DEC16/APL/SUB/VERMAT.FOR
-/home/AIPS/31DEC16/APL/SUB/VHDRIN.FOR
-/home/AIPS/31DEC16/APL/SUB/VISCHK.FOR
-/home/AIPS/31DEC16/APL/SUB/VSOLVE.FOR
-/home/AIPS/31DEC16/APL/SUB/WANTCH.FOR
-/home/AIPS/31DEC16/APL/SUB/WAWA2A.FOR
-/home/AIPS/31DEC16/APL/SUB/WHOAMI.FOR
-/home/AIPS/31DEC16/APL/SUB/WINDF.FOR
-/home/AIPS/31DEC16/APL/SUB/WINDOW.FOR
-/home/AIPS/31DEC16/APL/SUB/WORD.FOR
-/home/AIPS/31DEC16/APL/SUB/WRBLNK.FOR
-/home/AIPS/31DEC16/APL/SUB/WRIBOX.FOR
-/home/AIPS/31DEC16/APL/SUB/WRPLAN.FOR
-/home/AIPS/31DEC16/APL/SUB/WXINI.FOR
-/home/AIPS/31DEC16/APL/SUB/WXSEL.FOR
-/home/AIPS/31DEC16/APL/SUB/XEULER.FOR
-/home/AIPS/31DEC16/APL/SUB/XGINI.FOR
-/home/AIPS/31DEC16/APL/SUB/XTRFIT.FOR
-/home/AIPS/31DEC16/APL/SUB/XYPIX.FOR
-/home/AIPS/31DEC16/APL/SUB/XYSHFT.FOR
-/home/AIPS/31DEC16/APL/SUB/XYVAL.FOR
-/home/AIPS/31DEC16/APL/SUB/ZEINI.FOR
