-/home/AIPS/31DEC16/Y/SUB/BLTFIL.FOR
-/home/AIPS/31DEC16/Y/SUB/CLAB1.FOR
-/home/AIPS/31DEC16/Y/SUB/CLAB2.FOR
-/home/AIPS/31DEC16/Y/SUB/COLOR3.FOR
-/home/AIPS/31DEC16/Y/SUB/COLORC.FOR
-/home/AIPS/31DEC16/Y/SUB/COLORF.FOR
-/home/AIPS/31DEC16/Y/SUB/COLORH.FOR
-/home/AIPS/31DEC16/Y/SUB/COLORL.FOR
-/home/AIPS/31DEC16/Y/SUB/COMLAB.FOR
-/home/AIPS/31DEC16/Y/SUB/CONDRW.FOR
-/home/AIPS/31DEC16/Y/SUB/CTICS.FOR
-/home/AIPS/31DEC16/Y/SUB/CUBHLX.FOR
-/home/AIPS/31DEC16/Y/SUB/DLINTR.FOR
-/home/AIPS/31DEC16/Y/SUB/DRBOXS.FOR
-/home/AIPS/31DEC16/Y/SUB/G3COLR.FOR
-/home/AIPS/31DEC16/Y/SUB/G3SCAL.FOR
-/home/AIPS/31DEC16/Y/SUB/G3VCOL.FOR
-/home/AIPS/31DEC16/Y/SUB/G3VEC.FOR
-/home/AIPS/31DEC16/Y/SUB/GCHAR.FOR
-/home/AIPS/31DEC16/Y/SUB/GCHDRW.FOR
-/home/AIPS/31DEC16/Y/SUB/GCINIT.FOR
-/home/AIPS/31DEC16/Y/SUB/GCOMNT.FOR
-/home/AIPS/31DEC16/Y/SUB/GDVEC.FOR
-/home/AIPS/31DEC16/Y/SUB/GETOFM.FOR
-/home/AIPS/31DEC16/Y/SUB/GFINIS.FOR
-/home/AIPS/31DEC16/Y/SUB/GICHAR.FOR
-/home/AIPS/31DEC16/Y/SUB/GINITC.FOR
-/home/AIPS/31DEC16/Y/SUB/GINIT.FOR
-/home/AIPS/31DEC16/Y/SUB/GINITG.FOR
-/home/AIPS/31DEC16/Y/SUB/GINITL.FOR
-/home/AIPS/31DEC16/Y/SUB/GLTYPE.FOR
-/home/AIPS/31DEC16/Y/SUB/GMCAT.FOR
-/home/AIPS/31DEC16/Y/SUB/GPHWRT.FOR
-/home/AIPS/31DEC16/Y/SUB/GPOS.FOR
-/home/AIPS/31DEC16/Y/SUB/GRAYPX.FOR
-/home/AIPS/31DEC16/Y/SUB/GRBOXD.FOR
-/home/AIPS/31DEC16/Y/SUB/GRBOXS.FOR
-/home/AIPS/31DEC16/Y/SUB/GRPOLY.FOR
-/home/AIPS/31DEC16/Y/SUB/GRSLIC.FOR
-/home/AIPS/31DEC16/Y/SUB/GSCALE.FOR
-/home/AIPS/31DEC16/Y/SUB/GTIC.FOR
-/home/AIPS/31DEC16/Y/SUB/GVEC.FOR
-/home/AIPS/31DEC16/Y/SUB/IAXIS1.FOR
-/home/AIPS/31DEC16/Y/SUB/IENHNS.FOR
-/home/AIPS/31DEC16/Y/SUB/ILNCLR.FOR
-/home/AIPS/31DEC16/Y/SUB/IMANOT.FOR
-/home/AIPS/31DEC16/Y/SUB/IMCHAR.FOR
-/home/AIPS/31DEC16/Y/SUB/IMVECT.FOR
-/home/AIPS/31DEC16/Y/SUB/ITICS.FOR
-/home/AIPS/31DEC16/Y/SUB/IWEDGE.FOR
-/home/AIPS/31DEC16/Y/SUB/LABNO.FOR
-/home/AIPS/31DEC16/Y/SUB/LMBOXS.FOR
-/home/AIPS/31DEC16/Y/SUB/OFMCON.FOR
-/home/AIPS/31DEC16/Y/SUB/OFMGAM.FOR
-/home/AIPS/31DEC16/Y/SUB/OFMIO.FOR
-/home/AIPS/31DEC16/Y/SUB/OFMMOD.FOR
-/home/AIPS/31DEC16/Y/SUB/PL3VEC.FOR
-/home/AIPS/31DEC16/Y/SUB/PLGRY.FOR
-/home/AIPS/31DEC16/Y/SUB/PLOTWO.FOR
-/home/AIPS/31DEC16/Y/SUB/PLPOS.FOR
-/home/AIPS/31DEC16/Y/SUB/PLTBEM.FOR
-/home/AIPS/31DEC16/Y/SUB/PLVEC.FOR
-/home/AIPS/31DEC16/Y/SUB/PNTPLT.FOR
-/home/AIPS/31DEC16/Y/SUB/STARPL.FOR
-/home/AIPS/31DEC16/Y/SUB/TVALUE.FOR
-/home/AIPS/31DEC16/Y/SUB/TVBLNK.FOR
-/home/AIPS/31DEC16/Y/SUB/TVCLOS.FOR
-/home/AIPS/31DEC16/Y/SUB/TVFIDL.FOR
-/home/AIPS/31DEC16/Y/SUB/TVFIND.FOR
-/home/AIPS/31DEC16/Y/SUB/TVFLAM.FOR
-/home/AIPS/31DEC16/Y/SUB/TVLAB.FOR
-/home/AIPS/31DEC16/Y/SUB/TVLOAD.FOR
-/home/AIPS/31DEC16/Y/SUB/TVMENU.FOR
-/home/AIPS/31DEC16/Y/SUB/TVOPEN.FOR
-/home/AIPS/31DEC16/Y/SUB/TVPSUD.FOR
-/home/AIPS/31DEC16/Y/SUB/TVROAM.FOR
-/home/AIPS/31DEC16/Y/SUB/TVSCRL.FOR
-/home/AIPS/31DEC16/Y/SUB/TVSET.FOR
-/home/AIPS/31DEC16/Y/SUB/TVTPOS.FOR
-/home/AIPS/31DEC16/Y/SUB/TVVEC.FOR
-/home/AIPS/31DEC16/Y/SUB/TVVECT.FOR
-/home/AIPS/31DEC16/Y/SUB/TVWHER.FOR
-/home/AIPS/31DEC16/Y/SUB/TVXPRT.FOR
-/home/AIPS/31DEC16/Y/SUB/TVZOME.FOR
-/home/AIPS/31DEC16/Y/SUB/TXRGBL.FOR
-/home/AIPS/31DEC16/Y/SUB/VTVRX.FOR
