COMLNK    : Date       Thu Mar 23 16:22:08 MDT 2017
PP        : Preprocess /home/AIPS/31DEC16/APL/PGM/NOTST/CLIP.FOR
PP        : into       /home/AIPS/31DEC16/LNX64/PREP/CLIP.f
TEST VERSION OF PP
FC        : Date       Thu Mar 23 16:22:08 MDT 2017
FC        : Interpret  FC  \
FC        :            /home/AIPS/31DEC16/LNX64/PREP/CLIP.f
FC        : as         LIST=FALSE PURGE=FALSE
FC        : plus       /opt/intel/fce/10.1.021/bin/ifort -c -axWPT -w90 -w95 -cm -ip -save -align all -O3 \
FC        :            /home/AIPS/31DEC16/LNX64/PREP/CLIP.f
/home/AIPS/31DEC16/LNX64/PREP/CLIP.f(471): (col. 22) remark: LOOP WAS VECTORIZED.
/home/AIPS/31DEC16/LNX64/PREP/CLIP.f(471): (col. 22) remark: PARTIAL LOOP WAS VECTORIZED.
/home/AIPS/31DEC16/LNX64/PREP/CLIP.f(471): (col. 22) remark: PARTIAL LOOP WAS VECTORIZED.
/home/AIPS/31DEC16/LNX64/PREP/CLIP.f(1082): (col. 16) remark: LOOP WAS VECTORIZED.
/home/AIPS/31DEC16/LNX64/PREP/CLIP.f(1760): (col. 19) remark: LOOP WAS VECTORIZED.
/home/AIPS/31DEC16/LNX64/PREP/CLIP.f(2304): (col. 15) remark: PARTIAL LOOP WAS VECTORIZED.
/home/AIPS/31DEC16/LNX64/PREP/CLIP.f(2876): (col. 25) remark: LOOP WAS VECTORIZED.
/home/AIPS/31DEC16/LNX64/PREP/CLIP.f(2896): (col. 25) remark: PARTIAL LOOP WAS VECTORIZED.
/home/AIPS/31DEC16/LNX64/PREP/CLIP.f(2919): (col. 25) remark: PARTIAL LOOP WAS VECTORIZED.
FC        : Compile of /home/AIPS/31DEC16/LNX64/PREP/CLIP.f
FC        : ends successfully.
FC        : Ends successfully
LIBR      : Update old /home/AIPS/31DEC16/LNX64/LIBR/APLNOT/SUBLIB
LIBR      : Copied     /home/AIPS/31DEC16/LNX64/LIBR/APLNOT/SUBLIB
LIBR      : to         /home/AIPS/31DEC16/LNX64/LIBR/APLNOT/SUBLIB.32572
LIBR      : Replace in /home/AIPS/31DEC16/LNX64/LIBR/APLNOT/SUBLIB.32572
LIBR      : module     /home/AIPS/31DEC16/LNX64/LIBR/APLNOT/FNDSPX.o
LIBR      : Randomize  /home/AIPS/31DEC16/LNX64/LIBR/APLNOT/SUBLIB.32572
LIBR      : Library    /home/AIPS/31DEC16/LNX64/LIBR/APLNOT/SUBLIB.32572
LIBR      : randomized.
LIBR      : Delete     /home/AIPS/31DEC16/LNX64/LIBR/APLNOT/FNDSPX.o
LIBR      : Moved      /home/AIPS/31DEC16/LNX64/LIBR/APLNOT/SUBLIB.32572
LIBR      : to         /home/AIPS/31DEC16/LNX64/LIBR/APLNOT/SUBLIB
LIBR      : Ends successfully
LINK      : Date is... Thu Mar 23 16:22:09 MDT 2017
LINK      : Interpret  LINK \
LINK      :            /home/AIPS/31DEC16/LNX64/PREP/CLIP.o
LINK      : as         PURGE=TRUE REPLACE=TRUE SAVE=TRUE STRIP=FALSE
LINK      : plus       /opt/intel/fce/10.1.021/bin/ifort \
LINK      :            /home/AIPS/31DEC16/LNX64/PREP/CLIP.o \
LINK      :            /home/AIPS/31DEC16/LNX64/LIBR/APLNOT/SUBLIB \ 
LINK      :            /home/AIPS/31DEC16/LNX64/LIBR/APLSUB/SUBLIB \ 
LINK      :            -lsvml -Vaxlib -L/usr/local/lib -Xlinker -rpath -Xlinker /home/AIPS/31DEC16/LNX64/LIBR/INTELCMP -O3 -static-libgcc -save -align all -axWPT \
LINK      :            -o /home/AIPS/31DEC16/LNX64/PREP/CLIP.EXE
LINK      : Hardinked  /home/AIPS/31DEC16/LNX64/LOAD/CLIP.EXE
LINK      : to         /home/AIPS/31DEC16/LNX64/LOAD/CLIP.EXE.OLD
LINK      : Deleted    /home/AIPS/31DEC16/LNX64/LOAD/CLIP.EXE
LINK      : Deleted    /home/AIPS/31DEC16/LNX64/LOAD/CLIP.EXE.OLD (boom!)
LINK      : Moved      /home/AIPS/31DEC16/LNX64/PREP/CLIP.EXE
LINK      : to         /home/AIPS/31DEC16/LNX64/LOAD/CLIP.EXE
LINK      : Delete     /home/AIPS/31DEC16/LNX64/PREP/CLIP.o
LINK      : Link of    /home/AIPS/31DEC16/LNX64/PREP/CLIP.o
LINK      : ends successfully.
COMLNK    : Deleted    /home/AIPS/31DEC16/LNX64/PREP/CLIP.f
COMLNK    : Changed    /home/AIPS/31DEC16/APL/PGM/NOTST/CLIP.FOR
COMLNK    : in         /home/AIPS/31DEC16/LNX64/UPDATE/COMLNK.AT
COMLNK    : to         -/home/AIPS/31DEC16/APL/PGM/NOTST/CLIP.FOR
COMLNK    : Date       Thu Mar 23 16:22:10 MDT 2017
PP        : Preprocess /home/AIPS/31DEC16/APL/PGM/NOTST/UVFND.FOR
PP        : into       /home/AIPS/31DEC16/LNX64/PREP/UVFND.f
TEST VERSION OF PP
FC        : Date       Thu Mar 23 16:22:10 MDT 2017
FC        : Interpret  FC  \
FC        :            /home/AIPS/31DEC16/LNX64/PREP/UVFND.f
FC        : as         LIST=FALSE PURGE=FALSE
FC        : plus       /opt/intel/fce/10.1.021/bin/ifort -c -axWPT -w90 -w95 -cm -ip -save -align all -O3 \
FC        :            /home/AIPS/31DEC16/LNX64/PREP/UVFND.f
/home/AIPS/31DEC16/LNX64/PREP/UVFND.f(2479): (col. 19) remark: LOOP WAS VECTORIZED.
FC        : Compile of /home/AIPS/31DEC16/LNX64/PREP/UVFND.f
FC        : ends successfully.
FC        : Ends successfully
LINK      : Date is... Thu Mar 23 16:22:12 MDT 2017
LINK      : Interpret  LINK \
LINK      :            /home/AIPS/31DEC16/LNX64/PREP/UVFND.o
LINK      : as         PURGE=TRUE REPLACE=TRUE SAVE=TRUE STRIP=FALSE
LINK      : plus       /opt/intel/fce/10.1.021/bin/ifort \
LINK      :            /home/AIPS/31DEC16/LNX64/PREP/UVFND.o \
LINK      :            /home/AIPS/31DEC16/LNX64/LIBR/APLNOT/SUBLIB \ 
LINK      :            /home/AIPS/31DEC16/LNX64/LIBR/APLSUB/SUBLIB \ 
LINK      :            -lsvml -Vaxlib -L/usr/local/lib -Xlinker -rpath -Xlinker /home/AIPS/31DEC16/LNX64/LIBR/INTELCMP -O3 -static-libgcc -save -align all -axWPT \
LINK      :            -o /home/AIPS/31DEC16/LNX64/PREP/UVFND.EXE
LINK      : Hardinked  /home/AIPS/31DEC16/LNX64/LOAD/UVFND.EXE
LINK      : to         /home/AIPS/31DEC16/LNX64/LOAD/UVFND.EXE.OLD
LINK      : Deleted    /home/AIPS/31DEC16/LNX64/LOAD/UVFND.EXE
LINK      : Deleted    /home/AIPS/31DEC16/LNX64/LOAD/UVFND.EXE.OLD (boom!)
LINK      : Moved      /home/AIPS/31DEC16/LNX64/PREP/UVFND.EXE
LINK      : to         /home/AIPS/31DEC16/LNX64/LOAD/UVFND.EXE
LINK      : Delete     /home/AIPS/31DEC16/LNX64/PREP/UVFND.o
LINK      : Link of    /home/AIPS/31DEC16/LNX64/PREP/UVFND.o
LINK      : ends successfully.
COMLNK    : Deleted    /home/AIPS/31DEC16/LNX64/PREP/UVFND.f
COMLNK    : Changed    /home/AIPS/31DEC16/APL/PGM/NOTST/UVFND.FOR
COMLNK    : in         /home/AIPS/31DEC16/LNX64/UPDATE/COMLNK.AT
COMLNK    : to         -/home/AIPS/31DEC16/APL/PGM/NOTST/UVFND.FOR
COMLNK    : Date       Thu Mar 23 16:22:13 MDT 2017
PP        : Preprocess /home/AIPS/31DEC16/APL/PGM/NOTST/UVMOD.FOR
PP        : into       /home/AIPS/31DEC16/LNX64/PREP/UVMOD.f
TEST VERSION OF PP
FC        : Date       Thu Mar 23 16:22:13 MDT 2017
FC        : Interpret  FC  \
FC        :            /home/AIPS/31DEC16/LNX64/PREP/UVMOD.f
FC        : as         LIST=FALSE PURGE=FALSE
FC        : plus       /opt/intel/fce/10.1.021/bin/ifort -c -axWPT -w90 -w95 -cm -ip -save -align all -O3 \
FC        :            /home/AIPS/31DEC16/LNX64/PREP/UVMOD.f
FC        : Compile of /home/AIPS/31DEC16/LNX64/PREP/UVMOD.f
FC        : ends successfully.
FC        : Ends successfully
LINK      : Date is... Thu Mar 23 16:22:14 MDT 2017
LINK      : Interpret  LINK \
LINK      :            /home/AIPS/31DEC16/LNX64/PREP/UVMOD.o
LINK      : as         PURGE=TRUE REPLACE=TRUE SAVE=TRUE STRIP=FALSE
LINK      : plus       /opt/intel/fce/10.1.021/bin/ifort \
LINK      :            /home/AIPS/31DEC16/LNX64/PREP/UVMOD.o \
LINK      :            /home/AIPS/31DEC16/LNX64/LIBR/APLNOT/SUBLIB \ 
LINK      :            /home/AIPS/31DEC16/LNX64/LIBR/APLSUB/SUBLIB \ 
LINK      :            -lsvml -Vaxlib -L/usr/local/lib -Xlinker -rpath -Xlinker /home/AIPS/31DEC16/LNX64/LIBR/INTELCMP -O3 -static-libgcc -save -align all -axWPT \
LINK      :            -o /home/AIPS/31DEC16/LNX64/PREP/UVMOD.EXE
LINK      : Hardinked  /home/AIPS/31DEC16/LNX64/LOAD/UVMOD.EXE
LINK      : to         /home/AIPS/31DEC16/LNX64/LOAD/UVMOD.EXE.OLD
LINK      : Deleted    /home/AIPS/31DEC16/LNX64/LOAD/UVMOD.EXE
LINK      : Deleted    /home/AIPS/31DEC16/LNX64/LOAD/UVMOD.EXE.OLD (boom!)
LINK      : Moved      /home/AIPS/31DEC16/LNX64/PREP/UVMOD.EXE
LINK      : to         /home/AIPS/31DEC16/LNX64/LOAD/UVMOD.EXE
LINK      : Delete     /home/AIPS/31DEC16/LNX64/PREP/UVMOD.o
LINK      : Link of    /home/AIPS/31DEC16/LNX64/PREP/UVMOD.o
LINK      : ends successfully.
COMLNK    : Deleted    /home/AIPS/31DEC16/LNX64/PREP/UVMOD.f
COMLNK    : Changed    /home/AIPS/31DEC16/APL/PGM/NOTST/UVMOD.FOR
COMLNK    : in         /home/AIPS/31DEC16/LNX64/UPDATE/COMLNK.AT
COMLNK    : to         -/home/AIPS/31DEC16/APL/PGM/NOTST/UVMOD.FOR
COMLNK    : Date       Thu Mar 23 16:22:14 MDT 2017
PP        : Preprocess /home/AIPS/31DEC16/APL/PGM/SPIXR.FOR
PP        : into       /home/AIPS/31DEC16/LNX64/PREP/SPIXR.f
TEST VERSION OF PP
FC        : Date       Thu Mar 23 16:22:15 MDT 2017
FC        : Interpret  FC  \
FC        :            /home/AIPS/31DEC16/LNX64/PREP/SPIXR.f
FC        : as         LIST=FALSE PURGE=FALSE
FC        : plus       /opt/intel/fce/10.1.021/bin/ifort -c -axWPT -w90 -w95 -cm -ip -save -align all -O3 \
FC        :            /home/AIPS/31DEC16/LNX64/PREP/SPIXR.f
/home/AIPS/31DEC16/LNX64/PREP/SPIXR.f(471): (col. 10) remark: LOOP WAS VECTORIZED.
/home/AIPS/31DEC16/LNX64/PREP/SPIXR.f(546): (col. 13) remark: PARTIAL LOOP WAS VECTORIZED.
/home/AIPS/31DEC16/LNX64/PREP/SPIXR.f(546): (col. 13) remark: PARTIAL LOOP WAS VECTORIZED.
/home/AIPS/31DEC16/LNX64/PREP/SPIXR.f(1081): (col. 16) remark: LOOP WAS VECTORIZED.
/home/AIPS/31DEC16/LNX64/PREP/SPIXR.f(1092): (col. 21) remark: LOOP WAS VECTORIZED.
/home/AIPS/31DEC16/LNX64/PREP/SPIXR.f(1094): (col. 21) remark: LOOP WAS VECTORIZED.
/home/AIPS/31DEC16/LNX64/PREP/SPIXR.f(1104): (col. 19) remark: LOOP WAS VECTORIZED.
/home/AIPS/31DEC16/LNX64/PREP/SPIXR.f(1767): (col. 16) remark: LOOP WAS VECTORIZED.
/home/AIPS/31DEC16/LNX64/PREP/SPIXR.f(1504): (col. 16) remark: LOOP WAS VECTORIZED.
FC        : Compile of /home/AIPS/31DEC16/LNX64/PREP/SPIXR.f
FC        : ends successfully.
FC        : Ends successfully
LINK      : Date is... Thu Mar 23 16:22:16 MDT 2017
LINK      : Interpret  LINK \
LINK      :            /home/AIPS/31DEC16/LNX64/PREP/SPIXR.o
LINK      : as         PURGE=TRUE REPLACE=TRUE SAVE=TRUE STRIP=FALSE
LINK      : plus       /opt/intel/fce/10.1.021/bin/ifort \
LINK      :            /home/AIPS/31DEC16/LNX64/PREP/SPIXR.o \
LINK      :            /home/AIPS/31DEC16/LNX64/LIBR/APLSUB/SUBLIB \ 
LINK      :            -lsvml -Vaxlib -L/usr/local/lib -Xlinker -rpath -Xlinker /home/AIPS/31DEC16/LNX64/LIBR/INTELCMP -O3 -static-libgcc -save -align all -axWPT \
LINK      :            -o /home/AIPS/31DEC16/LNX64/PREP/SPIXR.EXE
LINK      : Hardinked  /home/AIPS/31DEC16/LNX64/LOAD/SPIXR.EXE
LINK      : to         /home/AIPS/31DEC16/LNX64/LOAD/SPIXR.EXE.OLD
LINK      : Deleted    /home/AIPS/31DEC16/LNX64/LOAD/SPIXR.EXE
LINK      : Deleted    /home/AIPS/31DEC16/LNX64/LOAD/SPIXR.EXE.OLD (boom!)
LINK      : Moved      /home/AIPS/31DEC16/LNX64/PREP/SPIXR.EXE
LINK      : to         /home/AIPS/31DEC16/LNX64/LOAD/SPIXR.EXE
LINK      : Delete     /home/AIPS/31DEC16/LNX64/PREP/SPIXR.o
LINK      : Link of    /home/AIPS/31DEC16/LNX64/PREP/SPIXR.o
LINK      : ends successfully.
COMLNK    : Deleted    /home/AIPS/31DEC16/LNX64/PREP/SPIXR.f
COMLNK    : Changed    /home/AIPS/31DEC16/APL/PGM/SPIXR.FOR
COMLNK    : in         /home/AIPS/31DEC16/LNX64/UPDATE/COMLNK.AT
COMLNK    : to         -/home/AIPS/31DEC16/APL/PGM/SPIXR.FOR
COMLNK    : Date       Thu Mar 23 16:22:16 MDT 2017
PP        : Preprocess /home/AIPS/31DEC16/Q/PGM/NOTST/BLCHN.FOR
PP        : into       /home/AIPS/31DEC16/LNX64/PREP/BLCHN.f
TEST VERSION OF PP
FC        : Date       Thu Mar 23 16:22:16 MDT 2017
FC        : Interpret  FC  \
FC        :            /home/AIPS/31DEC16/LNX64/PREP/BLCHN.f
FC        : as         LIST=FALSE PURGE=FALSE
FC        : plus       /opt/intel/fce/10.1.021/bin/ifort -c -axWPT -w90 -w95 -cm -ip -save -align all -O3 \
FC        :            /home/AIPS/31DEC16/LNX64/PREP/BLCHN.f
/home/AIPS/31DEC16/LNX64/PREP/BLCHN.f(1158): (col. 16) remark: LOOP WAS VECTORIZED.
/home/AIPS/31DEC16/LNX64/PREP/BLCHN.f(1166): (col. 16) remark: PARTIAL LOOP WAS VECTORIZED.
/home/AIPS/31DEC16/LNX64/PREP/BLCHN.f(1166): (col. 16) remark: PARTIAL LOOP WAS VECTORIZED.
/home/AIPS/31DEC16/LNX64/PREP/BLCHN.f(1186): (col. 16) remark: PARTIAL LOOP WAS VECTORIZED.
/home/AIPS/31DEC16/LNX64/PREP/BLCHN.f(1186): (col. 16) remark: PARTIAL LOOP WAS VECTORIZED.
/home/AIPS/31DEC16/LNX64/PREP/BLCHN.f(1194): (col. 13) remark: LOOP WAS VECTORIZED.
/home/AIPS/31DEC16/LNX64/PREP/BLCHN.f(3182): (col. 10) remark: PARTIAL LOOP WAS VECTORIZED.
/home/AIPS/31DEC16/LNX64/PREP/BLCHN.f(3238): (col. 22) remark: PARTIAL LOOP WAS VECTORIZED.
/home/AIPS/31DEC16/LNX64/PREP/BLCHN.f(3288): (col. 10) remark: LOOP WAS VECTORIZED.
/home/AIPS/31DEC16/LNX64/PREP/BLCHN.f(3298): (col. 12) remark: PARTIAL LOOP WAS VECTORIZED.
/home/AIPS/31DEC16/LNX64/PREP/BLCHN.f(3298): (col. 12) remark: LOOP WAS VECTORIZED.
/home/AIPS/31DEC16/LNX64/PREP/BLCHN.f(1626): (col. 16) remark: LOOP WAS VECTORIZED.
/home/AIPS/31DEC16/LNX64/PREP/BLCHN.f(2314): (col. 24) remark: LOOP WAS VECTORIZED.
/home/AIPS/31DEC16/LNX64/PREP/BLCHN.f(2316): (col. 24) remark: LOOP WAS VECTORIZED.
/home/AIPS/31DEC16/LNX64/PREP/BLCHN.f(2318): (col. 24) remark: LOOP WAS VECTORIZED.
/home/AIPS/31DEC16/LNX64/PREP/BLCHN.f(2320): (col. 24) remark: LOOP WAS VECTORIZED.
/home/AIPS/31DEC16/LNX64/PREP/BLCHN.f(5040): (col. 10) remark: LOOP WAS VECTORIZED.
/home/AIPS/31DEC16/LNX64/PREP/BLCHN.f(3770): (col. 13) remark: PARTIAL LOOP WAS VECTORIZED.
/home/AIPS/31DEC16/LNX64/PREP/BLCHN.f(3833): (col. 16) remark: LOOP WAS VECTORIZED.
FC        : Compile of /home/AIPS/31DEC16/LNX64/PREP/BLCHN.f
FC        : ends successfully.
FC        : Ends successfully
LINK      : Date is... Thu Mar 23 16:22:17 MDT 2017
LINK      : Interpret  LINK \
LINK      :            /home/AIPS/31DEC16/LNX64/PREP/BLCHN.o
LINK      : as         PURGE=TRUE REPLACE=TRUE SAVE=TRUE STRIP=FALSE
LINK      : plus       /opt/intel/fce/10.1.021/bin/ifort \
LINK      :            /home/AIPS/31DEC16/LNX64/PREP/BLCHN.o \
LINK      :            /home/AIPS/31DEC16/LNX64/LIBR/QNOT/SUBLIB \ 
LINK      :            /home/AIPS/31DEC16/LNX64/LIBR/APLNOT/SUBLIB \ 
LINK      :            /home/AIPS/31DEC16/LNX64/LIBR/QSUB/SUBLIB \ 
LINK      :            /home/AIPS/31DEC16/LNX64/LIBR/QPSAP/SUBLIB \ 
LINK      :            /home/AIPS/31DEC16/LNX64/LIBR/APLSUB/SUBLIB \ 
LINK      :            -lsvml -Vaxlib -L/usr/local/lib -Xlinker -rpath -Xlinker /home/AIPS/31DEC16/LNX64/LIBR/INTELCMP -O3 -static-libgcc -save -align all -axWPT \
LINK      :            -o /home/AIPS/31DEC16/LNX64/PREP/BLCHN.EXE
LINK      : Hardinked  /home/AIPS/31DEC16/LNX64/LOAD/BLCHN.EXE
LINK      : to         /home/AIPS/31DEC16/LNX64/LOAD/BLCHN.EXE.OLD
LINK      : Deleted    /home/AIPS/31DEC16/LNX64/LOAD/BLCHN.EXE
LINK      : Deleted    /home/AIPS/31DEC16/LNX64/LOAD/BLCHN.EXE.OLD (boom!)
LINK      : Moved      /home/AIPS/31DEC16/LNX64/PREP/BLCHN.EXE
LINK      : to         /home/AIPS/31DEC16/LNX64/LOAD/BLCHN.EXE
LINK      : Delete     /home/AIPS/31DEC16/LNX64/PREP/BLCHN.o
LINK      : Link of    /home/AIPS/31DEC16/LNX64/PREP/BLCHN.o
LINK      : ends successfully.
COMLNK    : Deleted    /home/AIPS/31DEC16/LNX64/PREP/BLCHN.f
COMLNK    : Changed    /home/AIPS/31DEC16/Q/PGM/NOTST/BLCHN.FOR
COMLNK    : in         /home/AIPS/31DEC16/LNX64/UPDATE/COMLNK.AT
COMLNK    : to         -/home/AIPS/31DEC16/Q/PGM/NOTST/BLCHN.FOR
COMLNK    : Date       Thu Mar 23 16:22:18 MDT 2017
PP        : Preprocess /home/AIPS/31DEC16/Q/PGM/NOTST/BPASS.FOR
PP        : into       /home/AIPS/31DEC16/LNX64/PREP/BPASS.f
TEST VERSION OF PP
FC        : Date       Thu Mar 23 16:22:18 MDT 2017
FC        : Interpret  FC  \
FC        :            /home/AIPS/31DEC16/LNX64/PREP/BPASS.f
FC        : as         LIST=FALSE PURGE=FALSE
FC        : plus       /opt/intel/fce/10.1.021/bin/ifort -c -axWPT -w90 -w95 -cm -ip -save -align all -O3 \
FC        :            /home/AIPS/31DEC16/LNX64/PREP/BPASS.f
/home/AIPS/31DEC16/LNX64/PREP/BPASS.f(12862): (col. 10) remark: LOOP WAS VECTORIZED.
/home/AIPS/31DEC16/LNX64/PREP/BPASS.f(12894): (col. 16) remark: PARTIAL LOOP WAS VECTORIZED.
/home/AIPS/31DEC16/LNX64/PREP/BPASS.f(1481): (col. 10) remark: PARTIAL LOOP WAS VECTORIZED.
/home/AIPS/31DEC16/LNX64/PREP/BPASS.f(1481): (col. 10) remark: PARTIAL LOOP WAS VECTORIZED.
/home/AIPS/31DEC16/LNX64/PREP/BPASS.f(4232): (col. 10) remark: PARTIAL LOOP WAS VECTORIZED.
/home/AIPS/31DEC16/LNX64/PREP/BPASS.f(4284): (col. 22) remark: PARTIAL LOOP WAS VECTORIZED.
/home/AIPS/31DEC16/LNX64/PREP/BPASS.f(4335): (col. 10) remark: LOOP WAS VECTORIZED.
/home/AIPS/31DEC16/LNX64/PREP/BPASS.f(4345): (col. 12) remark: PARTIAL LOOP WAS VECTORIZED.
/home/AIPS/31DEC16/LNX64/PREP/BPASS.f(4345): (col. 12) remark: PARTIAL LOOP WAS VECTORIZED.
/home/AIPS/31DEC16/LNX64/PREP/BPASS.f(4345): (col. 12) remark: LOOP WAS VECTORIZED.
/home/AIPS/31DEC16/LNX64/PREP/BPASS.f(5480): (col. 10) remark: LOOP WAS VECTORIZED.
/home/AIPS/31DEC16/LNX64/PREP/BPASS.f(5484): (col. 10) remark: LOOP WAS VECTORIZED.
/home/AIPS/31DEC16/LNX64/PREP/BPASS.f(5488): (col. 13) remark: LOOP WAS VECTORIZED.
/home/AIPS/31DEC16/LNX64/PREP/BPASS.f(5503): (col. 16) remark: LOOP WAS VECTORIZED.
/home/AIPS/31DEC16/LNX64/PREP/BPASS.f(5511): (col. 13) remark: LOOP WAS VECTORIZED.
/home/AIPS/31DEC16/LNX64/PREP/BPASS.f(5661): (col. 12) remark: PARTIAL LOOP WAS VECTORIZED.
/home/AIPS/31DEC16/LNX64/PREP/BPASS.f(6346): (col. 10) remark: LOOP WAS VECTORIZED.
/home/AIPS/31DEC16/LNX64/PREP/BPASS.f(6544): (col. 10) remark: LOOP WAS VECTORIZED.
/home/AIPS/31DEC16/LNX64/PREP/BPASS.f(6571): (col. 13) remark: PERMUTED LOOP WAS VECTORIZED.
/home/AIPS/31DEC16/LNX64/PREP/BPASS.f(6700): (col. 19) remark: LOOP WAS VECTORIZED.
/home/AIPS/31DEC16/LNX64/PREP/BPASS.f(6804): (col. 27) remark: LOOP WAS VECTORIZED.
/home/AIPS/31DEC16/LNX64/PREP/BPASS.f(6804): (col. 27) remark: LOOP WAS VECTORIZED.
/home/AIPS/31DEC16/LNX64/PREP/BPASS.f(6804): (col. 27) remark: LOOP WAS VECTORIZED.
/home/AIPS/31DEC16/LNX64/PREP/BPASS.f(7848): (col. 15) remark: LOOP WAS VECTORIZED.
/home/AIPS/31DEC16/LNX64/PREP/BPASS.f(13367): (col. 10) remark: LOOP WAS VECTORIZED.
/home/AIPS/31DEC16/LNX64/PREP/BPASS.f(13382): (col. 10) remark: LOOP WAS VECTORIZED.
/home/AIPS/31DEC16/LNX64/PREP/BPASS.f(13382): (col. 10) remark: LOOP WAS VECTORIZED.
/home/AIPS/31DEC16/LNX64/PREP/BPASS.f(9029): (col. 19) remark: LOOP WAS VECTORIZED.
/home/AIPS/31DEC16/LNX64/PREP/BPASS.f(9029): (col. 19) remark: LOOP WAS VECTORIZED.
/home/AIPS/31DEC16/LNX64/PREP/BPASS.f(9035): (col. 10) remark: LOOP WAS VECTORIZED.
/home/AIPS/31DEC16/LNX64/PREP/BPASS.f(9292): (col. 13) remark: LOOP WAS VECTORIZED.
/home/AIPS/31DEC16/LNX64/PREP/BPASS.f(9060): (col. 13) remark: PARTIAL LOOP WAS VECTORIZED.
/home/AIPS/31DEC16/LNX64/PREP/BPASS.f(12362): (col. 13) remark: LOOP WAS VECTORIZED.
/home/AIPS/31DEC16/LNX64/PREP/BPASS.f(12375): (col. 16) remark: LOOP WAS VECTORIZED.
/home/AIPS/31DEC16/LNX64/PREP/BPASS.f(11934): (col. 18) remark: cmprm3_ has been targeted for automatic cpu dispatch.
/home/AIPS/31DEC16/LNX64/PREP/BPASS.f(10722): (col. 10) remark: LOOP WAS VECTORIZED.
/home/AIPS/31DEC16/LNX64/PREP/BPASS.f(10433): (col. 10) remark: LOOP WAS VECTORIZED.
/home/AIPS/31DEC16/LNX64/PREP/BPASS.f(10544): (col. 16) remark: LOOP WAS VECTORIZED.
/home/AIPS/31DEC16/LNX64/PREP/BPASS.f(10544): (col. 16) remark: LOOP WAS VECTORIZED.
/home/AIPS/31DEC16/LNX64/PREP/BPASS.f(10544): (col. 16) remark: LOOP WAS VECTORIZED.
/home/AIPS/31DEC16/LNX64/PREP/BPASS.f(9872): (col. 10) remark: PARTIAL LOOP WAS VECTORIZED.
/home/AIPS/31DEC16/LNX64/PREP/BPASS.f(4861): (col. 13) remark: PARTIAL LOOP WAS VECTORIZED.
/home/AIPS/31DEC16/LNX64/PREP/BPASS.f(4861): (col. 13) remark: PARTIAL LOOP WAS VECTORIZED.
/home/AIPS/31DEC16/LNX64/PREP/BPASS.f(4923): (col. 16) remark: LOOP WAS VECTORIZED.
/home/AIPS/31DEC16/LNX64/PREP/BPASS.f(11284): (col. 18) remark: LOOP WAS VECTORIZED.
/home/AIPS/31DEC16/LNX64/PREP/BPASS.f(11284): (col. 18) remark: LOOP WAS VECTORIZED.
FC        : Compile of /home/AIPS/31DEC16/LNX64/PREP/BPASS.f
FC        : ends successfully.
FC        : Ends successfully
LINK      : Date is... Thu Mar 23 16:22:22 MDT 2017
LINK      : Interpret  LINK \
LINK      :            /home/AIPS/31DEC16/LNX64/PREP/BPASS.o
LINK      : as         PURGE=TRUE REPLACE=TRUE SAVE=TRUE STRIP=FALSE
LINK      : plus       /opt/intel/fce/10.1.021/bin/ifort \
LINK      :            /home/AIPS/31DEC16/LNX64/PREP/BPASS.o \
LINK      :            /home/AIPS/31DEC16/LNX64/LIBR/QNOT/SUBLIB \ 
LINK      :            /home/AIPS/31DEC16/LNX64/LIBR/APLNOT/SUBLIB \ 
LINK      :            /home/AIPS/31DEC16/LNX64/LIBR/QSUB/SUBLIB \ 
LINK      :            /home/AIPS/31DEC16/LNX64/LIBR/QPSAP/SUBLIB \ 
LINK      :            /home/AIPS/31DEC16/LNX64/LIBR/APLSUB/SUBLIB \ 
LINK      :            -lsvml -Vaxlib -L/usr/local/lib -Xlinker -rpath -Xlinker /home/AIPS/31DEC16/LNX64/LIBR/INTELCMP -O3 -static-libgcc -save -align all -axWPT \
LINK      :            -o /home/AIPS/31DEC16/LNX64/PREP/BPASS.EXE
LINK      : Hardinked  /home/AIPS/31DEC16/LNX64/LOAD/BPASS.EXE
LINK      : to         /home/AIPS/31DEC16/LNX64/LOAD/BPASS.EXE.OLD
LINK      : Deleted    /home/AIPS/31DEC16/LNX64/LOAD/BPASS.EXE
LINK      : Deleted    /home/AIPS/31DEC16/LNX64/LOAD/BPASS.EXE.OLD (boom!)
LINK      : Moved      /home/AIPS/31DEC16/LNX64/PREP/BPASS.EXE
LINK      : to         /home/AIPS/31DEC16/LNX64/LOAD/BPASS.EXE
LINK      : Delete     /home/AIPS/31DEC16/LNX64/PREP/BPASS.o
LINK      : Link of    /home/AIPS/31DEC16/LNX64/PREP/BPASS.o
LINK      : ends successfully.
COMLNK    : Deleted    /home/AIPS/31DEC16/LNX64/PREP/BPASS.f
COMLNK    : Changed    /home/AIPS/31DEC16/Q/PGM/NOTST/BPASS.FOR
COMLNK    : in         /home/AIPS/31DEC16/LNX64/UPDATE/COMLNK.AT
COMLNK    : to         -/home/AIPS/31DEC16/Q/PGM/NOTST/BPASS.FOR
COMLNK    : Date       Thu Mar 23 16:22:23 MDT 2017
PP        : Preprocess /home/AIPS/31DEC16/Q/PGM/NOTST/CPASS.FOR
PP        : into       /home/AIPS/31DEC16/LNX64/PREP/CPASS.f
TEST VERSION OF PP
FC        : Date       Thu Mar 23 16:22:23 MDT 2017
FC        : Interpret  FC  \
FC        :            /home/AIPS/31DEC16/LNX64/PREP/CPASS.f
FC        : as         LIST=FALSE PURGE=FALSE
FC        : plus       /opt/intel/fce/10.1.021/bin/ifort -c -axWPT -w90 -w95 -cm -ip -save -align all -O3 \
FC        :            /home/AIPS/31DEC16/LNX64/PREP/CPASS.f
/home/AIPS/31DEC16/LNX64/PREP/CPASS.f(6228): (col. 13) remark: LOOP WAS VECTORIZED.
/home/AIPS/31DEC16/LNX64/PREP/CPASS.f(6228): (col. 13) remark: LOOP WAS VECTORIZED.
/home/AIPS/31DEC16/LNX64/PREP/CPASS.f(6254): (col. 15) remark: PARTIAL LOOP WAS VECTORIZED.
/home/AIPS/31DEC16/LNX64/PREP/CPASS.f(6254): (col. 15) remark: PARTIAL LOOP WAS VECTORIZED.
/home/AIPS/31DEC16/LNX64/PREP/CPASS.f(6254): (col. 15) remark: LOOP WAS VECTORIZED.
/home/AIPS/31DEC16/LNX64/PREP/CPASS.f(6300): (col. 12) remark: LOOP WAS VECTORIZED.
/home/AIPS/31DEC16/LNX64/PREP/CPASS.f(8742): (col. 13) remark: LOOP WAS VECTORIZED.
/home/AIPS/31DEC16/LNX64/PREP/CPASS.f(9956): (col. 10) remark: PARTIAL LOOP WAS VECTORIZED.
/home/AIPS/31DEC16/LNX64/PREP/CPASS.f(9956): (col. 10) remark: PARTIAL LOOP WAS VECTORIZED.
/home/AIPS/31DEC16/LNX64/PREP/CPASS.f(9802): (col. 18) remark: dfit_ has been targeted for automatic cpu dispatch.
/home/AIPS/31DEC16/LNX64/PREP/CPASS.f(10225): (col. 10) remark: PARTIAL LOOP WAS VECTORIZED.
/home/AIPS/31DEC16/LNX64/PREP/CPASS.f(10225): (col. 10) remark: PARTIAL LOOP WAS VECTORIZED.
/home/AIPS/31DEC16/LNX64/PREP/CPASS.f(10722): (col. 12) remark: LOOP WAS VECTORIZED.
/home/AIPS/31DEC16/LNX64/PREP/CPASS.f(10769): (col. 10) remark: LOOP WAS VECTORIZED.
/home/AIPS/31DEC16/LNX64/PREP/CPASS.f(10886): (col. 14) remark: LOOP WAS VECTORIZED.
/home/AIPS/31DEC16/LNX64/PREP/CPASS.f(10673): (col. 18) remark: lmqn_ has been targeted for automatic cpu dispatch.
/home/AIPS/31DEC16/LNX64/PREP/CPASS.f(11550): (col. 10) remark: LOOP WAS VECTORIZED.
/home/AIPS/31DEC16/LNX64/PREP/CPASS.f(11556): (col. 12) remark: LOOP WAS VECTORIZED.
/home/AIPS/31DEC16/LNX64/PREP/CPASS.f(11563): (col. 12) remark: LOOP WAS VECTORIZED.
/home/AIPS/31DEC16/LNX64/PREP/CPASS.f(11578): (col. 10) remark: LOOP WAS VECTORIZED.
/home/AIPS/31DEC16/LNX64/PREP/CPASS.f(11024): (col. 10) remark: LOOP WAS VECTORIZED.
/home/AIPS/31DEC16/LNX64/PREP/CPASS.f(11043): (col. 15) remark: LOOP WAS VECTORIZED.
/home/AIPS/31DEC16/LNX64/PREP/CPASS.f(11047): (col. 13) remark: LOOP WAS VECTORIZED.
/home/AIPS/31DEC16/LNX64/PREP/CPASS.f(11051): (col. 15) remark: LOOP WAS VECTORIZED.
/home/AIPS/31DEC16/LNX64/PREP/CPASS.f(11051): (col. 15) remark: LOOP WAS VECTORIZED.
/home/AIPS/31DEC16/LNX64/PREP/CPASS.f(11054): (col. 16) remark: LOOP WAS VECTORIZED.
/home/AIPS/31DEC16/LNX64/PREP/CPASS.f(11064): (col. 15) remark: LOOP WAS VECTORIZED.
/home/AIPS/31DEC16/LNX64/PREP/CPASS.f(11069): (col. 16) remark: LOOP WAS VECTORIZED.
/home/AIPS/31DEC16/LNX64/PREP/CPASS.f(11070): (col. 15) remark: LOOP WAS VECTORIZED.
/home/AIPS/31DEC16/LNX64/PREP/CPASS.f(11105): (col. 15) remark: LOOP WAS VECTORIZED.
/home/AIPS/31DEC16/LNX64/PREP/CPASS.f(11106): (col. 15) remark: LOOP WAS VECTORIZED.
/home/AIPS/31DEC16/LNX64/PREP/CPASS.f(11108): (col. 16) remark: LOOP WAS VECTORIZED.
/home/AIPS/31DEC16/LNX64/PREP/CPASS.f(11097): (col. 15) remark: LOOP WAS VECTORIZED.
/home/AIPS/31DEC16/LNX64/PREP/CPASS.f(11099): (col. 16) remark: LOOP WAS VECTORIZED.
/home/AIPS/31DEC16/LNX64/PREP/CPASS.f(11092): (col. 13) remark: LOOP WAS VECTORIZED.
/home/AIPS/31DEC16/LNX64/PREP/CPASS.f(11115): (col. 12) remark: LOOP WAS VECTORIZED.
/home/AIPS/31DEC16/LNX64/PREP/CPASS.f(11129): (col. 10) remark: PARTIAL LOOP WAS VECTORIZED.
/home/AIPS/31DEC16/LNX64/PREP/CPASS.f(11129): (col. 10) remark: PARTIAL LOOP WAS VECTORIZED.
/home/AIPS/31DEC16/LNX64/PREP/CPASS.f(11983): (col. 10) remark: LOOP WAS VECTORIZED.
/home/AIPS/31DEC16/LNX64/PREP/CPASS.f(11374): (col. 10) remark: LOOP WAS VECTORIZED.
/home/AIPS/31DEC16/LNX64/PREP/CPASS.f(11364): (col. 10) remark: LOOP WAS VECTORIZED.
/home/AIPS/31DEC16/LNX64/PREP/CPASS.f(11364): (col. 10) remark: LOOP WAS VECTORIZED.
/home/AIPS/31DEC16/LNX64/PREP/CPASS.f(11369): (col. 26) remark: LOOP WAS VECTORIZED.
/home/AIPS/31DEC16/LNX64/PREP/CPASS.f(11370): (col. 14) remark: LOOP WAS VECTORIZED.
/home/AIPS/31DEC16/LNX64/PREP/CPASS.f(11371): (col. 12) remark: LOOP WAS VECTORIZED.
/home/AIPS/31DEC16/LNX64/PREP/CPASS.f(11342): (col. 10) remark: LOOP WAS VECTORIZED.
/home/AIPS/31DEC16/LNX64/PREP/CPASS.f(11342): (col. 10) remark: LOOP WAS VECTORIZED.
/home/AIPS/31DEC16/LNX64/PREP/CPASS.f(11342): (col. 10) remark: LOOP WAS VECTORIZED.
/home/AIPS/31DEC16/LNX64/PREP/CPASS.f(11342): (col. 10) remark: LOOP WAS VECTORIZED.
/home/AIPS/31DEC16/LNX64/PREP/CPASS.f(11348): (col. 25) remark: LOOP WAS VECTORIZED.
/home/AIPS/31DEC16/LNX64/PREP/CPASS.f(11349): (col. 26) remark: LOOP WAS VECTORIZED.
/home/AIPS/31DEC16/LNX64/PREP/CPASS.f(11352): (col. 26) remark: LOOP WAS VECTORIZED.
/home/AIPS/31DEC16/LNX64/PREP/CPASS.f(11353): (col. 12) remark: LOOP WAS VECTORIZED.
/home/AIPS/31DEC16/LNX64/PREP/CPASS.f(11354): (col. 18) remark: LOOP WAS VECTORIZED.
/home/AIPS/31DEC16/LNX64/PREP/CPASS.f(11358): (col. 12) remark: LOOP WAS VECTORIZED.
/home/AIPS/31DEC16/LNX64/PREP/CPASS.f(1514): (col. 10) remark: PARTIAL LOOP WAS VECTORIZED.
/home/AIPS/31DEC16/LNX64/PREP/CPASS.f(1514): (col. 10) remark: PARTIAL LOOP WAS VECTORIZED.
/home/AIPS/31DEC16/LNX64/PREP/CPASS.f(4085): (col. 10) remark: PARTIAL LOOP WAS VECTORIZED.
/home/AIPS/31DEC16/LNX64/PREP/CPASS.f(4137): (col. 22) remark: PARTIAL LOOP WAS VECTORIZED.
/home/AIPS/31DEC16/LNX64/PREP/CPASS.f(4188): (col. 10) remark: LOOP WAS VECTORIZED.
/home/AIPS/31DEC16/LNX64/PREP/CPASS.f(4198): (col. 12) remark: PARTIAL LOOP WAS VECTORIZED.
/home/AIPS/31DEC16/LNX64/PREP/CPASS.f(4198): (col. 12) remark: PARTIAL LOOP WAS VECTORIZED.
/home/AIPS/31DEC16/LNX64/PREP/CPASS.f(4198): (col. 12) remark: LOOP WAS VECTORIZED.
/home/AIPS/31DEC16/LNX64/PREP/CPASS.f(11393): (col. 10) remark: LOOP WAS VECTORIZED.
/home/AIPS/31DEC16/LNX64/PREP/CPASS.f(11289): (col. 10) remark: LOOP WAS VECTORIZED.
/home/AIPS/31DEC16/LNX64/PREP/CPASS.f(11294): (col. 10) remark: LOOP WAS VECTORIZED.
/home/AIPS/31DEC16/LNX64/PREP/CPASS.f(11147): (col. 10) remark: LOOP WAS VECTORIZED.
/home/AIPS/31DEC16/LNX64/PREP/CPASS.f(10488): (col. 10) remark: PARTIAL LOOP WAS VECTORIZED.
/home/AIPS/31DEC16/LNX64/PREP/CPASS.f(10488): (col. 10) remark: PARTIAL LOOP WAS VECTORIZED.
/home/AIPS/31DEC16/LNX64/PREP/CPASS.f(10548): (col. 16) remark: LOOP WAS VECTORIZED.
/home/AIPS/31DEC16/LNX64/PREP/CPASS.f(8912): (col. 13) remark: LOOP WAS VECTORIZED.
/home/AIPS/31DEC16/LNX64/PREP/CPASS.f(8912): (col. 13) remark: LOOP WAS VECTORIZED.
/home/AIPS/31DEC16/LNX64/PREP/CPASS.f(8912): (col. 13) remark: LOOP WAS VECTORIZED.
/home/AIPS/31DEC16/LNX64/PREP/CPASS.f(8912): (col. 13) remark: LOOP WAS VECTORIZED.
/home/AIPS/31DEC16/LNX64/PREP/CPASS.f(8936): (col. 13) remark: LOOP WAS VECTORIZED.
/home/AIPS/31DEC16/LNX64/PREP/CPASS.f(8936): (col. 13) remark: LOOP WAS VECTORIZED.
/home/AIPS/31DEC16/LNX64/PREP/CPASS.f(8936): (col. 13) remark: LOOP WAS VECTORIZED.
/home/AIPS/31DEC16/LNX64/PREP/CPASS.f(8936): (col. 13) remark: LOOP WAS VECTORIZED.
/home/AIPS/31DEC16/LNX64/PREP/CPASS.f(8549): (col. 10) remark: LOOP WAS VECTORIZED.
/home/AIPS/31DEC16/LNX64/PREP/CPASS.f(8016): (col. 10) remark: LOOP WAS VECTORIZED.
/home/AIPS/31DEC16/LNX64/PREP/CPASS.f(7795): (col. 13) remark: LOOP WAS VECTORIZED.
/home/AIPS/31DEC16/LNX64/PREP/CPASS.f(7808): (col. 16) remark: LOOP WAS VECTORIZED.
/home/AIPS/31DEC16/LNX64/PREP/CPASS.f(7387): (col. 18) remark: cmprm3_ has been targeted for automatic cpu dispatch.
/home/AIPS/31DEC16/LNX64/PREP/CPASS.f(4695): (col. 13) remark: PARTIAL LOOP WAS VECTORIZED.
/home/AIPS/31DEC16/LNX64/PREP/CPASS.f(4695): (col. 13) remark: PARTIAL LOOP WAS VECTORIZED.
/home/AIPS/31DEC16/LNX64/PREP/CPASS.f(4757): (col. 16) remark: LOOP WAS VECTORIZED.
/home/AIPS/31DEC16/LNX64/PREP/CPASS.f(6770): (col. 18) remark: LOOP WAS VECTORIZED.
/home/AIPS/31DEC16/LNX64/PREP/CPASS.f(6770): (col. 18) remark: LOOP WAS VECTORIZED.
/home/AIPS/31DEC16/LNX64/PREP/CPASS.f(11413): (col. 12) remark: LOOP WAS VECTORIZED.
/home/AIPS/31DEC16/LNX64/PREP/CPASS.f(11413): (col. 12) remark: LOOP WAS VECTORIZED.
/home/AIPS/31DEC16/LNX64/PREP/CPASS.f(11413): (col. 12) remark: LOOP WAS VECTORIZED.
/home/AIPS/31DEC16/LNX64/PREP/CPASS.f(11413): (col. 12) remark: LOOP WAS VECTORIZED.
/home/AIPS/31DEC16/LNX64/PREP/CPASS.f(11413): (col. 12) remark: LOOP WAS VECTORIZED.
/home/AIPS/31DEC16/LNX64/PREP/CPASS.f(11444): (col. 10) remark: LOOP WAS VECTORIZED.
/home/AIPS/31DEC16/LNX64/PREP/CPASS.f(11447): (col. 13) remark: LOOP WAS VECTORIZED.
/home/AIPS/31DEC16/LNX64/PREP/CPASS.f(11448): (col. 10) remark: LOOP WAS VECTORIZED.
/home/AIPS/31DEC16/LNX64/PREP/CPASS.f(11427): (col. 10) remark: LOOP WAS VECTORIZED.
/home/AIPS/31DEC16/LNX64/PREP/CPASS.f(11433): (col. 10) remark: LOOP WAS VECTORIZED.
/home/AIPS/31DEC16/LNX64/PREP/CPASS.f(11439): (col. 10) remark: LOOP WAS VECTORIZED.
FC        : Compile of /home/AIPS/31DEC16/LNX64/PREP/CPASS.f
FC        : ends successfully.
FC        : Ends successfully
LINK      : Date is... Thu Mar 23 16:22:28 MDT 2017
LINK      : Interpret  LINK \
LINK      :            /home/AIPS/31DEC16/LNX64/PREP/CPASS.o
LINK      : as         PURGE=TRUE REPLACE=TRUE SAVE=TRUE STRIP=FALSE
LINK      : plus       /opt/intel/fce/10.1.021/bin/ifort \
LINK      :            /home/AIPS/31DEC16/LNX64/PREP/CPASS.o \
LINK      :            /home/AIPS/31DEC16/LNX64/LIBR/QNOT/SUBLIB \ 
LINK      :            /home/AIPS/31DEC16/LNX64/LIBR/APLNOT/SUBLIB \ 
LINK      :            /home/AIPS/31DEC16/LNX64/LIBR/QSUB/SUBLIB \ 
LINK      :            /home/AIPS/31DEC16/LNX64/LIBR/QPSAP/SUBLIB \ 
LINK      :            /home/AIPS/31DEC16/LNX64/LIBR/APLSUB/SUBLIB \ 
LINK      :            -lsvml -Vaxlib -L/usr/local/lib -Xlinker -rpath -Xlinker /home/AIPS/31DEC16/LNX64/LIBR/INTELCMP -O3 -static-libgcc -save -align all -axWPT \
LINK      :            -o /home/AIPS/31DEC16/LNX64/PREP/CPASS.EXE
LINK      : Hardinked  /home/AIPS/31DEC16/LNX64/LOAD/CPASS.EXE
LINK      : to         /home/AIPS/31DEC16/LNX64/LOAD/CPASS.EXE.OLD
LINK      : Deleted    /home/AIPS/31DEC16/LNX64/LOAD/CPASS.EXE
LINK      : Deleted    /home/AIPS/31DEC16/LNX64/LOAD/CPASS.EXE.OLD (boom!)
LINK      : Moved      /home/AIPS/31DEC16/LNX64/PREP/CPASS.EXE
LINK      : to         /home/AIPS/31DEC16/LNX64/LOAD/CPASS.EXE
LINK      : Delete     /home/AIPS/31DEC16/LNX64/PREP/CPASS.o
LINK      : Link of    /home/AIPS/31DEC16/LNX64/PREP/CPASS.o
LINK      : ends successfully.
COMLNK    : Deleted    /home/AIPS/31DEC16/LNX64/PREP/CPASS.f
COMLNK    : Changed    /home/AIPS/31DEC16/Q/PGM/NOTST/CPASS.FOR
COMLNK    : in         /home/AIPS/31DEC16/LNX64/UPDATE/COMLNK.AT
COMLNK    : to         -/home/AIPS/31DEC16/Q/PGM/NOTST/CPASS.FOR
COMLNK    : Date       Thu Mar 23 16:22:28 MDT 2017
PP        : Preprocess /home/AIPS/31DEC16/Y/PGM/NOTST/FTFLG.FOR
PP        : into       /home/AIPS/31DEC16/LNX64/PREP/FTFLG.f
TEST VERSION OF PP
FC        : Date       Thu Mar 23 16:22:29 MDT 2017
FC        : Interpret  FC  \
FC        :            /home/AIPS/31DEC16/LNX64/PREP/FTFLG.f
FC        : as         LIST=FALSE PURGE=FALSE
FC        : plus       /opt/intel/fce/10.1.021/bin/ifort -c -axWPT -w90 -w95 -cm -ip -save -align all -O3 \
FC        :            /home/AIPS/31DEC16/LNX64/PREP/FTFLG.f
/home/AIPS/31DEC16/LNX64/PREP/FTFLG.f(1710): (col. 25) remark: PARTIAL LOOP WAS VECTORIZED.
/home/AIPS/31DEC16/LNX64/PREP/FTFLG.f(1743): (col. 19) remark: PARTIAL LOOP WAS VECTORIZED.
/home/AIPS/31DEC16/LNX64/PREP/FTFLG.f(1878): (col. 25) remark: PARTIAL LOOP WAS VECTORIZED.
/home/AIPS/31DEC16/LNX64/PREP/FTFLG.f(14881): (col. 10) remark: BLOCK WAS VECTORIZED.
/home/AIPS/31DEC16/LNX64/PREP/FTFLG.f(14997): (col. 7) remark: BLOCK WAS VECTORIZED.
/home/AIPS/31DEC16/LNX64/PREP/FTFLG.f(2744): (col. 18) remark: LOOP WAS VECTORIZED.
/home/AIPS/31DEC16/LNX64/PREP/FTFLG.f(2744): (col. 18) remark: LOOP WAS VECTORIZED.
/home/AIPS/31DEC16/LNX64/PREP/FTFLG.f(3834): (col. 10) remark: LOOP WAS VECTORIZED.
/home/AIPS/31DEC16/LNX64/PREP/FTFLG.f(13684): (col. 16) remark: LOOP WAS VECTORIZED.
/home/AIPS/31DEC16/LNX64/PREP/FTFLG.f(13676): (col. 16) remark: LOOP WAS VECTORIZED.
/home/AIPS/31DEC16/LNX64/PREP/FTFLG.f(13833): (col. 19) remark: LOOP WAS VECTORIZED.
/home/AIPS/31DEC16/LNX64/PREP/FTFLG.f(14030): (col. 15) remark: PARTIAL LOOP WAS VECTORIZED.
/home/AIPS/31DEC16/LNX64/PREP/FTFLG.f(6015): (col. 25) remark: LOOP WAS VECTORIZED.
/home/AIPS/31DEC16/LNX64/PREP/FTFLG.f(8726): (col. 34) remark: LOOP WAS VECTORIZED.
/home/AIPS/31DEC16/LNX64/PREP/FTFLG.f(8754): (col. 24) remark: BLOCK WAS VECTORIZED.
/home/AIPS/31DEC16/LNX64/PREP/FTFLG.f(9274): (col. 10) remark: BLOCK WAS VECTORIZED.
/home/AIPS/31DEC16/LNX64/PREP/FTFLG.f(12040): (col. 13) remark: LOOP WAS VECTORIZED.
/home/AIPS/31DEC16/LNX64/PREP/FTFLG.f(14299): (col. 16) remark: PARTIAL LOOP WAS VECTORIZED.
/home/AIPS/31DEC16/LNX64/PREP/FTFLG.f(4537): (col. 13) remark: LOOP WAS VECTORIZED.
/home/AIPS/31DEC16/LNX64/PREP/FTFLG.f(4522): (col. 13) remark: LOOP WAS VECTORIZED.
/home/AIPS/31DEC16/LNX64/PREP/FTFLG.f(3299): (col. 7) remark: BLOCK WAS VECTORIZED.
FC        : Compile of /home/AIPS/31DEC16/LNX64/PREP/FTFLG.f
FC        : ends successfully.
FC        : Ends successfully
LINK      : Date is... Thu Mar 23 16:22:35 MDT 2017
LINK      : Interpret  LINK \
LINK      :            /home/AIPS/31DEC16/LNX64/PREP/FTFLG.o
LINK      : as         PURGE=TRUE REPLACE=TRUE SAVE=TRUE STRIP=FALSE
LINK      : plus       /opt/intel/fce/10.1.021/bin/ifort \
LINK      :            /home/AIPS/31DEC16/LNX64/PREP/FTFLG.o \
LINK      :            /home/AIPS/31DEC16/LNX64/LIBR/YNOT/SUBLIB \ 
LINK      :            /home/AIPS/31DEC16/LNX64/LIBR/APLNOT/SUBLIB \ 
LINK      :            /home/AIPS/31DEC16/LNX64/LIBR/YSUB/SUBLIB \ 
LINK      :            /home/AIPS/31DEC16/LNX64/LIBR/YSS/SUBLIB \ 
LINK      :            /home/AIPS/31DEC16/LNX64/LIBR/APLSUB/SUBLIB \ 
LINK      :            -lsvml -Vaxlib -L/usr/local/lib -Xlinker -rpath -Xlinker /home/AIPS/31DEC16/LNX64/LIBR/INTELCMP -O3 -static-libgcc -save -align all -axWPT \
LINK      :            -o /home/AIPS/31DEC16/LNX64/PREP/FTFLG.EXE
LINK      : Hardinked  /home/AIPS/31DEC16/LNX64/LOAD/FTFLG.EXE
LINK      : to         /home/AIPS/31DEC16/LNX64/LOAD/FTFLG.EXE.OLD
LINK      : Deleted    /home/AIPS/31DEC16/LNX64/LOAD/FTFLG.EXE
LINK      : Deleted    /home/AIPS/31DEC16/LNX64/LOAD/FTFLG.EXE.OLD (boom!)
LINK      : Moved      /home/AIPS/31DEC16/LNX64/PREP/FTFLG.EXE
LINK      : to         /home/AIPS/31DEC16/LNX64/LOAD/FTFLG.EXE
LINK      : Delete     /home/AIPS/31DEC16/LNX64/PREP/FTFLG.o
LINK      : Link of    /home/AIPS/31DEC16/LNX64/PREP/FTFLG.o
LINK      : ends successfully.
COMLNK    : Deleted    /home/AIPS/31DEC16/LNX64/PREP/FTFLG.f
COMLNK    : Changed    /home/AIPS/31DEC16/Y/PGM/NOTST/FTFLG.FOR
COMLNK    : in         /home/AIPS/31DEC16/LNX64/UPDATE/COMLNK.AT
COMLNK    : to         -/home/AIPS/31DEC16/Y/PGM/NOTST/FTFLG.FOR
COMLNK    : Date       Thu Mar 23 16:22:35 MDT 2017
PP        : Preprocess /home/AIPS/31DEC16/Y/PGM/NOTST/SPFLG.FOR
PP        : into       /home/AIPS/31DEC16/LNX64/PREP/SPFLG.f
TEST VERSION OF PP
FC        : Date       Thu Mar 23 16:22:36 MDT 2017
FC        : Interpret  FC  \
FC        :            /home/AIPS/31DEC16/LNX64/PREP/SPFLG.f
FC        : as         LIST=FALSE PURGE=FALSE
FC        : plus       /opt/intel/fce/10.1.021/bin/ifort -c -axWPT -w90 -w95 -cm -ip -save -align all -O3 \
FC        :            /home/AIPS/31DEC16/LNX64/PREP/SPFLG.f
/home/AIPS/31DEC16/LNX64/PREP/SPFLG.f(1703): (col. 25) remark: PARTIAL LOOP WAS VECTORIZED.
/home/AIPS/31DEC16/LNX64/PREP/SPFLG.f(1736): (col. 19) remark: PARTIAL LOOP WAS VECTORIZED.
/home/AIPS/31DEC16/LNX64/PREP/SPFLG.f(1871): (col. 25) remark: PARTIAL LOOP WAS VECTORIZED.
/home/AIPS/31DEC16/LNX64/PREP/SPFLG.f(16373): (col. 10) remark: BLOCK WAS VECTORIZED.
/home/AIPS/31DEC16/LNX64/PREP/SPFLG.f(15164): (col. 10) remark: BLOCK WAS VECTORIZED.
/home/AIPS/31DEC16/LNX64/PREP/SPFLG.f(2768): (col. 18) remark: LOOP WAS VECTORIZED.
/home/AIPS/31DEC16/LNX64/PREP/SPFLG.f(2768): (col. 18) remark: LOOP WAS VECTORIZED.
/home/AIPS/31DEC16/LNX64/PREP/SPFLG.f(3925): (col. 10) remark: LOOP WAS VECTORIZED.
/home/AIPS/31DEC16/LNX64/PREP/SPFLG.f(13953): (col. 16) remark: LOOP WAS VECTORIZED.
/home/AIPS/31DEC16/LNX64/PREP/SPFLG.f(13945): (col. 16) remark: LOOP WAS VECTORIZED.
/home/AIPS/31DEC16/LNX64/PREP/SPFLG.f(14102): (col. 19) remark: LOOP WAS VECTORIZED.
/home/AIPS/31DEC16/LNX64/PREP/SPFLG.f(14299): (col. 15) remark: PARTIAL LOOP WAS VECTORIZED.
/home/AIPS/31DEC16/LNX64/PREP/SPFLG.f(6121): (col. 25) remark: LOOP WAS VECTORIZED.
/home/AIPS/31DEC16/LNX64/PREP/SPFLG.f(8893): (col. 34) remark: LOOP WAS VECTORIZED.
/home/AIPS/31DEC16/LNX64/PREP/SPFLG.f(8921): (col. 24) remark: BLOCK WAS VECTORIZED.
/home/AIPS/31DEC16/LNX64/PREP/SPFLG.f(9440): (col. 10) remark: BLOCK WAS VECTORIZED.
/home/AIPS/31DEC16/LNX64/PREP/SPFLG.f(12309): (col. 13) remark: LOOP WAS VECTORIZED.
/home/AIPS/31DEC16/LNX64/PREP/SPFLG.f(14569): (col. 16) remark: PARTIAL LOOP WAS VECTORIZED.
/home/AIPS/31DEC16/LNX64/PREP/SPFLG.f(4634): (col. 13) remark: LOOP WAS VECTORIZED.
/home/AIPS/31DEC16/LNX64/PREP/SPFLG.f(4619): (col. 13) remark: LOOP WAS VECTORIZED.
/home/AIPS/31DEC16/LNX64/PREP/SPFLG.f(3383): (col. 7) remark: BLOCK WAS VECTORIZED.
FC        : Compile of /home/AIPS/31DEC16/LNX64/PREP/SPFLG.f
FC        : ends successfully.
FC        : Ends successfully
LINK      : Date is... Thu Mar 23 16:22:43 MDT 2017
LINK      : Interpret  LINK \
LINK      :            /home/AIPS/31DEC16/LNX64/PREP/SPFLG.o
LINK      : as         PURGE=TRUE REPLACE=TRUE SAVE=TRUE STRIP=FALSE
LINK      : plus       /opt/intel/fce/10.1.021/bin/ifort \
LINK      :            /home/AIPS/31DEC16/LNX64/PREP/SPFLG.o \
LINK      :            /home/AIPS/31DEC16/LNX64/LIBR/YNOT/SUBLIB \ 
LINK      :            /home/AIPS/31DEC16/LNX64/LIBR/APLNOT/SUBLIB \ 
LINK      :            /home/AIPS/31DEC16/LNX64/LIBR/YSUB/SUBLIB \ 
LINK      :            /home/AIPS/31DEC16/LNX64/LIBR/YSS/SUBLIB \ 
LINK      :            /home/AIPS/31DEC16/LNX64/LIBR/APLSUB/SUBLIB \ 
LINK      :            -lsvml -Vaxlib -L/usr/local/lib -Xlinker -rpath -Xlinker /home/AIPS/31DEC16/LNX64/LIBR/INTELCMP -O3 -static-libgcc -save -align all -axWPT \
LINK      :            -o /home/AIPS/31DEC16/LNX64/PREP/SPFLG.EXE
LINK      : Hardinked  /home/AIPS/31DEC16/LNX64/LOAD/SPFLG.EXE
LINK      : to         /home/AIPS/31DEC16/LNX64/LOAD/SPFLG.EXE.OLD
LINK      : Deleted    /home/AIPS/31DEC16/LNX64/LOAD/SPFLG.EXE
LINK      : Deleted    /home/AIPS/31DEC16/LNX64/LOAD/SPFLG.EXE.OLD (boom!)
LINK      : Moved      /home/AIPS/31DEC16/LNX64/PREP/SPFLG.EXE
LINK      : to         /home/AIPS/31DEC16/LNX64/LOAD/SPFLG.EXE
LINK      : Delete     /home/AIPS/31DEC16/LNX64/PREP/SPFLG.o
LINK      : Link of    /home/AIPS/31DEC16/LNX64/PREP/SPFLG.o
LINK      : ends successfully.
COMLNK    : Deleted    /home/AIPS/31DEC16/LNX64/PREP/SPFLG.f
COMLNK    : Changed    /home/AIPS/31DEC16/Y/PGM/NOTST/SPFLG.FOR
COMLNK    : in         /home/AIPS/31DEC16/LNX64/UPDATE/COMLNK.AT
COMLNK    : to         -/home/AIPS/31DEC16/Y/PGM/NOTST/SPFLG.FOR
COMLNK    : Date       Thu Mar 23 16:22:43 MDT 2017
PP        : Preprocess /home/AIPS/31DEC16/Y/PGM/NOTST/UVPLT.FOR
PP        : into       /home/AIPS/31DEC16/LNX64/PREP/UVPLT.f
TEST VERSION OF PP
FC        : Date       Thu Mar 23 16:22:44 MDT 2017
FC        : Interpret  FC  \
FC        :            /home/AIPS/31DEC16/LNX64/PREP/UVPLT.f
FC        : as         LIST=FALSE PURGE=FALSE
FC        : plus       /opt/intel/fce/10.1.021/bin/ifort -c -axWPT -w90 -w95 -cm -ip -save -align all -O3 \
FC        :            /home/AIPS/31DEC16/LNX64/PREP/UVPLT.f
FC        : Compile of /home/AIPS/31DEC16/LNX64/PREP/UVPLT.f
FC        : ends successfully.
FC        : Ends successfully
LINK      : Date is... Thu Mar 23 16:22:45 MDT 2017
LINK      : Interpret  LINK \
LINK      :            /home/AIPS/31DEC16/LNX64/PREP/UVPLT.o
LINK      : as         PURGE=TRUE REPLACE=TRUE SAVE=TRUE STRIP=FALSE
LINK      : plus       /opt/intel/fce/10.1.021/bin/ifort \
LINK      :            /home/AIPS/31DEC16/LNX64/PREP/UVPLT.o \
LINK      :            /home/AIPS/31DEC16/LNX64/LIBR/YNOT/SUBLIB \ 
LINK      :            /home/AIPS/31DEC16/LNX64/LIBR/APLNOT/SUBLIB \ 
LINK      :            /home/AIPS/31DEC16/LNX64/LIBR/YSUB/SUBLIB \ 
LINK      :            /home/AIPS/31DEC16/LNX64/LIBR/YSS/SUBLIB \ 
LINK      :            /home/AIPS/31DEC16/LNX64/LIBR/APLSUB/SUBLIB \ 
LINK      :            -lsvml -Vaxlib -L/usr/local/lib -Xlinker -rpath -Xlinker /home/AIPS/31DEC16/LNX64/LIBR/INTELCMP -O3 -static-libgcc -save -align all -axWPT \
LINK      :            -o /home/AIPS/31DEC16/LNX64/PREP/UVPLT.EXE
LINK      : Hardinked  /home/AIPS/31DEC16/LNX64/LOAD/UVPLT.EXE
LINK      : to         /home/AIPS/31DEC16/LNX64/LOAD/UVPLT.EXE.OLD
LINK      : Deleted    /home/AIPS/31DEC16/LNX64/LOAD/UVPLT.EXE
LINK      : Deleted    /home/AIPS/31DEC16/LNX64/LOAD/UVPLT.EXE.OLD (boom!)
LINK      : Moved      /home/AIPS/31DEC16/LNX64/PREP/UVPLT.EXE
LINK      : to         /home/AIPS/31DEC16/LNX64/LOAD/UVPLT.EXE
LINK      : Delete     /home/AIPS/31DEC16/LNX64/PREP/UVPLT.o
LINK      : Link of    /home/AIPS/31DEC16/LNX64/PREP/UVPLT.o
LINK      : ends successfully.
COMLNK    : Deleted    /home/AIPS/31DEC16/LNX64/PREP/UVPLT.f
COMLNK    : Changed    /home/AIPS/31DEC16/Y/PGM/NOTST/UVPLT.FOR
COMLNK    : in         /home/AIPS/31DEC16/LNX64/UPDATE/COMLNK.AT
COMLNK    : to         -/home/AIPS/31DEC16/Y/PGM/NOTST/UVPLT.FOR
COMLNK    : Ends successfully
