COMRPL    : Date       Thu Mar 23 16:22:07 MDT 2017
PP        : Preprocess /home/AIPS/31DEC16/APL/SUB/NOTST/FNDSPX.FOR
PP        : into       /home/AIPS/31DEC16/LNX64/PREP/FNDSPX.f
TEST VERSION OF PP
FC        : Date       Thu Mar 23 16:22:07 MDT 2017
FC        : Interpret  FC NOPURGE  \
FC        :            /home/AIPS/31DEC16/LNX64/PREP/FNDSPX.f
FC        : as         LIST=FALSE PURGE=FALSE
FC        : plus       /opt/intel/fce/10.1.021/bin/ifort -c -axWPT -w90 -w95 -cm -ip -save -align all -O3 \
FC        :            /home/AIPS/31DEC16/LNX64/PREP/FNDSPX.f
FC        : Compile of /home/AIPS/31DEC16/LNX64/PREP/FNDSPX.f
FC        : ends successfully.
FC        : Ends successfully
COMRPL    : stash /home/AIPS/31DEC16/LNX64/PREP/FNDSPX.o
COMRPL    : in    /home/AIPS/31DEC16/LNX64/PREP/FNDSPX.TEMP
COMRPL    : Now redo in debug mode
FC        : Date       Thu Mar 23 16:22:08 MDT 2017
FC        : Interpret  FC NOOPT DEBUGNOPURGE  \
FC        :            /home/AIPS/31DEC16/LNX64/PREP/FNDSPX.f
FC        : as         LIST=FALSE PURGE=FALSE
FC        : plus       /opt/intel/fce/10.1.021/bin/ifort -c -axWPT -w90 -w95 -cm -ip -save -align all -O0 -g \
FC        :            /home/AIPS/31DEC16/LNX64/PREP/FNDSPX.f
FC        : Compile of /home/AIPS/31DEC16/LNX64/PREP/FNDSPX.f
FC        : ends successfully.
FC        : Ends successfully
COMRPL    : move to /home/AIPS/31DEC16/LNX64/PREP/FNDSPX.DEBUG
COMRPL    : unstash /home/AIPS/31DEC16/LNX64/PREP/FNDSPX.o
COMRPL    : Copied     /home/AIPS/31DEC16/LNX64/PREP/FNDSPX.DEBUG
COMRPL    : to         /home/AIPS/31DEC16/LNX64/LIBRDBG/APLNOT/FNDSPX.o
COMRPL    : Copied     /home/AIPS/31DEC16/LNX64/PREP/FNDSPX.o
COMRPL    : to         /home/AIPS/31DEC16/LNX64/LIBR/APLNOT
COMRPL    : Removed    /home/AIPS/31DEC16/LNX64/PREP/FNDSPX.o
COMRPL    : and        /home/AIPS/31DEC16/LNX64/PREP/FNDSPX.DEBUG
COMRPL    : Delete     /home/AIPS/31DEC16/LNX64/PREP/FNDSPX.LOG
COMRPL    : Changed    /home/AIPS/31DEC16/APL/SUB/NOTST/FNDSPX.FOR
COMRPL    : in         /home/AIPS/31DEC16/LNX64/UPDATE/COMRPL.AT
COMRPL    : to         -/home/AIPS/31DEC16/APL/SUB/NOTST/FNDSPX.FOR
COMRPL    : Ends successfully
