AIPSUPD - NOTE: if NFS copying fails, will NOT use SECURE SHELL.
UPDCOPYSUB: Copied /home/AIPS/31DEC16/LINUX/UPDATE/LASTGOOD.DAT
UPDCOPYSUB: to     rishi:/home/AIPS/31DEC16/LNX64/UPDATE/LASTGOOD.DAT.dave
UPDCONTROL - But /home/AIPS/31DEC16/LNX64/UPDATE/LASTGOOD.DAT.dave
UPDCONTROL - is the same as /home/AIPS/31DEC16/LNX64/UPDATE/COMLNK.DAT.
UPDCONTROL - Will wait 30 minutes and try again.
UPDCOPYSUB: Copied /home/AIPS/31DEC16/LINUX/UPDATE/LASTGOOD.DAT
UPDCOPYSUB: to     rishi:/home/AIPS/31DEC16/LNX64/UPDATE/LASTGOOD.DAT.dave
UPDCONTROL - But /home/AIPS/31DEC16/LNX64/UPDATE/LASTGOOD.DAT.dave
UPDCONTROL - is the same as /home/AIPS/31DEC16/LNX64/UPDATE/COMLNK.DAT.
UPDCONTROL - Will wait 30 minutes and try again.
UPDCOPYSUB: Copied /home/AIPS/31DEC16/LINUX/UPDATE/LASTGOOD.DAT
UPDCOPYSUB: to     rishi:/home/AIPS/31DEC16/LNX64/UPDATE/LASTGOOD.DAT.dave
UPDCONTROL - But /home/AIPS/31DEC16/LNX64/UPDATE/LASTGOOD.DAT.dave
UPDCONTROL - is the same as /home/AIPS/31DEC16/LNX64/UPDATE/COMLNK.DAT.
UPDCONTROL - Will wait 30 minutes and try again.
UPDCOPYSUB: Copied /home/AIPS/31DEC16/LINUX/UPDATE/LASTGOOD.DAT
UPDCOPYSUB: to     rishi:/home/AIPS/31DEC16/LNX64/UPDATE/LASTGOOD.DAT.dave
UPDCONTROL - But /home/AIPS/31DEC16/LNX64/UPDATE/LASTGOOD.DAT.dave
UPDCONTROL - is the same as /home/AIPS/31DEC16/LNX64/UPDATE/COMLNK.DAT.
UPDCONTROL - Will wait 30 minutes and try again.
UPDCOPYSUB: Copied /home/AIPS/31DEC16/LINUX/UPDATE/LASTGOOD.DAT
UPDCOPYSUB: to     rishi:/home/AIPS/31DEC16/LNX64/UPDATE/LASTGOOD.DAT.dave
UPDCONTROL - But /home/AIPS/31DEC16/LNX64/UPDATE/LASTGOOD.DAT.dave
UPDCONTROL - is the same as /home/AIPS/31DEC16/LNX64/UPDATE/COMLNK.DAT.
UPDCONTROL - Will wait 30 minutes and try again.
UPDCONTROL - Tried 5 times to get LASTGOOD.DAT from dave
UPDCONTROL - It's either identical to COMLNK.DAT here or the copy attempts failed
UPDCONTROL - Status is FAILED, exiting with abnormal error code
AIPSUPD - UPDCONTROL failed, Status=1.
